#
# There is insufficient memory for the Java Runtime Environment to continue.
# Native memory allocation (mmap) failed to map 65536 bytes. Error detail: Failed to commit metaspace.
# Possible reasons:
#   The system is out of physical RAM or swap space
#   This process is running with CompressedOops enabled, and the Java Heap may be blocking the growth of the native heap
# Possible solutions:
#   Reduce memory load on the system
#   Increase physical memory or swap space
#   Check if swap backing store is full
#   Decrease Java heap size (-Xmx/-Xms)
#   Decrease number of Java threads
#   Decrease Java thread stack sizes (-Xss)
#   Set larger code cache with -XX:ReservedCodeCacheSize=
#   JVM is running with Unscaled Compressed Oops mode in which the Java heap is
#     placed in the first 4GB address space. The Java Heap base address is the
#     maximum limit for the native heap growth. Please use -XX:HeapBaseMinAddress
#     to set the Java Heap base and to place the Java Heap above 4GB virtual address.
# This output file may be truncated or incomplete.
#
#  Out of Memory Error (virtualSpaceNode.cpp:110), pid=12416, tid=9804
#
# JRE version: OpenJDK Runtime Environment Temurin-17.0.13+11 (17.0.13+11) (build 17.0.13+11)
# Java VM: OpenJDK 64-Bit Server VM Temurin-17.0.13+11 (17.0.13+11, mixed mode, tiered, compressed oops, compressed class ptrs, parallel gc, windows-amd64)
# No core dump will be written. Minidumps are not enabled by default on client versions of Windows
#

---------------  S U M M A R Y ------------

Command Line: --add-modules=ALL-SYSTEM --add-opens=java.base/java.util=ALL-UNNAMED --add-opens=java.base/java.lang=ALL-UNNAMED --add-opens=java.base/sun.nio.fs=ALL-UNNAMED -Declipse.application=org.eclipse.jdt.ls.core.id1 -Dosgi.bundles.defaultStartLevel=4 -Declipse.product=org.eclipse.jdt.ls.core.product -Djava.import.generatesMetadataFilesAtProjectRoot=false -DDetectVMInstallationsJob.disabled=true -Dfile.encoding=utf8 -XX:+UseParallelGC -XX:GCTimeRatio=4 -XX:AdaptiveSizePolicyWeight=90 -Dsun.zip.disableMemoryMapping=true -Xmx1G -Xms100m -Xlog:disable -javaagent:c:\Users\Grafin\.vscode\extensions\redhat.java-1.38.0-win32-x64\lombok\lombok-1.18.34.jar -XX:+HeapDumpOnOutOfMemoryError -XX:HeapDumpPath=c:\Users\Grafin\AppData\Roaming\Code\User\workspaceStorage\d75267737fc2299de4f02e53e9170fb4\redhat.java -Daether.dependencyCollector.impl=bf c:\Users\Grafin\.vscode\extensions\redhat.java-1.38.0-win32-x64\server\plugins\org.eclipse.equinox.launcher_1.6.900.v20240613-2009.jar -configuration c:\Users\Grafin\AppData\Roaming\Code\User\globalStorage\redhat.java\1.38.0\config_win -data c:\Users\Grafin\AppData\Roaming\Code\User\workspaceStorage\d75267737fc2299de4f02e53e9170fb4\redhat.java\jdt_ws --pipe=\\.\pipe\lsp-8944a8d1153c5fa03a43e3e8df41a8ea-sock

Host: Intel(R) Core(TM) i5-3550 CPU @ 3.30GHz, 4 cores, 11G,  Windows 10 , 64 bit Build 19041 (10.0.19041.2364)
Time: Wed Jan 22 10:56:32 2025 Sri Lanka Standard Time elapsed time: 3.441944 seconds (0d 0h 0m 3s)

---------------  T H R E A D  ---------------

Current thread (0x0000022b5cb7c6d0):  JavaThread "main" [_thread_in_vm, id=9804, stack(0x000000392e700000,0x000000392e800000)]

Stack: [0x000000392e700000,0x000000392e800000]
Native frames: (J=compiled Java code, j=interpreted, Vv=VM code, C=native code)
V  [jvm.dll+0x682a19]
V  [jvm.dll+0x839538]
V  [jvm.dll+0x83afe3]
V  [jvm.dll+0x83b653]
V  [jvm.dll+0x24704f]
V  [jvm.dll+0x83530d]
V  [jvm.dll+0x62762e]
V  [jvm.dll+0x1bf044]
V  [jvm.dll+0x629f9f]
V  [jvm.dll+0x627ff6]
V  [jvm.dll+0x36d772]
V  [jvm.dll+0x1e0a3b]
V  [jvm.dll+0x546144]
V  [jvm.dll+0x7b3058]
V  [jvm.dll+0x7b3144]
V  [jvm.dll+0x412703]
V  [jvm.dll+0x419229]
C  [java.dll+0x17ec]

Java frames: (J=compiled Java code, j=interpreted, Vv=VM code)
J 861  java.lang.ClassLoader.defineClass1(Ljava/lang/ClassLoader;Ljava/lang/String;[BIILjava/security/ProtectionDomain;Ljava/lang/String;)Ljava/lang/Class; java.base@17.0.13 (0 bytes) @ 0x0000022b6734dc5b [0x0000022b6734dba0+0x00000000000000bb]
j  java.lang.System$2.defineClass(Ljava/lang/ClassLoader;Ljava/lang/String;[BLjava/security/ProtectionDomain;Ljava/lang/String;)Ljava/lang/Class;+10 java.base@17.0.13
j  jdk.internal.reflect.ClassDefiner.defineClass(Ljava/lang/String;[BIILjava/lang/ClassLoader;)Ljava/lang/Class;+27 java.base@17.0.13
j  jdk.internal.reflect.MethodAccessorGenerator$1.run()Ljdk/internal/reflect/MagicAccessorImpl;+21 java.base@17.0.13
j  jdk.internal.reflect.MethodAccessorGenerator$1.run()Ljava/lang/Object;+1 java.base@17.0.13
J 2183 c1 java.security.AccessController.doPrivileged(Ljava/security/PrivilegedAction;)Ljava/lang/Object; java.base@17.0.13 (9 bytes) @ 0x0000022b5fc23ebc [0x0000022b5fc23d60+0x000000000000015c]
j  jdk.internal.reflect.MethodAccessorGenerator.generate(Ljava/lang/Class;Ljava/lang/String;[Ljava/lang/Class;Ljava/lang/Class;[Ljava/lang/Class;IZZLjava/lang/Class;)Ljdk/internal/reflect/MagicAccessorImpl;+755 java.base@17.0.13
j  jdk.internal.reflect.MethodAccessorGenerator.generateMethod(Ljava/lang/Class;Ljava/lang/String;[Ljava/lang/Class;Ljava/lang/Class;[Ljava/lang/Class;I)Ljdk/internal/reflect/MethodAccessor;+13 java.base@17.0.13
j  jdk.internal.reflect.NativeMethodAccessorImpl.invoke(Ljava/lang/Object;[Ljava/lang/Object;)Ljava/lang/Object;+101 java.base@17.0.13
J 1264 c1 jdk.internal.reflect.DelegatingMethodAccessorImpl.invoke(Ljava/lang/Object;[Ljava/lang/Object;)Ljava/lang/Object; java.base@17.0.13 (10 bytes) @ 0x0000022b5fa4943c [0x0000022b5fa49340+0x00000000000000fc]
J 1265 c1 java.lang.reflect.Method.invoke(Ljava/lang/Object;[Ljava/lang/Object;)Ljava/lang/Object; java.base@17.0.13 (65 bytes) @ 0x0000022b5fa49b14 [0x0000022b5fa49800+0x0000000000000314]
j  org.eclipse.core.runtime.internal.adaptor.DefaultStartupMonitor.update()V+16
j  org.eclipse.core.runtime.adaptor.EclipseStarter.updateSplash(Ljava/util/concurrent/Semaphore;Lorg/eclipse/core/runtime/adaptor/EclipseStarter$StartupEventListener;)V+40
j  org.eclipse.core.runtime.adaptor.EclipseStarter.setStartLevel(I)V+66
j  org.eclipse.core.runtime.adaptor.EclipseStarter.startup([Ljava/lang/String;Ljava/lang/Runnable;)Lorg/osgi/framework/BundleContext;+218
j  org.eclipse.core.runtime.adaptor.EclipseStarter.run([Ljava/lang/String;Ljava/lang/Runnable;)Ljava/lang/Object;+21
v  ~StubRoutines::call_stub
j  jdk.internal.reflect.NativeMethodAccessorImpl.invoke0(Ljava/lang/reflect/Method;Ljava/lang/Object;[Ljava/lang/Object;)Ljava/lang/Object;+0 java.base@17.0.13
j  jdk.internal.reflect.NativeMethodAccessorImpl.invoke(Ljava/lang/Object;[Ljava/lang/Object;)Ljava/lang/Object;+133 java.base@17.0.13
j  jdk.internal.reflect.DelegatingMethodAccessorImpl.invoke(Ljava/lang/Object;[Ljava/lang/Object;)Ljava/lang/Object;+6 java.base@17.0.13
j  java.lang.reflect.Method.invoke(Ljava/lang/Object;[Ljava/lang/Object;)Ljava/lang/Object;+59 java.base@17.0.13
j  org.eclipse.equinox.launcher.Main.invokeFramework([Ljava/lang/String;[Ljava/net/URL;)V+202
j  org.eclipse.equinox.launcher.Main.basicRun([Ljava/lang/String;)V+159
j  org.eclipse.equinox.launcher.Main.run([Ljava/lang/String;)I+4
j  org.eclipse.equinox.launcher.Main.main([Ljava/lang/String;)V+10
v  ~StubRoutines::call_stub

Compiled method (n/a)    3484  861     n 0       java.lang.ClassLoader::defineClass1 (native)
 total in heap  [0x0000022b6734da10,0x0000022b6734de68] = 1112
 relocation     [0x0000022b6734db68,0x0000022b6734db98] = 48
 main code      [0x0000022b6734dba0,0x0000022b6734de68] = 712

[Constant Pool (empty)]

[MachCode]
[Entry Point]
  # {method} {0x0000022b7101de70} 'defineClass1' '(Ljava/lang/ClassLoader;Ljava/lang/String;[BIILjava/security/ProtectionDomain;Ljava/lang/String;)Ljava/lang/Class;' in 'java/lang/ClassLoader'
  # parm0:    rdx:rdx   = 'java/lang/ClassLoader'
  # parm1:    r8:r8     = 'java/lang/String'
  # parm2:    r9:r9     = '[B'
  # parm3:    rdi       = int
  # parm4:    rsi       = int
  # parm5:    rcx:rcx   = 'java/security/ProtectionDomain'
  # parm6:    [sp+0xa0]   = 'java/lang/String'  (sp of caller)
  0x0000022b6734dba0: 448b 5208 | 49c1 e203 | 493b c20f | 8407 0000 

  0x0000022b6734dbb0: ;   {runtime_call ic_miss_stub}
  0x0000022b6734dbb0: 00e9 ca31 | a5ff 6690 
[Verified Entry Point]
  0x0000022b6734dbb8: 8984 2400 | 90ff ff55 | 488b ec48 | 81ec 9000 | 0000 4881 | 7d10 0000 | 0000 488d | 4510 480f 
  0x0000022b6734dbd8: 4445 1048 | 8944 2440 | 4889 4c24 | 7048 83f9 | 0048 8d44 | 2470 480f | 4444 2470 | 4889 4424 
  0x0000022b6734dbf8: 3848 8974 | 2430 4889 | 7c24 284c | 894c 2458 | 4983 f900 | 488d 4424 | 5848 0f44 | 4424 5848 
  0x0000022b6734dc18: 8944 2420 | 4c89 4424 | 5049 83f8 | 004c 8d4c | 2450 4c0f | 444c 2450 | 4889 5424 | 4848 83fa 
  0x0000022b6734dc38: 004c 8d44 | 2448 4c0f | 4444 2448 

  0x0000022b6734dc44: ;   {oop(a 'java/lang/Class'{0x00000000c01b7db8} = 'java/lang/ClassLoader')}
  0x0000022b6734dc44: 49be b87d | 1bc0 0000 | 0000 4c89 | 7424 784c | 8d74 2478 | 498b d6c5 

  0x0000022b6734dc5c: ;   {internal_word}
  0x0000022b6734dc5c: f877 49ba | 5bdc 3467 | 2b02 0000 | 4d89 97a0 | 0200 0049 | 89a7 9802 

  0x0000022b6734dc74: ;   {external_word}
  0x0000022b6734dc74: 0000 49ba | 7ec6 0c3c | f97f 0000 | 4180 3a00 | 0f84 5200 | 0000 5241 

  0x0000022b6734dc8c: ;   {metadata({method} {0x0000022b7101de70} 'defineClass1' '(Ljava/lang/ClassLoader;Ljava/lang/String;[BIILjava/security/ProtectionDomain;Ljava/lang/String;)Ljava/lang/Class;' in 'java/lang/ClassLoader')}
  0x0000022b6734dc8c: 5041 5148 | ba68 de01 | 712b 0200 | 0049 8bcf | 4883 ec20 | f7c4 0f00 | 0000 0f84 | 1a00 0000 
  0x0000022b6734dcac: 4883 ec08 

  0x0000022b6734dcb0: ;   {runtime_call}
  0x0000022b6734dcb0: 49ba 6086 | c23b f97f | 0000 41ff | d248 83c4 | 08e9 0d00 

  0x0000022b6734dcc4: ;   {runtime_call}
  0x0000022b6734dcc4: 0000 49ba | 6086 c23b | f97f 0000 | 41ff d248 | 83c4 2041 | 5941 585a | 498d 8fb8 | 0200 0041 
  0x0000022b6734dce4: c787 4803 | 0000 0400 

  0x0000022b6734dcec: ;   {runtime_call}
  0x0000022b6734dcec: 0000 49ba | ac16 b8ad | f97f 0000 | 41ff d2c5 | f877 41c7 | 8748 0300 | 0005 0000 | 00f0 8344 
  0x0000022b6734dd0c: 24c0 0049 | 3baf 5003 | 0000 0f87 | 1100 0000 | 4181 bf38 | 0300 0000 | 0000 000f | 842c 0000 
  0x0000022b6734dd2c: 00c5 f877 | 4889 45f8 | 498b cf4c | 8be4 4883 | ec20 4883 

  0x0000022b6734dd40: ;   {runtime_call}
  0x0000022b6734dd40: e4f0 49ba | b094 d23b | f97f 0000 | 41ff d249 | 8be4 4d33 | e448 8b45 | f841 c787 | 4803 0000 
  0x0000022b6734dd60: 0800 0000 | 4181 bfb8 | 0300 0002 | 0000 000f | 84c5 0000 

  0x0000022b6734dd74: ;   {external_word}
  0x0000022b6734dd74: 0049 ba7e | c60c 3cf9 | 7f00 0041 | 803a 000f | 8450 0000 | 0048 8945 

  0x0000022b6734dd8c: ;   {metadata({method} {0x0000022b7101de70} 'defineClass1' '(Ljava/lang/ClassLoader;Ljava/lang/String;[BIILjava/security/ProtectionDomain;Ljava/lang/String;)Ljava/lang/Class;' in 'java/lang/ClassLoader')}
  0x0000022b6734dd8c: f848 ba68 | de01 712b | 0200 0049 | 8bcf 4883 | ec20 f7c4 | 0f00 0000 | 0f84 1a00 | 0000 4883 
  0x0000022b6734ddac: ;   {runtime_call}
  0x0000022b6734ddac: ec08 49ba | 6086 c23b | f97f 0000 | 41ff d248 | 83c4 08e9 | 0d00 0000 

  0x0000022b6734ddc4: ;   {runtime_call}
  0x0000022b6734ddc4: 49ba 6086 | c23b f97f | 0000 41ff | d248 83c4 | 2048 8b45 | f849 c787 | 9802 0000 | 0000 0000 
  0x0000022b6734dde4: 49c7 87a0 | 0200 0000 | 0000 00c5 | f877 4885 | c00f 8419 | 0000 0048 | f7c0 0100 | 0000 0f84 
  0x0000022b6734de04: 0900 0000 | 488b 40ff | e903 0000 | 0048 8b00 | 498b 8fd8 | 0000 00c7 | 8100 0100 | 0000 0000 
  0x0000022b6734de24: 00c9 4981 | 7f08 0000 | 0000 0f85 | 0100 0000 

  0x0000022b6734de34: ;   {runtime_call StubRoutines (1)}
  0x0000022b6734de34: c3e9 c630 | a0ff c5f8 | 7748 8945 | f84c 8be4 | 4883 ec20 | 4883 e4f0 

  0x0000022b6734de4c: ;   {runtime_call}
  0x0000022b6734de4c: 49ba 80b7 | c23b f97f | 0000 41ff | d249 8be4 | 4d33 e448 | 8b45 f8e9 | 0dff ffff 
[/MachCode]


Compiled method (c1)    3490 2183       3       java.security.AccessController::doPrivileged (9 bytes)
 total in heap  [0x0000022b5fc23b90,0x0000022b5fc241b8] = 1576
 relocation     [0x0000022b5fc23ce8,0x0000022b5fc23d50] = 104
 main code      [0x0000022b5fc23d60,0x0000022b5fc24020] = 704
 stub code      [0x0000022b5fc24020,0x0000022b5fc24078] = 88
 metadata       [0x0000022b5fc24078,0x0000022b5fc24090] = 24
 scopes data    [0x0000022b5fc24090,0x0000022b5fc24110] = 128
 scopes pcs     [0x0000022b5fc24110,0x0000022b5fc241a0] = 144
 dependencies   [0x0000022b5fc241a0,0x0000022b5fc241a8] = 8
 nul chk table  [0x0000022b5fc241a8,0x0000022b5fc241b8] = 16

[Constant Pool (empty)]

[MachCode]
[Verified Entry Point]
  # {method} {0x0000022b710303d0} 'doPrivileged' '(Ljava/security/PrivilegedAction;)Ljava/lang/Object;' in 'java/security/AccessController'
  # parm0:    rdx:rdx   = 'java/security/PrivilegedAction'
  #           [sp+0x70]  (sp of caller)
  0x0000022b5fc23d60: 8984 2400 | 90ff ff55 | 4883 ec60 

  0x0000022b5fc23d6c: ;   {metadata(method data for {method} {0x0000022b710303d0} 'doPrivileged' '(Ljava/security/PrivilegedAction;)Ljava/lang/Object;' in 'java/security/AccessController')}
  0x0000022b5fc23d6c: 48be 70d8 | 7c71 2b02 | 0000 8bbe | cc00 0000 | 83c7 0289 | becc 0000 | 0081 e7fe | 0700 0083 
  0x0000022b5fc23d8c: ff00 0f84 | c401 0000 | 4889 5424 

  0x0000022b5fc23d98: ;   {metadata(method data for {method} {0x0000022b710303d0} 'doPrivileged' '(Ljava/security/PrivilegedAction;)Ljava/lang/Object;' in 'java/security/AccessController')}
  0x0000022b5fc23d98: 4048 be70 | d87c 712b | 0200 0048 | 8386 1001 | 0000 010f 

  0x0000022b5fc23dac: ;   {static_call}
  0x0000022b5fc23dac: 1f40 00e8 

  0x0000022b5fc23db0: ; ImmutableOopMap {[64]=Oop }
                      ;*invokestatic getCallerClass {reexecute=0 rethrow=0 return_oop=0}
                      ; - java.security.AccessController::doPrivileged@2
  0x0000022b5fc23db0: 8457 6e07 

  0x0000022b5fc23db4: ;   {metadata(method data for {method} {0x0000022b710303d0} 'doPrivileged' '(Ljava/security/PrivilegedAction;)Ljava/lang/Object;' in 'java/security/AccessController')}
  0x0000022b5fc23db4: 48ba 70d8 | 7c71 2b02 | 0000 4883 | 8220 0100 

  0x0000022b5fc23dc4: ;   {metadata(method data for {method} {0x0000022b71030ef0} 'executePrivileged' '(Ljava/security/PrivilegedAction;Ljava/security/AccessControlContext;Ljava/lang/Class;)Ljava/lang/Object;' in 'java/security/AccessController')}
  0x0000022b5fc23dc4: 0001 48ba | e0d9 7c71 | 2b02 0000 | 8bb2 cc00 | 0000 83c6 | 0289 b2cc | 0000 0081 | e6fe ff1f 
  0x0000022b5fc23de4: 0083 fe00 | 0f84 8b01 

  0x0000022b5fc23dec: ;   {metadata(method data for {method} {0x0000022b71030ef0} 'executePrivileged' '(Ljava/security/PrivilegedAction;Ljava/security/AccessControlContext;Ljava/lang/Class;)Ljava/lang/Object;' in 'java/security/AccessController')}
  0x0000022b5fc23dec: 0000 48ba | e0d9 7c71 | 2b02 0000 | ff82 1001 

  0x0000022b5fc23dfc: ;   {metadata(method data for {method} {0x0000022b71030ef0} 'executePrivileged' '(Ljava/security/PrivilegedAction;Ljava/security/AccessControlContext;Ljava/lang/Class;)Ljava/lang/Object;' in 'java/security/AccessController')}
  0x0000022b5fc23dfc: 0000 48ba | e0d9 7c71 | 2b02 0000 | ff82 4001 | 0000 4889 | 4424 4848 | 8b54 2440 

  0x0000022b5fc23e18: ; implicit exception: dispatches to 0x0000022b5fc23f9a
  0x0000022b5fc23e18: 483b 0248 

  0x0000022b5fc23e1c: ;   {metadata(method data for {method} {0x0000022b71030ef0} 'executePrivileged' '(Ljava/security/PrivilegedAction;Ljava/security/AccessControlContext;Ljava/lang/Class;)Ljava/lang/Object;' in 'java/security/AccessController')}
  0x0000022b5fc23e1c: 8bf2 48bf | e0d9 7c71 | 2b02 0000 | 8b76 0848 | c1e6 0348 | 3bb7 b001 | 0000 750d | 4883 87b8 
  0x0000022b5fc23e3c: 0100 0001 | e966 0000 | 0048 3bb7 | c001 0000 | 750d 4883 | 87c8 0100 | 0001 e950 | 0000 0048 
  0x0000022b5fc23e5c: 81bf b001 | 0000 0000 | 0000 7517 | 4889 b7b0 | 0100 0048 | c787 b801 | 0000 0100 | 0000 e92c 
  0x0000022b5fc23e7c: 0000 0048 | 81bf c001 | 0000 0000 | 0000 7517 | 4889 b7c0 | 0100 0048 | c787 c801 | 0000 0100 
  0x0000022b5fc23e9c: 0000 e908 | 0000 0048 | 8387 a001 | 0000 0166 | 9048 b8ff | ffff ffff 

  0x0000022b5fc23eb4: ;   {virtual_call}
  0x0000022b5fc23eb4: ffff ffe8 

  0x0000022b5fc23eb8: ; ImmutableOopMap {[72]=Oop }
                      ;*invokeinterface run {reexecute=0 rethrow=0 return_oop=0}
                      ; - java.security.AccessController::executePrivileged@29
                      ; - java.security.AccessController::doPrivileged@5
  0x0000022b5fc23eb8: 64a7 1707 

  0x0000022b5fc23ebc: ;   {metadata(method data for {method} {0x0000022b71030ef0} 'executePrivileged' '(Ljava/security/PrivilegedAction;Ljava/security/AccessControlContext;Ljava/lang/Class;)Ljava/lang/Object;' in 'java/security/AccessController')}
  0x0000022b5fc23ebc: 48be e0d9 | 7c71 2b02 | 0000 ff86 | d801 0000 | 488b 7424 

  0x0000022b5fc23ed0: ;   {metadata(method data for {method} {0x0000022b71030ef0} 'executePrivileged' '(Ljava/security/PrivilegedAction;Ljava/security/AccessControlContext;Ljava/lang/Class;)Ljava/lang/Object;' in 'java/security/AccessController')}
  0x0000022b5fc23ed0: 4848 bfe0 | d97c 712b | 0200 0048 | 8387 3802 

  0x0000022b5fc23ee0: ;   {metadata(method data for {method} {0x0000022b71035da0} 'reachabilityFence' '(Ljava/lang/Object;)V' in 'java/lang/ref/Reference')}
  0x0000022b5fc23ee0: 0000 0148 | bf30 a25e | 712b 0200 | 008b 9fcc | 0000 0083 | c302 899f | cc00 0000 | 81e3 feff 
  0x0000022b5fc23f00: 1f00 83fb | 000f 8494 

  0x0000022b5fc23f08: ;   {metadata(method data for {method} {0x0000022b71030ef0} 'executePrivileged' '(Ljava/security/PrivilegedAction;Ljava/security/AccessControlContext;Ljava/lang/Class;)Ljava/lang/Object;' in 'java/security/AccessController')}
  0x0000022b5fc23f08: 0000 0048 | bee0 d97c | 712b 0200 | 0048 8386 | 4802 0000 

  0x0000022b5fc23f1c: ;   {metadata(method data for {method} {0x0000022b71035da0} 'reachabilityFence' '(Ljava/lang/Object;)V' in 'java/lang/ref/Reference')}
  0x0000022b5fc23f1c: 0148 be30 | a25e 712b | 0200 008b | becc 0000 | 0083 c702 | 89be cc00 | 0000 81e7 | feff 1f00 
  0x0000022b5fc23f3c: 83ff 000f | 847b 0000 | 0048 83c4 

  0x0000022b5fc23f48: ;   {poll_return}
  0x0000022b5fc23f48: 605d 493b | a750 0300 | 000f 878a | 0000 00c3 

  0x0000022b5fc23f58: ;   {metadata({method} {0x0000022b710303d0} 'doPrivileged' '(Ljava/security/PrivilegedAction;)Ljava/lang/Object;' in 'java/security/AccessController')}
  0x0000022b5fc23f58: 49ba c803 | 0371 2b02 | 0000 4c89 | 5424 0848 | c704 24ff 

  0x0000022b5fc23f6c: ;   {runtime_call counter_overflow Runtime1 stub}
  0x0000022b5fc23f6c: ffff ffe8 

  0x0000022b5fc23f70: ; ImmutableOopMap {rdx=Oop }
                      ;*synchronization entry
                      ; - java.security.AccessController::doPrivileged@-1
  0x0000022b5fc23f70: 8c64 2207 | e91b feff 

  0x0000022b5fc23f78: ;   {metadata({method} {0x0000022b71030ef0} 'executePrivileged' '(Ljava/security/PrivilegedAction;Ljava/security/AccessControlContext;Ljava/lang/Class;)Ljava/lang/Object;' in 'java/security/AccessController')}
  0x0000022b5fc23f78: ff49 bae8 | 0e03 712b | 0200 004c | 8954 2408 | 48c7 0424 | ffff ffff 

  0x0000022b5fc23f90: ;   {runtime_call counter_overflow Runtime1 stub}
  0x0000022b5fc23f90: e86b 6422 

  0x0000022b5fc23f94: ; ImmutableOopMap {[64]=Oop rax=Oop }
                      ;*synchronization entry
                      ; - java.security.AccessController::executePrivileged@-1
                      ; - java.security.AccessController::doPrivileged@5
  0x0000022b5fc23f94: 07e9 54fe 

  0x0000022b5fc23f98: ;   {runtime_call throw_null_pointer_exception Runtime1 stub}
  0x0000022b5fc23f98: ffff e801 

  0x0000022b5fc23f9c: ; ImmutableOopMap {rdx=Oop [72]=Oop }
                      ;*invokeinterface run {reexecute=0 rethrow=0 return_oop=0}
                      ; - java.security.AccessController::executePrivileged@29
                      ; - java.security.AccessController::doPrivileged@5
                      ;   {metadata({method} {0x0000022b71035da0} 'reachabilityFence' '(Ljava/lang/Object;)V' in 'java/lang/ref/Reference')}
  0x0000022b5fc23f9c: 3419 0749 | ba98 5d03 | 712b 0200 | 004c 8954 | 2408 48c7 | 0424 ffff 

  0x0000022b5fc23fb4: ;   {runtime_call counter_overflow Runtime1 stub}
  0x0000022b5fc23fb4: ffff e845 

  0x0000022b5fc23fb8: ; ImmutableOopMap {rax=Oop rsi=Oop }
                      ;*synchronization entry
                      ; - java.lang.ref.Reference::reachabilityFence@-1
                      ; - java.security.AccessController::executePrivileged@56
                      ; - java.security.AccessController::doPrivileged@5
  0x0000022b5fc23fb8: 6422 07e9 | 4bff ffff 

  0x0000022b5fc23fc0: ;   {metadata({method} {0x0000022b71035da0} 'reachabilityFence' '(Ljava/lang/Object;)V' in 'java/lang/ref/Reference')}
  0x0000022b5fc23fc0: 49ba 985d | 0371 2b02 | 0000 4c89 | 5424 0848 | c704 24ff 

  0x0000022b5fc23fd4: ;   {runtime_call counter_overflow Runtime1 stub}
  0x0000022b5fc23fd4: ffff ffe8 

  0x0000022b5fc23fd8: ; ImmutableOopMap {rax=Oop }
                      ;*synchronization entry
                      ; - java.lang.ref.Reference::reachabilityFence@-1
                      ; - java.security.AccessController::executePrivileged@60
                      ; - java.security.AccessController::doPrivileged@5
  0x0000022b5fc23fd8: 2464 2207 | e964 ffff 

  0x0000022b5fc23fe0: ;   {internal_word}
  0x0000022b5fc23fe0: ff49 ba4a | 3fc2 5f2b | 0200 004d | 8997 6803 

  0x0000022b5fc23ff0: ;   {runtime_call SafepointBlob}
  0x0000022b5fc23ff0: 0000 e909 | 3718 0790 | 9049 8b87 | e003 0000 | 49c7 87e0 | 0300 0000 | 0000 0049 | c787 e803 
  0x0000022b5fc24010: 0000 0000 | 0000 4883 

  0x0000022b5fc24018: ;   {runtime_call unwind_exception Runtime1 stub}
  0x0000022b5fc24018: c460 5de9 | 6042 1907 
[Stub Code]
  0x0000022b5fc24020: ;   {no_reloc}
  0x0000022b5fc24020: 0f1f 4400 

  0x0000022b5fc24024: ;   {static_stub}
  0x0000022b5fc24024: 0048 bb00 | 0000 0000 

  0x0000022b5fc2402c: ;   {runtime_call}
  0x0000022b5fc2402c: 0000 00e9 | fbff ffff 

  0x0000022b5fc24034: ;   {static_stub}
  0x0000022b5fc24034: 9048 bb00 | 0000 0000 

  0x0000022b5fc2403c: ;   {runtime_call}
  0x0000022b5fc2403c: 0000 00e9 | fbff ffff 
[Exception Handler]
  0x0000022b5fc24044: ;   {runtime_call handle_exception_from_callee Runtime1 stub}
  0x0000022b5fc24044: e837 1519 

  0x0000022b5fc24048: ;   {external_word}
  0x0000022b5fc24048: 0748 b9a0 | e9e6 3bf9 | 7f00 0048 

  0x0000022b5fc24054: ;   {runtime_call}
  0x0000022b5fc24054: 83e4 f049 | ba40 71af | 3bf9 7f00 | 0041 ffd2 

  0x0000022b5fc24064: ;   {section_word}
  0x0000022b5fc24064: f449 ba65 | 40c2 5f2b | 0200 0041 

  0x0000022b5fc24070: ;   {runtime_call DeoptimizationBlob}
  0x0000022b5fc24070: 52e9 2a29 | 1807 f4f4 
[/MachCode]


Compiled method (c1)    3495 1264       3       jdk.internal.reflect.DelegatingMethodAccessorImpl::invoke (10 bytes)
 total in heap  [0x0000022b5fa49190,0x0000022b5fa49598] = 1032
 relocation     [0x0000022b5fa492e8,0x0000022b5fa49328] = 64
 main code      [0x0000022b5fa49340,0x0000022b5fa494c0] = 384
 stub code      [0x0000022b5fa494c0,0x0000022b5fa49508] = 72
 metadata       [0x0000022b5fa49508,0x0000022b5fa49510] = 8
 scopes data    [0x0000022b5fa49510,0x0000022b5fa49530] = 32
 scopes pcs     [0x0000022b5fa49530,0x0000022b5fa49580] = 80
 dependencies   [0x0000022b5fa49580,0x0000022b5fa49588] = 8
 nul chk table  [0x0000022b5fa49588,0x0000022b5fa49598] = 16

[Constant Pool (empty)]

[MachCode]
[Entry Point]
  # {method} {0x0000022b712bf8f8} 'invoke' '(Ljava/lang/Object;[Ljava/lang/Object;)Ljava/lang/Object;' in 'jdk/internal/reflect/DelegatingMethodAccessorImpl'
  # this:     rdx:rdx   = 'jdk/internal/reflect/DelegatingMethodAccessorImpl'
  # parm0:    r8:r8     = 'java/lang/Object'
  # parm1:    r9:r9     = '[Ljava/lang/Object;'
  #           [sp+0x40]  (sp of caller)
  0x0000022b5fa49340: 448b 5208 | 49c1 e203 

  0x0000022b5fa49348: ;   {runtime_call ic_miss_stub}
  0x0000022b5fa49348: 4c3b d00f | 852f 7a35 | 0766 6666 | 0f1f 8400 | 0000 0000 | 6666 6690 
[Verified Entry Point]
  0x0000022b5fa49360: 8984 2400 | 90ff ff55 | 4883 ec30 

  0x0000022b5fa4936c: ;   {metadata(method data for {method} {0x0000022b712bf8f8} 'invoke' '(Ljava/lang/Object;[Ljava/lang/Object;)Ljava/lang/Object;' in 'jdk/internal/reflect/DelegatingMethodAccessorImpl')}
  0x0000022b5fa4936c: 48be f067 | b371 2b02 | 0000 8bbe | cc00 0000 | 83c7 0289 | becc 0000 | 0081 e7fe | 0700 0083 
  0x0000022b5fa4938c: ff00 0f84 | bb00 0000 | 8b52 0c48 | 3b02 488b 

  0x0000022b5fa4939c: ;   {metadata(method data for {method} {0x0000022b712bf8f8} 'invoke' '(Ljava/lang/Object;[Ljava/lang/Object;)Ljava/lang/Object;' in 'jdk/internal/reflect/DelegatingMethodAccessorImpl')}
  0x0000022b5fa4939c: f248 bff0 | 67b3 712b | 0200 008b | 7608 48c1 | e603 483b | b720 0100 | 0075 0d48 | 8387 2801 
  0x0000022b5fa493bc: 0000 01e9 | 6600 0000 | 483b b730 | 0100 0075 | 0d48 8387 | 3801 0000 | 01e9 5000 | 0000 4881 
  0x0000022b5fa493dc: bf20 0100 | 0000 0000 | 0075 1748 | 89b7 2001 | 0000 48c7 | 8728 0100 | 0001 0000 | 00e9 2c00 
  0x0000022b5fa493fc: 0000 4881 | bf30 0100 | 0000 0000 | 0075 1748 | 89b7 3001 | 0000 48c7 | 8738 0100 | 0001 0000 
  0x0000022b5fa4941c: 00e9 0800 | 0000 4883 | 8710 0100 | 0001 6666 | 9048 b8ff | ffff ffff 

  0x0000022b5fa49434: ;   {virtual_call}
  0x0000022b5fa49434: ffff ffe8 

  0x0000022b5fa49438: ; ImmutableOopMap {}
                      ;*invokevirtual invoke {reexecute=0 rethrow=0 return_oop=0}
                      ; - jdk.internal.reflect.DelegatingMethodAccessorImpl::invoke@6
  0x0000022b5fa49438: 343d 4007 | 4883 c430 

  0x0000022b5fa49440: ;   {poll_return}
  0x0000022b5fa49440: 5d49 3ba7 | 5003 0000 | 0f87 2700 

  0x0000022b5fa4944c: ;   {metadata({method} {0x0000022b712bf8f8} 'invoke' '(Ljava/lang/Object;[Ljava/lang/Object;)Ljava/lang/Object;' in 'jdk/internal/reflect/DelegatingMethodAccessorImpl')}
  0x0000022b5fa4944c: 0000 c349 | baf0 f82b | 712b 0200 | 004c 8954 | 2408 48c7 | 0424 ffff 

  0x0000022b5fa49464: ;   {runtime_call counter_overflow Runtime1 stub}
  0x0000022b5fa49464: ffff e895 

  0x0000022b5fa49468: ; ImmutableOopMap {rdx=Oop r8=Oop r9=Oop }
                      ;*synchronization entry
                      ; - jdk.internal.reflect.DelegatingMethodAccessorImpl::invoke@-1
  0x0000022b5fa49468: 0f40 07e9 | 24ff ffff 

  0x0000022b5fa49470: ;   {runtime_call throw_null_pointer_exception Runtime1 stub}
  0x0000022b5fa49470: e82b df36 

  0x0000022b5fa49474: ; ImmutableOopMap {r8=Oop r9=Oop rdx=Oop }
                      ;*invokevirtual invoke {reexecute=0 rethrow=0 return_oop=0}
                      ; - jdk.internal.reflect.DelegatingMethodAccessorImpl::invoke@6
                      ;   {internal_word}
  0x0000022b5fa49474: 0749 ba41 | 94a4 5f2b | 0200 004d | 8997 6803 

  0x0000022b5fa49484: ;   {runtime_call SafepointBlob}
  0x0000022b5fa49484: 0000 e975 | e235 0790 | 9049 8b87 | e003 0000 | 49c7 87e0 | 0300 0000 | 0000 0049 | c787 e803 
  0x0000022b5fa494a4: 0000 0000 | 0000 4883 

  0x0000022b5fa494ac: ;   {runtime_call unwind_exception Runtime1 stub}
  0x0000022b5fa494ac: c430 5de9 | cced 3607 | f4f4 f4f4 | f4f4 f4f4 | f4f4 f4f4 
[Stub Code]
  0x0000022b5fa494c0: ;   {no_reloc}
  0x0000022b5fa494c0: 0f1f 4400 

  0x0000022b5fa494c4: ;   {static_stub}
  0x0000022b5fa494c4: 0048 bb00 | 0000 0000 

  0x0000022b5fa494cc: ;   {runtime_call}
  0x0000022b5fa494cc: 0000 00e9 | fbff ffff 
[Exception Handler]
  0x0000022b5fa494d4: ;   {runtime_call handle_exception_from_callee Runtime1 stub}
  0x0000022b5fa494d4: e8a7 c036 

  0x0000022b5fa494d8: ;   {external_word}
  0x0000022b5fa494d8: 0748 b9a0 | e9e6 3bf9 | 7f00 0048 

  0x0000022b5fa494e4: ;   {runtime_call}
  0x0000022b5fa494e4: 83e4 f049 | ba40 71af | 3bf9 7f00 | 0041 ffd2 

  0x0000022b5fa494f4: ;   {section_word}
  0x0000022b5fa494f4: f449 baf5 | 94a4 5f2b | 0200 0041 

  0x0000022b5fa49500: ;   {runtime_call DeoptimizationBlob}
  0x0000022b5fa49500: 52e9 9ad4 | 3507 f4f4 
[/MachCode]


---------------  P R O C E S S  ---------------

Threads class SMR info:
_java_thread_list=0x0000022b76cabcb0, length=19, elements={
0x0000022b5cb7c6d0, 0x0000022b709bd740, 0x0000022b709beeb0, 0x0000022b709e8550,
0x0000022b709e9020, 0x0000022b709eba00, 0x0000022b709ee2e0, 0x0000022b709eef90,
0x0000022b75be39d0, 0x0000022b75be66a0, 0x0000022b75c94020, 0x0000022b75e72190,
0x0000022b7664be40, 0x0000022b76782290, 0x0000022b767ae9c0, 0x0000022b76583190,
0x0000022b765225f0, 0x0000022b76d7ab30, 0x0000022b76d7b550
}

Java Threads: ( => current thread )
=>0x0000022b5cb7c6d0 JavaThread "main" [_thread_in_vm, id=9804, stack(0x000000392e700000,0x000000392e800000)]
  0x0000022b709bd740 JavaThread "Reference Handler" daemon [_thread_blocked, id=15520, stack(0x000000392eb00000,0x000000392ec00000)]
  0x0000022b709beeb0 JavaThread "Finalizer" daemon [_thread_blocked, id=4088, stack(0x000000392ec00000,0x000000392ed00000)]
  0x0000022b709e8550 JavaThread "Signal Dispatcher" daemon [_thread_blocked, id=13448, stack(0x000000392ed00000,0x000000392ee00000)]
  0x0000022b709e9020 JavaThread "Attach Listener" daemon [_thread_blocked, id=13780, stack(0x000000392ee00000,0x000000392ef00000)]
  0x0000022b709eba00 JavaThread "Service Thread" daemon [_thread_blocked, id=7736, stack(0x000000392ef00000,0x000000392f000000)]
  0x0000022b709ee2e0 JavaThread "Monitor Deflation Thread" daemon [_thread_blocked, id=15448, stack(0x000000392f000000,0x000000392f100000)]
  0x0000022b709eef90 JavaThread "C2 CompilerThread0" daemon [_thread_blocked, id=1152, stack(0x000000392f100000,0x000000392f200000)]
  0x0000022b75be39d0 JavaThread "C1 CompilerThread0" daemon [_thread_blocked, id=2036, stack(0x000000392f200000,0x000000392f300000)]
  0x0000022b75be66a0 JavaThread "Sweeper thread" daemon [_thread_blocked, id=6208, stack(0x000000392f300000,0x000000392f400000)]
  0x0000022b75c94020 JavaThread "Common-Cleaner" daemon [_thread_blocked, id=15964, stack(0x000000392f400000,0x000000392f500000)]
  0x0000022b75e72190 JavaThread "Notification Thread" daemon [_thread_blocked, id=14684, stack(0x000000392f600000,0x000000392f700000)]
  0x0000022b7664be40 JavaThread "Active Thread: Equinox Container: 841c4a0e-cc32-4790-a2d3-2b9a0dd3f5a6" [_thread_blocked, id=15428, stack(0x000000392fb00000,0x000000392fc00000)]
  0x0000022b76782290 JavaThread "Refresh Thread: Equinox Container: 841c4a0e-cc32-4790-a2d3-2b9a0dd3f5a6" daemon [_thread_blocked, id=7944, stack(0x000000392fc00000,0x000000392fd00000)]
  0x0000022b767ae9c0 JavaThread "Framework Event Dispatcher: Equinox Container: 841c4a0e-cc32-4790-a2d3-2b9a0dd3f5a6" daemon [_thread_blocked, id=11784, stack(0x000000392fd00000,0x000000392fe00000)]
  0x0000022b76583190 JavaThread "Start Level: Equinox Container: 841c4a0e-cc32-4790-a2d3-2b9a0dd3f5a6" daemon [_thread_in_vm, id=14868, stack(0x000000392fe00000,0x000000392ff00000)]
  0x0000022b765225f0 JavaThread "Bundle File Closer" daemon [_thread_blocked, id=9228, stack(0x000000392ff00000,0x0000003930000000)]
  0x0000022b76d7ab30 JavaThread "SCR Component Actor" daemon [_thread_blocked, id=5828, stack(0x000000392fa00000,0x000000392fb00000)]
  0x0000022b76d7b550 JavaThread "SCR Component Registry" daemon [_thread_blocked, id=968, stack(0x0000003930000000,0x0000003930100000)]

Other Threads:
  0x0000022b709a3950 VMThread "VM Thread" [stack: 0x000000392ea00000,0x000000392eb00000] [id=15684]
  0x0000022b75e952d0 WatcherThread [stack: 0x000000392f700000,0x000000392f800000] [id=7556]
  0x0000022b5cb92100 GCTaskThread "GC Thread#0" [stack: 0x000000392e900000,0x000000392ea00000] [id=11612]
  0x0000022b76217330 GCTaskThread "GC Thread#1" [stack: 0x000000392f500000,0x000000392f600000] [id=15252]
  0x0000022b762175f0 GCTaskThread "GC Thread#2" [stack: 0x000000392f800000,0x000000392f900000] [id=12168]
  0x0000022b76491060 GCTaskThread "GC Thread#3" [stack: 0x000000392f900000,0x000000392fa00000] [id=10628]

Threads with active compile tasks:

VM state: not at safepoint (normal execution)

VM Mutex/Monitor currently owned by a thread:  ([mutex/lock_event])
[0x0000022b5a9e7f80] Metaspace_lock - owner thread: 0x0000022b5cb7c6d0

Heap address: 0x00000000c0000000, size: 1024 MB, Compressed Oops mode: 32-bit

CDS archive(s) not mapped
Compressed class space mapped at: 0x0000000100000000-0x0000000140000000, reserved size: 1073741824
Narrow klass base: 0x0000000000000000, Narrow klass shift: 3, Narrow klass range: 0x140000000

GC Precious Log:
 CPUs: 4 total, 4 available
 Memory: 12181M
 Large Page Support: Disabled
 NUMA Support: Disabled
 Compressed Oops: Enabled (32-bit)
 Alignments: Space 512K, Generation 512K, Heap 2M
 Heap Min Capacity: 100M
 Heap Initial Capacity: 100M
 Heap Max Capacity: 1G
 Pre-touch: Disabled
 Parallel Workers: 4

Heap:
 PSYoungGen      total 29696K, used 14261K [0x00000000eab00000, 0x00000000ecc00000, 0x0000000100000000)
  eden space 25600K, 39% used [0x00000000eab00000,0x00000000eb4f47e8,0x00000000ec400000)
  from space 4096K, 99% used [0x00000000ec400000,0x00000000ec7f8d68,0x00000000ec800000)
  to   space 4096K, 0% used [0x00000000ec800000,0x00000000ec800000,0x00000000ecc00000)
 ParOldGen       total 68608K, used 5320K [0x00000000c0000000, 0x00000000c4300000, 0x00000000eab00000)
  object space 68608K, 7% used [0x00000000c0000000,0x00000000c0532088,0x00000000c4300000)
 Metaspace       used 17912K, committed 18176K, reserved 1114112K
  class space    used 1832K, committed 1920K, reserved 1048576K

Card table byte_map: [0x0000022b5c520000,0x0000022b5c730000] _byte_map_base: 0x0000022b5bf20000

Marking Bits: (ParMarkBitMap*) 0x00007ff93c0e6940
 Begin Bits: [0x0000022b6e820000, 0x0000022b6f820000)
 End Bits:   [0x0000022b6f820000, 0x0000022b70820000)

Polling page: 0x0000022b5ab20000

Metaspace:

Usage:
  Non-class:     15.70 MB used.
      Class:      1.79 MB used.
       Both:     17.49 MB used.

Virtual space:
  Non-class space:       64.00 MB reserved,      15.88 MB ( 25%) committed,  1 nodes.
      Class space:        1.00 GB reserved,       1.88 MB ( <1%) committed,  1 nodes.
             Both:        1.06 GB reserved,      17.75 MB (  2%) committed. 

Chunk freelists:
   Non-Class:  166.00 KB
       Class:  14.00 MB
        Both:  14.16 MB

MaxMetaspaceSize: unlimited
CompressedClassSpaceSize: 1.00 GB
Initial GC threshold: 21.00 MB
Current GC threshold: 21.00 MB
CDS: off
MetaspaceReclaimPolicy: balanced
 - commit_granule_bytes: 65536.
 - commit_granule_words: 8192.
 - virtual_space_node_default_size: 8388608.
 - enlarge_chunks_in_place: 1.
 - new_chunks_are_fully_committed: 0.
 - uncommit_free_chunks: 1.
 - use_allocation_guard: 0.
 - handle_deallocations: 1.


Internal statistics:

num_allocs_failed_limit: 0.
num_arena_births: 136.
num_arena_deaths: 0.
num_vsnodes_births: 2.
num_vsnodes_deaths: 0.
num_space_committed: 284.
num_space_uncommitted: 0.
num_chunks_returned_to_freelist: 0.
num_chunks_taken_from_freelist: 409.
num_chunk_merges: 0.
num_chunk_splits: 270.
num_chunks_enlarged: 207.
num_inconsistent_stats: 0.

CodeHeap 'non-profiled nmethods': size=120000Kb used=1046Kb max_used=1046Kb free=118953Kb
 bounds [0x0000022b672f0000, 0x0000022b67560000, 0x0000022b6e820000]
CodeHeap 'profiled nmethods': size=120000Kb used=4159Kb max_used=4159Kb free=115840Kb
 bounds [0x0000022b5f820000, 0x0000022b5fc30000, 0x0000022b66d50000]
CodeHeap 'non-nmethods': size=5760Kb used=1168Kb max_used=1194Kb free=4592Kb
 bounds [0x0000022b66d50000, 0x0000022b66fc0000, 0x0000022b672f0000]
 total_blobs=2682 nmethods=2215 adapters=381
 compilation: enabled
              stopped_count=0, restarted_count=0
 full_count=0

Compilation events (20 events):
Event: 3.399 Thread 0x0000022b75be39d0 2206   !   3       org.eclipse.osgi.internal.loader.BundleLoader::findRequiredSource (283 bytes)
Event: 3.400 Thread 0x0000022b75be39d0 nmethod 2206 0x0000022b5fc2a490 code [0x0000022b5fc2a820, 0x0000022b5fc2c248]
Event: 3.400 Thread 0x0000022b75be39d0 2207       1       org.eclipse.osgi.internal.framework.EquinoxContainer::isProcessClassRecursionSupportedByAll (5 bytes)
Event: 3.400 Thread 0x0000022b75be39d0 nmethod 2207 0x0000022b673f5410 code [0x0000022b673f55a0, 0x0000022b673f5678]
Event: 3.400 Thread 0x0000022b75be39d0 2208       1       org.eclipse.osgi.internal.loader.classpath.ClasspathEntry::getDomain (5 bytes)
Event: 3.401 Thread 0x0000022b75be39d0 nmethod 2208 0x0000022b673f5710 code [0x0000022b673f58a0, 0x0000022b673f5978]
Event: 3.419 Thread 0x0000022b75be39d0 2209       3       java.util.WeakHashMap::getEntry (70 bytes)
Event: 3.420 Thread 0x0000022b75be39d0 nmethod 2209 0x0000022b5fc2cb10 code [0x0000022b5fc2cd20, 0x0000022b5fc2d538]
Event: 3.420 Thread 0x0000022b75be39d0 2210       3       java.lang.ThreadLocal$ThreadLocalMap::nextIndex (15 bytes)
Event: 3.420 Thread 0x0000022b75be39d0 nmethod 2210 0x0000022b5fc2d890 code [0x0000022b5fc2da20, 0x0000022b5fc2db58]
Event: 3.435 Thread 0x0000022b75be39d0 2211       3       jdk.internal.reflect.ClassFileAssembler::setStack (25 bytes)
Event: 3.435 Thread 0x0000022b75be39d0 nmethod 2211 0x0000022b5fc2dc10 code [0x0000022b5fc2dda0, 0x0000022b5fc2def8]
Event: 3.437 Thread 0x0000022b75be39d0 2212       3       org.eclipse.osgi.internal.weaving.WovenClassImpl::skipRegistration (11 bytes)
Event: 3.438 Thread 0x0000022b75be39d0 nmethod 2212 0x0000022b5fc2df90 code [0x0000022b5fc2e140, 0x0000022b5fc2e308]
Event: 3.438 Thread 0x0000022b75be39d0 2213   !   3       java.util.Collections$SynchronizedMap::containsKey (25 bytes)
Event: 3.438 Thread 0x0000022b75be39d0 nmethod 2213 0x0000022b5fc2e410 code [0x0000022b5fc2e5c0, 0x0000022b5fc2e868]
Event: 3.438 Thread 0x0000022b75be39d0 2214   !   3       org.eclipse.osgi.internal.weaving.WovenClassImpl::notifyWovenClassListeners (54 bytes)
Event: 3.438 Thread 0x0000022b75be39d0 nmethod 2214 0x0000022b5fc2e990 code [0x0000022b5fc2ec00, 0x0000022b5fc2f5c8]
Event: 3.438 Thread 0x0000022b75be39d0 2215       3       org.eclipse.osgi.internal.weaving.WovenClassImpl$$Lambda$76/0x000000010018f670::<init> (10 bytes)
Event: 3.438 Thread 0x0000022b75be39d0 nmethod 2215 0x0000022b5fc2f990 code [0x0000022b5fc2fb20, 0x0000022b5fc2fc98]

GC Heap History (6 events):
Event: 1.423 GC heap before
{Heap before GC invocations=1 (full 0):
 PSYoungGen      total 29696K, used 25600K [0x00000000eab00000, 0x00000000ecc00000, 0x0000000100000000)
  eden space 25600K, 100% used [0x00000000eab00000,0x00000000ec400000,0x00000000ec400000)
  from space 4096K, 0% used [0x00000000ec800000,0x00000000ec800000,0x00000000ecc00000)
  to   space 4096K, 0% used [0x00000000ec400000,0x00000000ec400000,0x00000000ec800000)
 ParOldGen       total 68608K, used 0K [0x00000000c0000000, 0x00000000c4300000, 0x00000000eab00000)
  object space 68608K, 0% used [0x00000000c0000000,0x00000000c0000000,0x00000000c4300000)
 Metaspace       used 10955K, committed 11072K, reserved 1114112K
  class space    used 1090K, committed 1152K, reserved 1048576K
}
Event: 1.432 GC heap after
{Heap after GC invocations=1 (full 0):
 PSYoungGen      total 29696K, used 3182K [0x00000000eab00000, 0x00000000ecc00000, 0x0000000100000000)
  eden space 25600K, 0% used [0x00000000eab00000,0x00000000eab00000,0x00000000ec400000)
  from space 4096K, 77% used [0x00000000ec400000,0x00000000ec71b980,0x00000000ec800000)
  to   space 4096K, 0% used [0x00000000ec800000,0x00000000ec800000,0x00000000ecc00000)
 ParOldGen       total 68608K, used 0K [0x00000000c0000000, 0x00000000c4300000, 0x00000000eab00000)
  object space 68608K, 0% used [0x00000000c0000000,0x00000000c0000000,0x00000000c4300000)
 Metaspace       used 10955K, committed 11072K, reserved 1114112K
  class space    used 1090K, committed 1152K, reserved 1048576K
}
Event: 2.399 GC heap before
{Heap before GC invocations=2 (full 0):
 PSYoungGen      total 29696K, used 28782K [0x00000000eab00000, 0x00000000ecc00000, 0x0000000100000000)
  eden space 25600K, 100% used [0x00000000eab00000,0x00000000ec400000,0x00000000ec400000)
  from space 4096K, 77% used [0x00000000ec400000,0x00000000ec71b980,0x00000000ec800000)
  to   space 4096K, 0% used [0x00000000ec800000,0x00000000ec800000,0x00000000ecc00000)
 ParOldGen       total 68608K, used 0K [0x00000000c0000000, 0x00000000c4300000, 0x00000000eab00000)
  object space 68608K, 0% used [0x00000000c0000000,0x00000000c0000000,0x00000000c4300000)
 Metaspace       used 14464K, committed 14720K, reserved 1114112K
  class space    used 1448K, committed 1536K, reserved 1048576K
}
Event: 2.404 GC heap after
{Heap after GC invocations=2 (full 0):
 PSYoungGen      total 29696K, used 4068K [0x00000000eab00000, 0x00000000ecc00000, 0x0000000100000000)
  eden space 25600K, 0% used [0x00000000eab00000,0x00000000eab00000,0x00000000ec400000)
  from space 4096K, 99% used [0x00000000ec800000,0x00000000ecbf91b8,0x00000000ecc00000)
  to   space 4096K, 0% used [0x00000000ec400000,0x00000000ec400000,0x00000000ec800000)
 ParOldGen       total 68608K, used 1542K [0x00000000c0000000, 0x00000000c4300000, 0x00000000eab00000)
  object space 68608K, 2% used [0x00000000c0000000,0x00000000c0181b80,0x00000000c4300000)
 Metaspace       used 14464K, committed 14720K, reserved 1114112K
  class space    used 1448K, committed 1536K, reserved 1048576K
}
Event: 3.113 GC heap before
{Heap before GC invocations=3 (full 0):
 PSYoungGen      total 29696K, used 29668K [0x00000000eab00000, 0x00000000ecc00000, 0x0000000100000000)
  eden space 25600K, 100% used [0x00000000eab00000,0x00000000ec400000,0x00000000ec400000)
  from space 4096K, 99% used [0x00000000ec800000,0x00000000ecbf91b8,0x00000000ecc00000)
  to   space 4096K, 0% used [0x00000000ec400000,0x00000000ec400000,0x00000000ec800000)
 ParOldGen       total 68608K, used 1542K [0x00000000c0000000, 0x00000000c4300000, 0x00000000eab00000)
  object space 68608K, 2% used [0x00000000c0000000,0x00000000c0181b80,0x00000000c4300000)
 Metaspace       used 16160K, committed 16384K, reserved 1114112K
  class space    used 1630K, committed 1728K, reserved 1048576K
}
Event: 3.119 GC heap after
{Heap after GC invocations=3 (full 0):
 PSYoungGen      total 29696K, used 4067K [0x00000000eab00000, 0x00000000ecc00000, 0x0000000100000000)
  eden space 25600K, 0% used [0x00000000eab00000,0x00000000eab00000,0x00000000ec400000)
  from space 4096K, 99% used [0x00000000ec400000,0x00000000ec7f8d68,0x00000000ec800000)
  to   space 4096K, 0% used [0x00000000ec800000,0x00000000ec800000,0x00000000ecc00000)
 ParOldGen       total 68608K, used 5320K [0x00000000c0000000, 0x00000000c4300000, 0x00000000eab00000)
  object space 68608K, 7% used [0x00000000c0000000,0x00000000c0532088,0x00000000c4300000)
 Metaspace       used 16160K, committed 16384K, reserved 1114112K
  class space    used 1630K, committed 1728K, reserved 1048576K
}

Dll operation events (9 events):
Event: 0.028 Loaded shared library c:\Users\Grafin\.vscode\extensions\redhat.java-1.38.0-win32-x64\jre\17.0.13-win32-x86_64\bin\java.dll
Event: 0.257 Loaded shared library c:\Users\Grafin\.vscode\extensions\redhat.java-1.38.0-win32-x64\jre\17.0.13-win32-x86_64\bin\zip.dll
Event: 0.259 Loaded shared library C:\Users\Grafin\.vscode\extensions\redhat.java-1.38.0-win32-x64\jre\17.0.13-win32-x86_64\bin\instrument.dll
Event: 0.279 Loaded shared library C:\Users\Grafin\.vscode\extensions\redhat.java-1.38.0-win32-x64\jre\17.0.13-win32-x86_64\bin\net.dll
Event: 0.281 Loaded shared library C:\Users\Grafin\.vscode\extensions\redhat.java-1.38.0-win32-x64\jre\17.0.13-win32-x86_64\bin\nio.dll
Event: 0.290 Loaded shared library C:\Users\Grafin\.vscode\extensions\redhat.java-1.38.0-win32-x64\jre\17.0.13-win32-x86_64\bin\zip.dll
Event: 0.307 Loaded shared library C:\Users\Grafin\.vscode\extensions\redhat.java-1.38.0-win32-x64\jre\17.0.13-win32-x86_64\bin\jimage.dll
Event: 0.382 Loaded shared library c:\Users\Grafin\.vscode\extensions\redhat.java-1.38.0-win32-x64\jre\17.0.13-win32-x86_64\bin\verify.dll
Event: 2.279 Loaded shared library C:\Users\Grafin\AppData\Roaming\Code\User\globalStorage\redhat.java\1.38.0\config_win\org.eclipse.equinox.launcher\org.eclipse.equinox.launcher.win32.win32.x86_64_1.2.1100.v20240722-2106\eclipse_11904.dll

Deoptimization events (20 events):
Event: 2.916 Thread 0x0000022b76583190 DEOPT PACKING pc=0x0000022b5fbacf4a sp=0x000000392fefd600
Event: 2.916 Thread 0x0000022b76583190 DEOPT UNPACKING pc=0x0000022b66da6e43 sp=0x000000392fefca88 mode 0
Event: 2.931 Thread 0x0000022b76583190 DEOPT PACKING pc=0x0000022b5fbacf4a sp=0x000000392fefd600
Event: 2.931 Thread 0x0000022b76583190 DEOPT UNPACKING pc=0x0000022b66da6e43 sp=0x000000392fefca88 mode 0
Event: 2.938 Thread 0x0000022b76583190 DEOPT PACKING pc=0x0000022b5fbacf4a sp=0x000000392fefd670
Event: 2.938 Thread 0x0000022b76583190 DEOPT UNPACKING pc=0x0000022b66da6e43 sp=0x000000392fefcaf8 mode 0
Event: 2.941 Thread 0x0000022b76583190 DEOPT PACKING pc=0x0000022b5fbacf4a sp=0x000000392fefd600
Event: 2.941 Thread 0x0000022b76583190 DEOPT UNPACKING pc=0x0000022b66da6e43 sp=0x000000392fefca88 mode 0
Event: 2.956 Thread 0x0000022b76583190 Uncommon trap: trap_request=0xffffff45 fr.pc=0x0000022b67351884 relative=0x0000000000000164
Event: 2.956 Thread 0x0000022b76583190 Uncommon trap: reason=unstable_if action=reinterpret pc=0x0000022b67351884 method=java.lang.String.startsWith(Ljava/lang/String;I)Z @ 50 c2
Event: 2.956 Thread 0x0000022b76583190 DEOPT PACKING pc=0x0000022b67351884 sp=0x000000392fefe550
Event: 2.956 Thread 0x0000022b76583190 DEOPT UNPACKING pc=0x0000022b66da66a3 sp=0x000000392fefe458 mode 2
Event: 2.958 Thread 0x0000022b76583190 DEOPT PACKING pc=0x0000022b5fbacf4a sp=0x000000392fefdff0
Event: 2.958 Thread 0x0000022b76583190 DEOPT UNPACKING pc=0x0000022b66da6e43 sp=0x000000392fefd478 mode 0
Event: 3.175 Thread 0x0000022b76583190 Uncommon trap: trap_request=0xffffff45 fr.pc=0x0000022b673e5a38 relative=0x0000000000000b38
Event: 3.175 Thread 0x0000022b76583190 Uncommon trap: reason=unstable_if action=reinterpret pc=0x0000022b673e5a38 method=org.eclipse.osgi.framework.util.CaseInsensitiveDictionaryMap.findCommonKeyIndex(Ljava/lang/String;)Lorg/eclipse/osgi/framework/util/CaseInsensitiveDictionaryMap$CaseInsensit
Event: 3.175 Thread 0x0000022b76583190 DEOPT PACKING pc=0x0000022b673e5a38 sp=0x000000392fefe5a0
Event: 3.175 Thread 0x0000022b76583190 DEOPT UNPACKING pc=0x0000022b66da66a3 sp=0x000000392fefe540 mode 2
Event: 3.339 Thread 0x0000022b76583190 DEOPT PACKING pc=0x0000022b5fc25640 sp=0x000000392fefd470
Event: 3.339 Thread 0x0000022b76583190 DEOPT UNPACKING pc=0x0000022b66da6e43 sp=0x000000392fefc920 mode 0

Classes loaded (20 events):
Event: 3.341 Loading class com/sun/org/apache/xerces/internal/impl/XMLScanner$NameType
Event: 3.341 Loading class com/sun/org/apache/xerces/internal/impl/XMLScanner$NameType done
Event: 3.341 Loading class com/sun/org/apache/xerces/internal/impl/Constants
Event: 3.342 Loading class com/sun/org/apache/xerces/internal/impl/Constants done
Event: 3.342 Loading class com/sun/org/apache/xerces/internal/impl/Constants$ArrayEnumeration
Event: 3.342 Loading class com/sun/org/apache/xerces/internal/impl/Constants$ArrayEnumeration done
Event: 3.350 Loading class com/sun/org/apache/xerces/internal/impl/io/MalformedByteSequenceException
Event: 3.350 Loading class java/io/CharConversionException
Event: 3.350 Loading class java/io/CharConversionException done
Event: 3.350 Loading class com/sun/org/apache/xerces/internal/impl/io/MalformedByteSequenceException done
Event: 3.402 Loading class java/util/concurrent/CompletionStage
Event: 3.402 Loading class java/util/concurrent/CompletionStage done
Event: 3.420 Loading class java/util/Timer
Event: 3.421 Loading class java/util/Timer done
Event: 3.421 Loading class java/util/TaskQueue
Event: 3.421 Loading class java/util/TaskQueue done
Event: 3.421 Loading class java/util/TimerThread
Event: 3.421 Loading class java/util/TimerThread done
Event: 3.421 Loading class java/util/Timer$ThreadReaper
Event: 3.426 Loading class java/util/Timer$ThreadReaper done

Classes unloaded (0 events):
No events

Classes redefined (0 events):
No events

Internal exceptions (20 events):
Event: 1.324 Thread 0x0000022b5cb7c6d0 Implicit null exception at 0x0000022b67342f8e to 0x0000022b673431b8
Event: 1.324 Thread 0x0000022b5cb7c6d0 Implicit null exception at 0x0000022b6734168e to 0x0000022b673418bc
Event: 1.332 Thread 0x0000022b5cb7c6d0 Implicit null exception at 0x0000022b6733690f to 0x0000022b67336985
Event: 1.438 Thread 0x0000022b5cb7c6d0 Exception <a 'java/lang/NoSuchMethodError'{0x00000000eab1da50}: 'int java.lang.invoke.DirectMethodHandle$Holder.invokeStaticInit(java.lang.Object, java.lang.Object, java.lang.Object, java.lang.Object)'> (0x00000000eab1da50) 
thrown [s\src\hotspot\share\interpreter\linkResolver.cpp, line 759]
Event: 1.439 Thread 0x0000022b5cb7c6d0 Exception <a 'java/lang/NoSuchMethodError'{0x00000000eab281b8}: 'java.lang.Object java.lang.invoke.DirectMethodHandle$Holder.invokeInterface(java.lang.Object, java.lang.Object)'> (0x00000000eab281b8) 
thrown [s\src\hotspot\share\interpreter\linkResolver.cpp, line 759]
Event: 1.439 Thread 0x0000022b5cb7c6d0 Exception <a 'java/lang/IncompatibleClassChangeError'{0x00000000eab2b9b0}: Found class java.lang.Object, but interface was expected> (0x00000000eab2b9b0) 
thrown [s\src\hotspot\share\interpreter\linkResolver.cpp, line 826]
Event: 1.440 Thread 0x0000022b5cb7c6d0 Exception <a 'java/lang/NoSuchMethodError'{0x00000000eab2fe90}: 'void java.lang.invoke.DirectMethodHandle$Holder.invokeStatic(java.lang.Object, java.lang.Object)'> (0x00000000eab2fe90) 
thrown [s\src\hotspot\share\interpreter\linkResolver.cpp, line 759]
Event: 1.440 Thread 0x0000022b5cb7c6d0 Exception <a 'java/lang/NoSuchMethodError'{0x00000000eab33690}: 'void java.lang.invoke.DirectMethodHandle$Holder.invokeStaticInit(java.lang.Object, java.lang.Object)'> (0x00000000eab33690) 
thrown [s\src\hotspot\share\interpreter\linkResolver.cpp, line 759]
Event: 1.441 Thread 0x0000022b5cb7c6d0 Exception <a 'java/lang/NoSuchMethodError'{0x00000000eab3ab00}: 'int java.lang.invoke.DirectMethodHandle$Holder.invokeStaticInit(java.lang.Object, java.lang.Object)'> (0x00000000eab3ab00) 
thrown [s\src\hotspot\share\interpreter\linkResolver.cpp, line 759]
Event: 1.488 Thread 0x0000022b5cb7c6d0 Exception <a 'java/lang/NoSuchMethodError'{0x00000000eacc8718}: 'void java.lang.invoke.DirectMethodHandle$Holder.invokeSpecial(java.lang.Object, java.lang.Object, java.lang.Object)'> (0x00000000eacc8718) 
thrown [s\src\hotspot\share\interpreter\linkResolver.cpp, line 759]
Event: 1.998 Thread 0x0000022b5cb7c6d0 Exception <a 'java/lang/NoSuchMethodError'{0x00000000ebacf698}: 'java.lang.Object java.lang.invoke.DirectMethodHandle$Holder.newInvokeSpecial(java.lang.Object, int, java.lang.Object)'> (0x00000000ebacf698) 
thrown [s\src\hotspot\share\interpreter\linkResolver.cpp, line 759]
Event: 2.277 Thread 0x0000022b5cb7c6d0 Exception <a 'java/lang/UnsatisfiedLinkError'{0x00000000ec0a3b58}: 'void org.eclipse.equinox.launcher.JNIBridge._update_splash()'> (0x00000000ec0a3b58) 
thrown [s\src\hotspot\share\prims\nativeLookup.cpp, line 543]
Event: 2.290 Thread 0x0000022b76782290 Exception <a 'java/lang/NoSuchMethodError'{0x00000000ec16c4f8}: 'java.lang.Object java.lang.invoke.Invokers$Holder.invokeExact_MT(java.lang.Object, java.lang.Object, java.lang.Object, java.lang.Object, java.lang.Object, java.lang.Object)'> (0x00000000ec16c4f8) 
thrown [s\src\hotspot\share\interpreter\linkResolver.cpp, line 759]
Event: 2.292 Thread 0x0000022b76782290 Exception <a 'java/lang/NoSuchMethodError'{0x00000000ec17ff00}: 'int java.lang.invoke.DirectMethodHandle$Holder.invokeSpecial(java.lang.Object, java.lang.Object, java.lang.Object)'> (0x00000000ec17ff00) 
thrown [s\src\hotspot\share\interpreter\linkResolver.cpp, line 759]
Event: 2.457 Thread 0x0000022b76583190 Exception <a 'java/lang/NoSuchMethodError'{0x00000000ead72190}: 'java.lang.Object java.lang.invoke.DirectMethodHandle$Holder.invokeStaticInit(java.lang.Object)'> (0x00000000ead72190) 
thrown [s\src\hotspot\share\interpreter\linkResolver.cpp, line 759]
Event: 2.483 Thread 0x0000022b76583190 Exception <a 'java/lang/NoSuchMethodError'{0x00000000eae65400}: 'java.lang.Object java.lang.invoke.DirectMethodHandle$Holder.newInvokeSpecial(java.lang.Object, java.lang.Object, int, java.lang.Object)'> (0x00000000eae65400) 
thrown [s\src\hotspot\share\interpreter\linkResolver.cpp, line 759]
Event: 2.484 Thread 0x0000022b76583190 Exception <a 'java/lang/NoSuchMethodError'{0x00000000eae696e8}: 'java.lang.Object java.lang.invoke.DirectMethodHandle$Holder.invokeSpecial(java.lang.Object, java.lang.Object, java.lang.Object, int, java.lang.Object)'> (0x00000000eae696e8) 
thrown [s\src\hotspot\share\interpreter\linkResolver.cpp, line 759]
Event: 2.548 Thread 0x0000022b76583190 Exception <a 'java/lang/ClassNotFoundException'{0x00000000eb095380}: sun/util/logging/resources/spi/loggingProvider> (0x00000000eb095380) 
thrown [s\src\hotspot\share\classfile\systemDictionary.cpp, line 256]
Event: 3.232 Thread 0x0000022b76583190 Exception <a 'java/lang/NullPointerException'{0x00000000eaf3e788}> (0x00000000eaf3e788) 
thrown [s\src\hotspot\share\interpreter\linkResolver.cpp, line 1350]
Event: 3.232 Thread 0x0000022b76583190 Exception <a 'java/lang/NullPointerException'{0x00000000eaf3ea60}> (0x00000000eaf3ea60) 
thrown [s\src\hotspot\share\interpreter\linkResolver.cpp, line 1350]

VM Operations (20 events):
Event: 1.973 Executing VM operation: HandshakeAllThreads
Event: 1.973 Executing VM operation: HandshakeAllThreads done
Event: 1.992 Executing VM operation: HandshakeAllThreads
Event: 1.992 Executing VM operation: HandshakeAllThreads done
Event: 2.399 Executing VM operation: ParallelGCFailedAllocation
Event: 2.404 Executing VM operation: ParallelGCFailedAllocation done
Event: 2.445 Executing VM operation: HandshakeAllThreads
Event: 2.445 Executing VM operation: HandshakeAllThreads done
Event: 2.526 Executing VM operation: HandshakeAllThreads
Event: 2.526 Executing VM operation: HandshakeAllThreads done
Event: 2.560 Executing VM operation: HandshakeAllThreads
Event: 2.560 Executing VM operation: HandshakeAllThreads done
Event: 2.628 Executing VM operation: HandshakeAllThreads
Event: 2.628 Executing VM operation: HandshakeAllThreads done
Event: 2.641 Executing VM operation: HandshakeAllThreads
Event: 2.641 Executing VM operation: HandshakeAllThreads done
Event: 3.113 Executing VM operation: ParallelGCFailedAllocation
Event: 3.119 Executing VM operation: ParallelGCFailedAllocation done
Event: 3.228 Executing VM operation: HandshakeAllThreads
Event: 3.228 Executing VM operation: HandshakeAllThreads done

Memory protections (0 events):
No events

Nmethod flushes (0 events):
No events

Events (20 events):
Event: 0.118 Thread 0x0000022b5cb7c6d0 Thread added: 0x0000022b709eba00
Event: 0.118 Thread 0x0000022b5cb7c6d0 Thread added: 0x0000022b709ee2e0
Event: 0.118 Thread 0x0000022b5cb7c6d0 Thread added: 0x0000022b709eef90
Event: 0.127 Thread 0x0000022b5cb7c6d0 Thread added: 0x0000022b75be39d0
Event: 0.128 Thread 0x0000022b5cb7c6d0 Thread added: 0x0000022b75be66a0
Event: 0.199 Thread 0x0000022b5cb7c6d0 Thread added: 0x0000022b75c94020
Event: 0.372 Thread 0x0000022b709eef90 Thread added: 0x0000022b75e57530
Event: 0.637 Thread 0x0000022b5cb7c6d0 Thread added: 0x0000022b75e72190
Event: 1.375 Thread 0x0000022b75e57530 Thread exited: 0x0000022b75e57530
Event: 1.550 Thread 0x0000022b75be39d0 Thread added: 0x0000022b763a45f0
Event: 1.923 Thread 0x0000022b5cb7c6d0 Thread added: 0x0000022b7664be40
Event: 2.276 Thread 0x0000022b5cb7c6d0 Thread added: 0x0000022b76782290
Event: 2.325 Thread 0x0000022b76782290 Thread added: 0x0000022b767ae9c0
Event: 2.365 Thread 0x0000022b5cb7c6d0 Thread added: 0x0000022b76583190
Event: 2.632 Thread 0x0000022b763a45f0 Thread exited: 0x0000022b763a45f0
Event: 2.670 Thread 0x0000022b75be39d0 Thread added: 0x0000022b763a45f0
Event: 2.884 Thread 0x0000022b76583190 Thread added: 0x0000022b765225f0
Event: 3.134 Thread 0x0000022b763a45f0 Thread exited: 0x0000022b763a45f0
Event: 3.177 Thread 0x0000022b76583190 Thread added: 0x0000022b76d7ab30
Event: 3.435 Thread 0x0000022b76583190 Thread added: 0x0000022b76d7b550


Dynamic libraries:
0x00007ff71cd70000 - 0x00007ff71cd7e000 	c:\Users\Grafin\.vscode\extensions\redhat.java-1.38.0-win32-x64\jre\17.0.13-win32-x86_64\bin\java.exe
0x00007ff9bf1d0000 - 0x00007ff9bf3c8000 	C:\WINDOWS\SYSTEM32\ntdll.dll
0x00007ff9bdf60000 - 0x00007ff9be01f000 	C:\WINDOWS\System32\KERNEL32.DLL
0x00007ff9bcf30000 - 0x00007ff9bd202000 	C:\WINDOWS\System32\KERNELBASE.dll
0x00007ff9bcd60000 - 0x00007ff9bce60000 	C:\WINDOWS\System32\ucrtbase.dll
0x00007ff9b8390000 - 0x00007ff9b83a7000 	c:\Users\Grafin\.vscode\extensions\redhat.java-1.38.0-win32-x64\jre\17.0.13-win32-x86_64\bin\jli.dll
0x00007ff9beac0000 - 0x00007ff9bec61000 	C:\WINDOWS\System32\USER32.dll
0x00007ff9bcf00000 - 0x00007ff9bcf22000 	C:\WINDOWS\System32\win32u.dll
0x00007ff9bdb40000 - 0x00007ff9bdb6b000 	C:\WINDOWS\System32\GDI32.dll
0x00007ff9bca10000 - 0x00007ff9bcb1f000 	C:\WINDOWS\System32\gdi32full.dll
0x00007ff9bce60000 - 0x00007ff9bcefd000 	C:\WINDOWS\System32\msvcp_win.dll
0x00007ff9adbb0000 - 0x00007ff9adbce000 	c:\Users\Grafin\.vscode\extensions\redhat.java-1.38.0-win32-x64\jre\17.0.13-win32-x86_64\bin\VCRUNTIME140.dll
0x00007ff9a68d0000 - 0x00007ff9a6b6a000 	C:\WINDOWS\WinSxS\amd64_microsoft.windows.common-controls_6595b64144ccf1df_6.0.19041.1110_none_60b5254171f9507e\COMCTL32.dll
0x00007ff9bed20000 - 0x00007ff9bedbe000 	C:\WINDOWS\System32\msvcrt.dll
0x00007ff9bdf20000 - 0x00007ff9bdf52000 	C:\WINDOWS\System32\IMM32.DLL
0x00007ff9b8350000 - 0x00007ff9b835c000 	c:\Users\Grafin\.vscode\extensions\redhat.java-1.38.0-win32-x64\jre\17.0.13-win32-x86_64\bin\vcruntime140_1.dll
0x00007ff9978e0000 - 0x00007ff99796d000 	c:\Users\Grafin\.vscode\extensions\redhat.java-1.38.0-win32-x64\jre\17.0.13-win32-x86_64\bin\msvcp140.dll
0x00007ff93b540000 - 0x00007ff93c1ab000 	c:\Users\Grafin\.vscode\extensions\redhat.java-1.38.0-win32-x64\jre\17.0.13-win32-x86_64\bin\server\jvm.dll
0x00007ff9bd330000 - 0x00007ff9bd3de000 	C:\WINDOWS\System32\ADVAPI32.dll
0x00007ff9be6e0000 - 0x00007ff9be77c000 	C:\WINDOWS\System32\sechost.dll
0x00007ff9be930000 - 0x00007ff9bea55000 	C:\WINDOWS\System32\RPCRT4.dll
0x00007ff9bedc0000 - 0x00007ff9bee2b000 	C:\WINDOWS\System32\WS2_32.dll
0x00007ff9bc730000 - 0x00007ff9bc77b000 	C:\WINDOWS\SYSTEM32\POWRPROF.dll
0x00007ff9aa6a0000 - 0x00007ff9aa6c7000 	C:\WINDOWS\SYSTEM32\WINMM.dll
0x00007ff9aa400000 - 0x00007ff9aa40a000 	C:\WINDOWS\SYSTEM32\VERSION.dll
0x00007ff9bc710000 - 0x00007ff9bc722000 	C:\WINDOWS\SYSTEM32\UMPDC.dll
0x00007ff9ba760000 - 0x00007ff9ba772000 	C:\WINDOWS\SYSTEM32\kernel.appcore.dll
0x00007ff9b7e70000 - 0x00007ff9b7e7a000 	c:\Users\Grafin\.vscode\extensions\redhat.java-1.38.0-win32-x64\jre\17.0.13-win32-x86_64\bin\jimage.dll
0x00007ff9aa420000 - 0x00007ff9aa604000 	C:\WINDOWS\SYSTEM32\DBGHELP.DLL
0x00007ff9aa3c0000 - 0x00007ff9aa3f5000 	C:\WINDOWS\SYSTEM32\dbgcore.DLL
0x00007ff9bc8c0000 - 0x00007ff9bc942000 	C:\WINDOWS\System32\bcryptPrimitives.dll
0x00007ff9b3490000 - 0x00007ff9b349e000 	c:\Users\Grafin\.vscode\extensions\redhat.java-1.38.0-win32-x64\jre\17.0.13-win32-x86_64\bin\instrument.dll
0x00007ff9adb80000 - 0x00007ff9adba5000 	c:\Users\Grafin\.vscode\extensions\redhat.java-1.38.0-win32-x64\jre\17.0.13-win32-x86_64\bin\java.dll
0x00007ff9adb60000 - 0x00007ff9adb78000 	c:\Users\Grafin\.vscode\extensions\redhat.java-1.38.0-win32-x64\jre\17.0.13-win32-x86_64\bin\zip.dll
0x00007ff9bd3f0000 - 0x00007ff9bdb34000 	C:\WINDOWS\System32\SHELL32.dll
0x00007ff9ba960000 - 0x00007ff9bb0f2000 	C:\WINDOWS\SYSTEM32\windows.storage.dll
0x00007ff9bee30000 - 0x00007ff9bf185000 	C:\WINDOWS\System32\combase.dll
0x00007ff9bc160000 - 0x00007ff9bc190000 	C:\WINDOWS\SYSTEM32\Wldp.dll
0x00007ff9be630000 - 0x00007ff9be6dd000 	C:\WINDOWS\System32\SHCORE.dll
0x00007ff9bdec0000 - 0x00007ff9bdf15000 	C:\WINDOWS\System32\shlwapi.dll
0x00007ff9bc800000 - 0x00007ff9bc81f000 	C:\WINDOWS\SYSTEM32\profapi.dll
0x00007ff9ad8d0000 - 0x00007ff9ad8e9000 	C:\Users\Grafin\.vscode\extensions\redhat.java-1.38.0-win32-x64\jre\17.0.13-win32-x86_64\bin\net.dll
0x00007ff9b53b0000 - 0x00007ff9b54bc000 	C:\WINDOWS\SYSTEM32\WINHTTP.dll
0x00007ff9bbf40000 - 0x00007ff9bbfaa000 	C:\WINDOWS\system32\mswsock.dll
0x00007ff9ad010000 - 0x00007ff9ad026000 	C:\Users\Grafin\.vscode\extensions\redhat.java-1.38.0-win32-x64\jre\17.0.13-win32-x86_64\bin\nio.dll
0x00007ff9b1cc0000 - 0x00007ff9b1cd0000 	c:\Users\Grafin\.vscode\extensions\redhat.java-1.38.0-win32-x64\jre\17.0.13-win32-x86_64\bin\verify.dll
0x00007ff9a21c0000 - 0x00007ff9a2205000 	C:\Users\Grafin\AppData\Roaming\Code\User\globalStorage\redhat.java\1.38.0\config_win\org.eclipse.equinox.launcher\org.eclipse.equinox.launcher.win32.win32.x86_64_1.2.1100.v20240722-2106\eclipse_11904.dll
0x00007ff9be080000 - 0x00007ff9be1aa000 	C:\WINDOWS\System32\ole32.dll

dbghelp: loaded successfully - version: 4.0.5 - missing functions: none
symbol engine: initialized successfully - sym options: 0x614 - pdb path: .;c:\Users\Grafin\.vscode\extensions\redhat.java-1.38.0-win32-x64\jre\17.0.13-win32-x86_64\bin;C:\WINDOWS\SYSTEM32;C:\WINDOWS\WinSxS\amd64_microsoft.windows.common-controls_6595b64144ccf1df_6.0.19041.1110_none_60b5254171f9507e;c:\Users\Grafin\.vscode\extensions\redhat.java-1.38.0-win32-x64\jre\17.0.13-win32-x86_64\bin\server;C:\Users\Grafin\AppData\Roaming\Code\User\globalStorage\redhat.java\1.38.0\config_win\org.eclipse.equinox.launcher\org.eclipse.equinox.launcher.win32.win32.x86_64_1.2.1100.v20240722-2106

VM Arguments:
jvm_args: --add-modules=ALL-SYSTEM --add-opens=java.base/java.util=ALL-UNNAMED --add-opens=java.base/java.lang=ALL-UNNAMED --add-opens=java.base/sun.nio.fs=ALL-UNNAMED -Declipse.application=org.eclipse.jdt.ls.core.id1 -Dosgi.bundles.defaultStartLevel=4 -Declipse.product=org.eclipse.jdt.ls.core.product -Djava.import.generatesMetadataFilesAtProjectRoot=false -DDetectVMInstallationsJob.disabled=true -Dfile.encoding=utf8 -XX:+UseParallelGC -XX:GCTimeRatio=4 -XX:AdaptiveSizePolicyWeight=90 -Dsun.zip.disableMemoryMapping=true -Xmx1G -Xms100m -Xlog:disable -javaagent:c:\Users\Grafin\.vscode\extensions\redhat.java-1.38.0-win32-x64\lombok\lombok-1.18.34.jar -XX:+HeapDumpOnOutOfMemoryError -XX:HeapDumpPath=c:\Users\Grafin\AppData\Roaming\Code\User\workspaceStorage\d75267737fc2299de4f02e53e9170fb4\redhat.java -Daether.dependencyCollector.impl=bf 
java_command: c:\Users\Grafin\.vscode\extensions\redhat.java-1.38.0-win32-x64\server\plugins\org.eclipse.equinox.launcher_1.6.900.v20240613-2009.jar -configuration c:\Users\Grafin\AppData\Roaming\Code\User\globalStorage\redhat.java\1.38.0\config_win -data c:\Users\Grafin\AppData\Roaming\Code\User\workspaceStorage\d75267737fc2299de4f02e53e9170fb4\redhat.java\jdt_ws --pipe=\\.\pipe\lsp-8944a8d1153c5fa03a43e3e8df41a8ea-sock
java_class_path (initial): c:\Users\Grafin\.vscode\extensions\redhat.java-1.38.0-win32-x64\server\plugins\org.eclipse.equinox.launcher_1.6.900.v20240613-2009.jar
Launcher Type: SUN_STANDARD

[Global flags]
    uintx AdaptiveSizePolicyWeight                 = 90                                        {product} {command line}
     intx CICompilerCount                          = 3                                         {product} {ergonomic}
    uintx GCTimeRatio                              = 4                                         {product} {command line}
     bool HeapDumpOnOutOfMemoryError               = true                                   {manageable} {command line}
    ccstr HeapDumpPath                             = c:\Users\Grafin\AppData\Roaming\Code\User\workspaceStorage\d75267737fc2299de4f02e53e9170fb4\redhat.java         {manageable} {command line}
   size_t InitialHeapSize                          = 104857600                                 {product} {command line}
   size_t MaxHeapSize                              = 1073741824                                {product} {command line}
   size_t MaxNewSize                               = 357564416                                 {product} {ergonomic}
   size_t MinHeapDeltaBytes                        = 524288                                    {product} {ergonomic}
   size_t MinHeapSize                              = 104857600                                 {product} {command line}
   size_t NewSize                                  = 34603008                                  {product} {ergonomic}
    uintx NonNMethodCodeHeapSize                   = 5832780                                {pd product} {ergonomic}
    uintx NonProfiledCodeHeapSize                  = 122912730                              {pd product} {ergonomic}
   size_t OldSize                                  = 70254592                                  {product} {ergonomic}
    uintx ProfiledCodeHeapSize                     = 122912730                              {pd product} {ergonomic}
    uintx ReservedCodeCacheSize                    = 251658240                              {pd product} {ergonomic}
     bool SegmentedCodeCache                       = true                                      {product} {ergonomic}
   size_t SoftMaxHeapSize                          = 1073741824                             {manageable} {ergonomic}
     bool UseCompressedClassPointers               = true                           {product lp64_product} {ergonomic}
     bool UseCompressedOops                        = true                           {product lp64_product} {ergonomic}
     bool UseLargePagesIndividualAllocation        = false                                  {pd product} {ergonomic}
     bool UseParallelGC                            = true                                      {product} {command line}

Logging:
Log output configuration:
 #0: stdout all=off uptime,level,tags
 #1: stderr all=off uptime,level,tags

Environment Variables:
JAVA_HOME=C:\Program Files\Java\jdk-17
PATH=C:\Program Files\Common Files\Oracle\Java\javapath;C:\WINDOWS\system32;C:\WINDOWS;C:\WINDOWS\System32\Wbem;C:\WINDOWS\System32\WindowsPowerShell\v1.0\;C:\WINDOWS\System32\OpenSSH\;C:\Program Files\dotnet\;C:\Program Files\MySQL\MySQL Server 8.0\bin;C:\Program Files\MySQL\MySQL Shell 8.0\bin;C:\Program Files (x86)\Git\cmd;C:\ProgramData\ComposerSetup\bin;C:\xampp\php;C:\php-8.2.21-Win32-vs16-x64;C:\Program Files\flutter_windows_3.22.3-stable\flutter\bin;C:\Program Files\flutter_windows_3.22.3-stable\flutter\bin\cache\dart-sdk;C:\Program Files\mysql-9.0.1-winx64\bin;C:\Users\Grafin\AppData\Roaming\nvm;C:\Program Files\nodejs;C:\Program Files\Java\jdk-17;C:\ProgramData\chocolatey\bin;C:\Program Files\nodejs;C:\Users\Grafin\AppData\Local\Android\Sdk;C:\Users\Grafin\AppData\Local\Android\Sdk\cmdline-tools\latest\bin;C:\Users\Grafin\AppData\Local\Android\Sdk\platform-tools;C:\Users\Grafin\AppData\Local\Android\Sdk\platform-tools;C:\Users\Grafin\AppData\Local\Android\Sdk\tools;C:\Users\Grafin\AppData\Local\Android\Sdkbuild-tools\34.0.0;C:\php;C:\Program Files\Microsoft SQL Server\150\Tools\Binn\;C:\Program Files\Microsoft SQL Server\Client SDK\ODBC\170\Tools\Binn\;C:\Program Files\MySQL\MySQL Shell 8.0\bin\;C:\Users\Grafin\.dotnet\tools;C:\xampp\php;C:\Users\Grafin\AppData\Local\ComposerSetup\bin;C:\Users\Grafin\AppData\Roaming\Composer\vendor\bin;C:\Users\Grafin\AppData\Roaming\npm;C:\Users\Grafin\AppData\Roaming\nvm;C:\Program Files\nodejs;C:\Program Files\Java\jdk-20\bin;C:\Users\Grafin\AppData\Local\Android\Sdk;C:\Users\Grafin\AppData\Local\Programs\Microsoft VS Code\bin;
USERNAME=Grafin
OS=Windows_NT
PROCESSOR_IDENTIFIER=Intel64 Family 6 Model 58 Stepping 9, GenuineIntel
TMP=C:\Users\Grafin\AppData\Local\Temp
TEMP=C:\Users\Grafin\AppData\Local\Temp



Periodic native trim disabled


---------------  S Y S T E M  ---------------

OS:
 Windows 10 , 64 bit Build 19041 (10.0.19041.2364)
OS uptime: 0 days 18:59 hours
Hyper-V role detected

CPU: total 4 (initial active 4) (4 cores per cpu, 1 threads per core) family 6 model 58 stepping 9 microcode 0x21, cx8, cmov, fxsr, mmx, sse, sse2, sse3, ssse3, sse4.1, sse4.2, popcnt, tsc, tscinvbit, avx, aes, erms, clmul, vzeroupper, clflush, hv
Processor Information for all 4 processors :
  Max Mhz: 3301, Current Mhz: 3301, Mhz Limit: 3301

Memory: 4k page, system-wide physical 12181M (534M free)
TotalPageFile size 14181M (AvailPageFile size 8M)
current process WorkingSet (physical memory assigned to process): 107M, peak: 107M
current process commit charge ("private bytes"): 205M, peak: 205M

vm_info: OpenJDK 64-Bit Server VM (17.0.13+11) for windows-amd64 JRE (17.0.13+11), built on Oct 16 2024 00:10:08 by "admin" with MS VC++ 17.7 (VS2022)

END.
