#
# There is insufficient memory for the Java Runtime Environment to continue.
# Native memory allocation (malloc) failed to allocate 131088 bytes. Error detail: Chunk::new
# Possible reasons:
#   The system is out of physical RAM or swap space
#   This process is running with CompressedOops enabled, and the Java Heap may be blocking the growth of the native heap
# Possible solutions:
#   Reduce memory load on the system
#   Increase physical memory or swap space
#   Check if swap backing store is full
#   Decrease Java heap size (-Xmx/-Xms)
#   Decrease number of Java threads
#   Decrease Java thread stack sizes (-Xss)
#   Set larger code cache with -XX:ReservedCodeCacheSize=
#   JVM is running with Unscaled Compressed Oops mode in which the Java heap is
#     placed in the first 4GB address space. The Java Heap base address is the
#     maximum limit for the native heap growth. Please use -XX:HeapBaseMinAddress
#     to set the Java Heap base and to place the Java Heap above 4GB virtual address.
# This output file may be truncated or incomplete.
#
#  Out of Memory Error (arena.cpp:191), pid=2388, tid=4768
#
# JRE version: OpenJDK Runtime Environment Temurin-17.0.13+11 (17.0.13+11) (build 17.0.13+11)
# Java VM: OpenJDK 64-Bit Server VM Temurin-17.0.13+11 (17.0.13+11, mixed mode, tiered, compressed oops, compressed class ptrs, parallel gc, windows-amd64)
# No core dump will be written. Minidumps are not enabled by default on client versions of Windows
#

---------------  S U M M A R Y ------------

Command Line: --add-modules=ALL-SYSTEM --add-opens=java.base/java.util=ALL-UNNAMED --add-opens=java.base/java.lang=ALL-UNNAMED --add-opens=java.base/sun.nio.fs=ALL-UNNAMED -Declipse.application=org.eclipse.jdt.ls.core.id1 -Dosgi.bundles.defaultStartLevel=4 -Declipse.product=org.eclipse.jdt.ls.core.product -Djava.import.generatesMetadataFilesAtProjectRoot=false -DDetectVMInstallationsJob.disabled=true -Dfile.encoding=utf8 -XX:+UseParallelGC -XX:GCTimeRatio=4 -XX:AdaptiveSizePolicyWeight=90 -Dsun.zip.disableMemoryMapping=true -Xmx1G -Xms100m -Xlog:disable -javaagent:c:\Users\Grafin\.vscode\extensions\redhat.java-1.38.0-win32-x64\lombok\lombok-1.18.34.jar c:\Users\Grafin\.vscode\extensions\redhat.java-1.38.0-win32-x64\server\plugins\org.eclipse.equinox.launcher_1.6.900.v20240613-2009.jar -configuration c:\Users\Grafin\AppData\Roaming\Code\User\globalStorage\redhat.java\1.38.0\config_ss_win -data c:\Users\Grafin\AppData\Roaming\Code\User\workspaceStorage\d75267737fc2299de4f02e53e9170fb4\redhat.java\ss_ws --pipe=\\.\pipe\lsp-dde5164e1af7f43398f775dfa945ccbb-sock

Host: Intel(R) Core(TM) i5-3550 CPU @ 3.30GHz, 4 cores, 11G,  Windows 10 , 64 bit Build 19041 (10.0.19041.2364)
Time: Wed Jan 22 10:56:32 2025 Sri Lanka Standard Time elapsed time: 4.138495 seconds (0d 0h 0m 4s)

---------------  T H R E A D  ---------------

Current thread (0x000001e79f27b260):  JavaThread "C2 CompilerThread0" daemon [_thread_in_native, id=4768, stack(0x000000d69a800000,0x000000d69a900000)]


Current CompileTask:
C2:   4138 2465       4       org.lombokweb.asm.ClassReader::readMethod (1066 bytes)

Stack: [0x000000d69a800000,0x000000d69a900000]
Native frames: (J=compiled Java code, j=interpreted, Vv=VM code, C=native code)
V  [jvm.dll+0x682a19]
V  [jvm.dll+0x839538]
V  [jvm.dll+0x83afe3]
V  [jvm.dll+0x83b653]
V  [jvm.dll+0x24704f]
V  [jvm.dll+0xace34]
V  [jvm.dll+0xad4cc]
V  [jvm.dll+0xacf44]
V  [jvm.dll+0x6a80f5]
V  [jvm.dll+0x1a73b3]
V  [jvm.dll+0x6a6609]
V  [jvm.dll+0x220de8]
V  [jvm.dll+0x219b8b]
V  [jvm.dll+0x21738b]
V  [jvm.dll+0x1a3070]
V  [jvm.dll+0x22788c]
V  [jvm.dll+0x2259eb]
V  [jvm.dll+0x7eec98]
V  [jvm.dll+0x7e8ffc]
V  [jvm.dll+0x6818f7]
C  [ucrtbase.dll+0x21bb2]
C  [KERNEL32.DLL+0x17614]
C  [ntdll.dll+0x526a1]


---------------  P R O C E S S  ---------------

Threads class SMR info:
_java_thread_list=0x000001e7a52598a0, length=21, elements={
0x000001e78b40bed0, 0x000001e79f24a1e0, 0x000001e79f24e770, 0x000001e79f276670,
0x000001e79f279140, 0x000001e79f279b00, 0x000001e79f27a4c0, 0x000001e79f27b260,
0x000001e7a4470f60, 0x000001e7a4471c20, 0x000001e7a4583c70, 0x000001e7a473ba20,
0x000001e7a5187350, 0x000001e7a5213700, 0x000001e7a4dd0e60, 0x000001e7a4fae280,
0x000001e7a51b37b0, 0x000001e7a52bcec0, 0x000001e7a52bc4a0, 0x000001e7a52bd8e0,
0x000001e7a52bc9b0
}

Java Threads: ( => current thread )
  0x000001e78b40bed0 JavaThread "main" [_thread_blocked, id=13456, stack(0x000000d699e00000,0x000000d699f00000)]
  0x000001e79f24a1e0 JavaThread "Reference Handler" daemon [_thread_blocked, id=5060, stack(0x000000d69a200000,0x000000d69a300000)]
  0x000001e79f24e770 JavaThread "Finalizer" daemon [_thread_blocked, id=8336, stack(0x000000d69a300000,0x000000d69a400000)]
  0x000001e79f276670 JavaThread "Signal Dispatcher" daemon [_thread_blocked, id=12296, stack(0x000000d69a400000,0x000000d69a500000)]
  0x000001e79f279140 JavaThread "Attach Listener" daemon [_thread_blocked, id=9972, stack(0x000000d69a500000,0x000000d69a600000)]
  0x000001e79f279b00 JavaThread "Service Thread" daemon [_thread_blocked, id=15096, stack(0x000000d69a600000,0x000000d69a700000)]
  0x000001e79f27a4c0 JavaThread "Monitor Deflation Thread" daemon [_thread_blocked, id=10824, stack(0x000000d69a700000,0x000000d69a800000)]
=>0x000001e79f27b260 JavaThread "C2 CompilerThread0" daemon [_thread_in_native, id=4768, stack(0x000000d69a800000,0x000000d69a900000)]
  0x000001e7a4470f60 JavaThread "C1 CompilerThread0" daemon [_thread_blocked, id=8696, stack(0x000000d69a900000,0x000000d69aa00000)]
  0x000001e7a4471c20 JavaThread "Sweeper thread" daemon [_thread_blocked, id=6204, stack(0x000000d69aa00000,0x000000d69ab00000)]
  0x000001e7a4583c70 JavaThread "Common-Cleaner" daemon [_thread_blocked, id=5304, stack(0x000000d69ab00000,0x000000d69ac00000)]
  0x000001e7a473ba20 JavaThread "Notification Thread" daemon [_thread_blocked, id=3044, stack(0x000000d69ac00000,0x000000d69ad00000)]
  0x000001e7a5187350 JavaThread "Active Thread: Equinox Container: a40a93ec-395a-4480-84ca-5341c3225c10" [_thread_blocked, id=1636, stack(0x000000d69b200000,0x000000d69b300000)]
  0x000001e7a5213700 JavaThread "Framework Event Dispatcher: Equinox Container: a40a93ec-395a-4480-84ca-5341c3225c10" daemon [_thread_blocked, id=8296, stack(0x000000d69b300000,0x000000d69b400000)]
  0x000001e7a4dd0e60 JavaThread "Start Level: Equinox Container: a40a93ec-395a-4480-84ca-5341c3225c10" daemon [_thread_in_native, id=14952, stack(0x000000d69b400000,0x000000d69b500000)]
  0x000001e7a4fae280 JavaThread "SCR Component Actor" daemon [_thread_blocked, id=13656, stack(0x000000d69b500000,0x000000d69b600000)]
  0x000001e7a51b37b0 JavaThread "SCR Component Registry" daemon [_thread_blocked, id=14440, stack(0x000000d69b600000,0x000000d69b700000)]
  0x000001e7a52bcec0 JavaThread "Worker-JM" [_thread_blocked, id=9624, stack(0x000000d69b700000,0x000000d69b800000)]
  0x000001e7a52bc4a0 JavaThread "JNA Cleaner" daemon [_thread_blocked, id=1172, stack(0x000000d69ae00000,0x000000d69af00000)]
  0x000001e7a52bd8e0 JavaThread "Worker-0" [_thread_blocked, id=6284, stack(0x000000d69b800000,0x000000d69b900000)]
  0x000001e7a52bc9b0 JavaThread "Worker-1" [_thread_blocked, id=9660, stack(0x000000d69b900000,0x000000d69ba00000)]

Other Threads:
  0x000001e79f2316c0 VMThread "VM Thread" [stack: 0x000000d69a100000,0x000000d69a200000] [id=9352]
  0x000001e7a473bf00 WatcherThread [stack: 0x000000d69ad00000,0x000000d69ae00000] [id=6488]
  0x000001e78b421a00 GCTaskThread "GC Thread#0" [stack: 0x000000d69a000000,0x000000d69a100000] [id=13940]
  0x000001e7a4bc39e0 GCTaskThread "GC Thread#1" [stack: 0x000000d69af00000,0x000000d69b000000] [id=10496]
  0x000001e7a4b6b430 GCTaskThread "GC Thread#2" [stack: 0x000000d69b000000,0x000000d69b100000] [id=4080]
  0x000001e7a4b6b6f0 GCTaskThread "GC Thread#3" [stack: 0x000000d69b100000,0x000000d69b200000] [id=3884]

Threads with active compile tasks:
C2 CompilerThread0     4152 2465       4       org.lombokweb.asm.ClassReader::readMethod (1066 bytes)

VM state: not at safepoint (normal execution)

VM Mutex/Monitor currently owned by a thread: None

Heap address: 0x00000000c0000000, size: 1024 MB, Compressed Oops mode: 32-bit

CDS archive(s) not mapped
Compressed class space mapped at: 0x0000000100000000-0x0000000140000000, reserved size: 1073741824
Narrow klass base: 0x0000000000000000, Narrow klass shift: 3, Narrow klass range: 0x140000000

GC Precious Log:
 CPUs: 4 total, 4 available
 Memory: 12181M
 Large Page Support: Disabled
 NUMA Support: Disabled
 Compressed Oops: Enabled (32-bit)
 Alignments: Space 512K, Generation 512K, Heap 2M
 Heap Min Capacity: 100M
 Heap Initial Capacity: 100M
 Heap Max Capacity: 1G
 Pre-touch: Disabled
 Parallel Workers: 4

Heap:
 PSYoungGen      total 28160K, used 18505K [0x00000000eab00000, 0x00000000eca80000, 0x0000000100000000)
  eden space 25088K, 63% used [0x00000000eab00000,0x00000000eba76ca0,0x00000000ec380000)
  from space 3072K, 86% used [0x00000000ec400000,0x00000000ec69bb38,0x00000000ec700000)
  to   space 3584K, 0% used [0x00000000ec700000,0x00000000ec700000,0x00000000eca80000)
 ParOldGen       total 68608K, used 6917K [0x00000000c0000000, 0x00000000c4300000, 0x00000000eab00000)
  object space 68608K, 10% used [0x00000000c0000000,0x00000000c06c1710,0x00000000c4300000)
 Metaspace       used 27076K, committed 27648K, reserved 1114112K
  class space    used 2666K, committed 2944K, reserved 1048576K

Card table byte_map: [0x000001e78adb0000,0x000001e78afc0000] _byte_map_base: 0x000001e78a7b0000

Marking Bits: (ParMarkBitMap*) 0x00007ff93c0e6940
 Begin Bits: [0x000001e79d0b0000, 0x000001e79e0b0000)
 End Bits:   [0x000001e79e0b0000, 0x000001e79f0b0000)

Polling page: 0x000001e7893d0000

Metaspace:

Usage:
  Non-class:     23.84 MB used.
      Class:      2.60 MB used.
       Both:     26.44 MB used.

Virtual space:
  Non-class space:       64.00 MB reserved,      24.12 MB ( 38%) committed,  1 nodes.
      Class space:        1.00 GB reserved,       2.88 MB ( <1%) committed,  1 nodes.
             Both:        1.06 GB reserved,      27.00 MB (  2%) committed. 

Chunk freelists:
   Non-Class:  7.78 MB
       Class:  13.17 MB
        Both:  20.95 MB

MaxMetaspaceSize: unlimited
CompressedClassSpaceSize: 1.00 GB
Initial GC threshold: 21.00 MB
Current GC threshold: 35.00 MB
CDS: off
MetaspaceReclaimPolicy: balanced
 - commit_granule_bytes: 65536.
 - commit_granule_words: 8192.
 - virtual_space_node_default_size: 8388608.
 - enlarge_chunks_in_place: 1.
 - new_chunks_are_fully_committed: 0.
 - uncommit_free_chunks: 1.
 - use_allocation_guard: 0.
 - handle_deallocations: 1.


Internal statistics:

num_allocs_failed_limit: 3.
num_arena_births: 302.
num_arena_deaths: 14.
num_vsnodes_births: 2.
num_vsnodes_deaths: 0.
num_space_committed: 432.
num_space_uncommitted: 0.
num_chunks_returned_to_freelist: 17.
num_chunks_taken_from_freelist: 1030.
num_chunk_merges: 5.
num_chunk_splits: 663.
num_chunks_enlarged: 456.
num_inconsistent_stats: 0.

CodeHeap 'non-profiled nmethods': size=120000Kb used=965Kb max_used=965Kb free=119034Kb
 bounds [0x000001e795b80000, 0x000001e795df0000, 0x000001e79d0b0000]
CodeHeap 'profiled nmethods': size=120000Kb used=4755Kb max_used=4755Kb free=115244Kb
 bounds [0x000001e78e0b0000, 0x000001e78e560000, 0x000001e7955e0000]
CodeHeap 'non-nmethods': size=5760Kb used=1228Kb max_used=1228Kb free=4531Kb
 bounds [0x000001e7955e0000, 0x000001e795850000, 0x000001e795b80000]
 total_blobs=3012 nmethods=2475 adapters=451
 compilation: enabled
              stopped_count=0, restarted_count=0
 full_count=0

Compilation events (20 events):
Event: 4.076 Thread 0x000001e7a4470f60 2467 %     3       org.lombokweb.asm.ClassReader::<init> @ 110 (371 bytes)
Event: 4.077 Thread 0x000001e7a4470f60 nmethod 2467% 0x000001e78e548e10 code [0x000001e78e549100, 0x000001e78e54a3d8]
Event: 4.077 Thread 0x000001e7a4470f60 2469       3       java.util.regex.Pattern$BmpCharPropertyGreedy::match (89 bytes)
Event: 4.077 Thread 0x000001e7a4470f60 nmethod 2469 0x000001e78e54a990 code [0x000001e78e54ab80, 0x000001e78e54b1a8]
Event: 4.077 Thread 0x000001e7a4470f60 2468       3       org.lombokweb.asm.ClassReader::readByte (11 bytes)
Event: 4.077 Thread 0x000001e7a4470f60 nmethod 2468 0x000001e78e54b390 code [0x000001e78e54b520, 0x000001e78e54b658]
Event: 4.091 Thread 0x000001e7a4470f60 2470       3       java.lang.Math::abs (13 bytes)
Event: 4.091 Thread 0x000001e7a4470f60 nmethod 2470 0x000001e78e54b710 code [0x000001e78e54b8a0, 0x000001e78e54ba18]
Event: 4.108 Thread 0x000001e7a4470f60 2471 %     3       org.lombokweb.asm.SymbolTable::<init> @ 98 (536 bytes)
Event: 4.111 Thread 0x000001e7a4470f60 nmethod 2471% 0x000001e78e54ba90 code [0x000001e78e54c040, 0x000001e78e54eb48]
Event: 4.111 Thread 0x000001e7a4470f60 2475       3       org.lombokweb.asm.MethodWriter::visitLabel (332 bytes)
Event: 4.112 Thread 0x000001e7a4470f60 nmethod 2475 0x000001e78e54fd10 code [0x000001e78e54ff40, 0x000001e78e550838]
Event: 4.112 Thread 0x000001e7a4470f60 2472       3       org.lombokweb.asm.ByteVector::put11 (52 bytes)
Event: 4.112 Thread 0x000001e7a4470f60 nmethod 2472 0x000001e78e550a90 code [0x000001e78e550c40, 0x000001e78e550e48]
Event: 4.112 Thread 0x000001e7a4470f60 2474       3       org.lombokweb.asm.MethodVisitor::visitInsn (16 bytes)
Event: 4.112 Thread 0x000001e7a4470f60 nmethod 2474 0x000001e78e550f90 code [0x000001e78e551140, 0x000001e78e551348]
Event: 4.112 Thread 0x000001e7a4470f60 2476       3       org.lombokweb.asm.Symbol::getArgumentsAndReturnSizes (23 bytes)
Event: 4.112 Thread 0x000001e7a4470f60 nmethod 2476 0x000001e78e551410 code [0x000001e78e5515c0, 0x000001e78e551748]
Event: 4.112 Thread 0x000001e7a4470f60 2473       1       lombok.patcher.MethodLogistics::getReturnOpcode (5 bytes)
Event: 4.112 Thread 0x000001e7a4470f60 nmethod 2473 0x000001e795c71210 code [0x000001e795c713a0, 0x000001e795c71478]

GC Heap History (12 events):
Event: 1.014 GC heap before
{Heap before GC invocations=1 (full 0):
 PSYoungGen      total 29696K, used 25600K [0x00000000eab00000, 0x00000000ecc00000, 0x0000000100000000)
  eden space 25600K, 100% used [0x00000000eab00000,0x00000000ec400000,0x00000000ec400000)
  from space 4096K, 0% used [0x00000000ec800000,0x00000000ec800000,0x00000000ecc00000)
  to   space 4096K, 0% used [0x00000000ec400000,0x00000000ec400000,0x00000000ec800000)
 ParOldGen       total 68608K, used 0K [0x00000000c0000000, 0x00000000c4300000, 0x00000000eab00000)
  object space 68608K, 0% used [0x00000000c0000000,0x00000000c0000000,0x00000000c4300000)
 Metaspace       used 10952K, committed 11072K, reserved 1114112K
  class space    used 1090K, committed 1152K, reserved 1048576K
}
Event: 1.019 GC heap after
{Heap after GC invocations=1 (full 0):
 PSYoungGen      total 29696K, used 3173K [0x00000000eab00000, 0x00000000ecc00000, 0x0000000100000000)
  eden space 25600K, 0% used [0x00000000eab00000,0x00000000eab00000,0x00000000ec400000)
  from space 4096K, 77% used [0x00000000ec400000,0x00000000ec719508,0x00000000ec800000)
  to   space 4096K, 0% used [0x00000000ec800000,0x00000000ec800000,0x00000000ecc00000)
 ParOldGen       total 68608K, used 16K [0x00000000c0000000, 0x00000000c4300000, 0x00000000eab00000)
  object space 68608K, 0% used [0x00000000c0000000,0x00000000c0004000,0x00000000c4300000)
 Metaspace       used 10952K, committed 11072K, reserved 1114112K
  class space    used 1090K, committed 1152K, reserved 1048576K
}
Event: 1.964 GC heap before
{Heap before GC invocations=2 (full 0):
 PSYoungGen      total 29696K, used 28773K [0x00000000eab00000, 0x00000000ecc00000, 0x0000000100000000)
  eden space 25600K, 100% used [0x00000000eab00000,0x00000000ec400000,0x00000000ec400000)
  from space 4096K, 77% used [0x00000000ec400000,0x00000000ec719508,0x00000000ec800000)
  to   space 4096K, 0% used [0x00000000ec800000,0x00000000ec800000,0x00000000ecc00000)
 ParOldGen       total 68608K, used 16K [0x00000000c0000000, 0x00000000c4300000, 0x00000000eab00000)
  object space 68608K, 0% used [0x00000000c0000000,0x00000000c0004000,0x00000000c4300000)
 Metaspace       used 14747K, committed 15040K, reserved 1114112K
  class space    used 1494K, committed 1664K, reserved 1048576K
}
Event: 1.969 GC heap after
{Heap after GC invocations=2 (full 0):
 PSYoungGen      total 29696K, used 4085K [0x00000000eab00000, 0x00000000ecc00000, 0x0000000100000000)
  eden space 25600K, 0% used [0x00000000eab00000,0x00000000eab00000,0x00000000ec400000)
  from space 4096K, 99% used [0x00000000ec800000,0x00000000ecbfd4f8,0x00000000ecc00000)
  to   space 4096K, 0% used [0x00000000ec400000,0x00000000ec400000,0x00000000ec800000)
 ParOldGen       total 68608K, used 856K [0x00000000c0000000, 0x00000000c4300000, 0x00000000eab00000)
  object space 68608K, 1% used [0x00000000c0000000,0x00000000c00d6010,0x00000000c4300000)
 Metaspace       used 14747K, committed 15040K, reserved 1114112K
  class space    used 1494K, committed 1664K, reserved 1048576K
}
Event: 2.841 GC heap before
{Heap before GC invocations=3 (full 0):
 PSYoungGen      total 29696K, used 29685K [0x00000000eab00000, 0x00000000ecc00000, 0x0000000100000000)
  eden space 25600K, 100% used [0x00000000eab00000,0x00000000ec400000,0x00000000ec400000)
  from space 4096K, 99% used [0x00000000ec800000,0x00000000ecbfd4f8,0x00000000ecc00000)
  to   space 4096K, 0% used [0x00000000ec400000,0x00000000ec400000,0x00000000ec800000)
 ParOldGen       total 68608K, used 856K [0x00000000c0000000, 0x00000000c4300000, 0x00000000eab00000)
  object space 68608K, 1% used [0x00000000c0000000,0x00000000c00d6010,0x00000000c4300000)
 Metaspace       used 19771K, committed 20160K, reserved 1114112K
  class space    used 2017K, committed 2176K, reserved 1048576K
}
Event: 2.847 GC heap after
{Heap after GC invocations=3 (full 0):
 PSYoungGen      total 29696K, used 4067K [0x00000000eab00000, 0x00000000ecc00000, 0x0000000100000000)
  eden space 25600K, 0% used [0x00000000eab00000,0x00000000eab00000,0x00000000ec400000)
  from space 4096K, 99% used [0x00000000ec400000,0x00000000ec7f8c60,0x00000000ec800000)
  to   space 4096K, 0% used [0x00000000ec800000,0x00000000ec800000,0x00000000ecc00000)
 ParOldGen       total 68608K, used 2574K [0x00000000c0000000, 0x00000000c4300000, 0x00000000eab00000)
  object space 68608K, 3% used [0x00000000c0000000,0x00000000c0283ba0,0x00000000c4300000)
 Metaspace       used 19771K, committed 20160K, reserved 1114112K
  class space    used 2017K, committed 2176K, reserved 1048576K
}
Event: 3.005 GC heap before
{Heap before GC invocations=4 (full 0):
 PSYoungGen      total 29696K, used 10531K [0x00000000eab00000, 0x00000000ecc00000, 0x0000000100000000)
  eden space 25600K, 25% used [0x00000000eab00000,0x00000000eb1502c8,0x00000000ec400000)
  from space 4096K, 99% used [0x00000000ec400000,0x00000000ec7f8c60,0x00000000ec800000)
  to   space 4096K, 0% used [0x00000000ec800000,0x00000000ec800000,0x00000000ecc00000)
 ParOldGen       total 68608K, used 2574K [0x00000000c0000000, 0x00000000c4300000, 0x00000000eab00000)
  object space 68608K, 3% used [0x00000000c0000000,0x00000000c0283ba0,0x00000000c4300000)
 Metaspace       used 21035K, committed 21504K, reserved 1114112K
  class space    used 2150K, committed 2368K, reserved 1048576K
}
Event: 3.009 GC heap after
{Heap after GC invocations=4 (full 0):
 PSYoungGen      total 29696K, used 4064K [0x00000000eab00000, 0x00000000ecc00000, 0x0000000100000000)
  eden space 25600K, 0% used [0x00000000eab00000,0x00000000eab00000,0x00000000ec400000)
  from space 4096K, 99% used [0x00000000ec800000,0x00000000ecbf82e0,0x00000000ecc00000)
  to   space 4096K, 0% used [0x00000000ec400000,0x00000000ec400000,0x00000000ec800000)
 ParOldGen       total 68608K, used 3002K [0x00000000c0000000, 0x00000000c4300000, 0x00000000eab00000)
  object space 68608K, 4% used [0x00000000c0000000,0x00000000c02eebb0,0x00000000c4300000)
 Metaspace       used 21035K, committed 21504K, reserved 1114112K
  class space    used 2150K, committed 2368K, reserved 1048576K
}
Event: 3.009 GC heap before
{Heap before GC invocations=5 (full 1):
 PSYoungGen      total 29696K, used 4064K [0x00000000eab00000, 0x00000000ecc00000, 0x0000000100000000)
  eden space 25600K, 0% used [0x00000000eab00000,0x00000000eab00000,0x00000000ec400000)
  from space 4096K, 99% used [0x00000000ec800000,0x00000000ecbf82e0,0x00000000ecc00000)
  to   space 4096K, 0% used [0x00000000ec400000,0x00000000ec400000,0x00000000ec800000)
 ParOldGen       total 68608K, used 3002K [0x00000000c0000000, 0x00000000c4300000, 0x00000000eab00000)
  object space 68608K, 4% used [0x00000000c0000000,0x00000000c02eebb0,0x00000000c4300000)
 Metaspace       used 21035K, committed 21504K, reserved 1114112K
  class space    used 2150K, committed 2368K, reserved 1048576K
}
Event: 3.029 GC heap after
{Heap after GC invocations=5 (full 1):
 PSYoungGen      total 29696K, used 0K [0x00000000eab00000, 0x00000000ecc00000, 0x0000000100000000)
  eden space 25600K, 0% used [0x00000000eab00000,0x00000000eab00000,0x00000000ec400000)
  from space 4096K, 0% used [0x00000000ec800000,0x00000000ec800000,0x00000000ecc00000)
  to   space 4096K, 0% used [0x00000000ec400000,0x00000000ec400000,0x00000000ec800000)
 ParOldGen       total 68608K, used 6909K [0x00000000c0000000, 0x00000000c4300000, 0x00000000eab00000)
  object space 68608K, 10% used [0x00000000c0000000,0x00000000c06bf710,0x00000000c4300000)
 Metaspace       used 21022K, committed 21504K, reserved 1114112K
  class space    used 2146K, committed 2368K, reserved 1048576K
}
Event: 3.819 GC heap before
{Heap before GC invocations=6 (full 1):
 PSYoungGen      total 29696K, used 25600K [0x00000000eab00000, 0x00000000ecc00000, 0x0000000100000000)
  eden space 25600K, 100% used [0x00000000eab00000,0x00000000ec400000,0x00000000ec400000)
  from space 4096K, 0% used [0x00000000ec800000,0x00000000ec800000,0x00000000ecc00000)
  to   space 4096K, 0% used [0x00000000ec400000,0x00000000ec400000,0x00000000ec800000)
 ParOldGen       total 68608K, used 6909K [0x00000000c0000000, 0x00000000c4300000, 0x00000000eab00000)
  object space 68608K, 10% used [0x00000000c0000000,0x00000000c06bf710,0x00000000c4300000)
 Metaspace       used 23996K, committed 24512K, reserved 1114112K
  class space    used 2450K, committed 2688K, reserved 1048576K
}
Event: 3.821 GC heap after
{Heap after GC invocations=6 (full 1):
 PSYoungGen      total 28160K, used 2670K [0x00000000eab00000, 0x00000000eca80000, 0x0000000100000000)
  eden space 25088K, 0% used [0x00000000eab00000,0x00000000eab00000,0x00000000ec380000)
  from space 3072K, 86% used [0x00000000ec400000,0x00000000ec69bb38,0x00000000ec700000)
  to   space 3584K, 0% used [0x00000000ec700000,0x00000000ec700000,0x00000000eca80000)
 ParOldGen       total 68608K, used 6917K [0x00000000c0000000, 0x00000000c4300000, 0x00000000eab00000)
  object space 68608K, 10% used [0x00000000c0000000,0x00000000c06c1710,0x00000000c4300000)
 Metaspace       used 23996K, committed 24512K, reserved 1114112K
  class space    used 2450K, committed 2688K, reserved 1048576K
}

Dll operation events (10 events):
Event: 0.007 Loaded shared library c:\Users\Grafin\.vscode\extensions\redhat.java-1.38.0-win32-x64\jre\17.0.13-win32-x86_64\bin\java.dll
Event: 0.245 Loaded shared library c:\Users\Grafin\.vscode\extensions\redhat.java-1.38.0-win32-x64\jre\17.0.13-win32-x86_64\bin\zip.dll
Event: 0.247 Loaded shared library C:\Users\Grafin\.vscode\extensions\redhat.java-1.38.0-win32-x64\jre\17.0.13-win32-x86_64\bin\instrument.dll
Event: 0.259 Loaded shared library C:\Users\Grafin\.vscode\extensions\redhat.java-1.38.0-win32-x64\jre\17.0.13-win32-x86_64\bin\net.dll
Event: 0.271 Loaded shared library C:\Users\Grafin\.vscode\extensions\redhat.java-1.38.0-win32-x64\jre\17.0.13-win32-x86_64\bin\nio.dll
Event: 0.278 Loaded shared library C:\Users\Grafin\.vscode\extensions\redhat.java-1.38.0-win32-x64\jre\17.0.13-win32-x86_64\bin\zip.dll
Event: 0.293 Loaded shared library C:\Users\Grafin\.vscode\extensions\redhat.java-1.38.0-win32-x64\jre\17.0.13-win32-x86_64\bin\jimage.dll
Event: 0.366 Loaded shared library c:\Users\Grafin\.vscode\extensions\redhat.java-1.38.0-win32-x64\jre\17.0.13-win32-x86_64\bin\verify.dll
Event: 1.814 Loaded shared library C:\Users\Grafin\AppData\Roaming\Code\User\globalStorage\redhat.java\1.38.0\config_ss_win\org.eclipse.equinox.launcher\org.eclipse.equinox.launcher.win32.win32.x86_64_1.2.1100.v20240722-2106\eclipse_11904.dll
Event: 3.382 Loaded shared library C:\Users\Grafin\AppData\Local\Temp\jna-2140942229\jna7065386997323584590.dll

Deoptimization events (20 events):
Event: 3.363 Thread 0x000001e7a4dd0e60 DEOPT PACKING pc=0x000001e78e4c23f8 sp=0x000000d69b4f5e00
Event: 3.363 Thread 0x000001e7a4dd0e60 DEOPT UNPACKING pc=0x000001e795636e43 sp=0x000000d69b4f5278 mode 0
Event: 3.367 Thread 0x000001e7a4dd0e60 DEOPT PACKING pc=0x000001e78e4c23f8 sp=0x000000d69b4f5e00
Event: 3.367 Thread 0x000001e7a4dd0e60 DEOPT UNPACKING pc=0x000001e795636e43 sp=0x000000d69b4f5278 mode 0
Event: 3.563 Thread 0x000001e7a4dd0e60 Uncommon trap: trap_request=0xffffff45 fr.pc=0x000001e795bb00c8 relative=0x0000000000000048
Event: 3.563 Thread 0x000001e7a4dd0e60 Uncommon trap: reason=unstable_if action=reinterpret pc=0x000001e795bb00c8 method=java.lang.CharacterData.of(I)Ljava/lang/CharacterData; @ 4 c2
Event: 3.563 Thread 0x000001e7a4dd0e60 DEOPT PACKING pc=0x000001e795bb00c8 sp=0x000000d69b4f8780
Event: 3.563 Thread 0x000001e7a4dd0e60 DEOPT UNPACKING pc=0x000001e7956366a3 sp=0x000000d69b4f8718 mode 2
Event: 3.684 Thread 0x000001e7a4dd0e60 Uncommon trap: trap_request=0xffffff45 fr.pc=0x000001e795c6571c relative=0x000000000000075c
Event: 3.684 Thread 0x000001e7a4dd0e60 Uncommon trap: reason=unstable_if action=reinterpret pc=0x000001e795c6571c method=org.lombokweb.asm.ClassReader.readUTF8(I[C)Ljava/lang/String; @ 11 c2
Event: 3.684 Thread 0x000001e7a4dd0e60 DEOPT PACKING pc=0x000001e795c6571c sp=0x000000d69b4f3660
Event: 3.684 Thread 0x000001e7a4dd0e60 DEOPT UNPACKING pc=0x000001e7956366a3 sp=0x000000d69b4f3648 mode 2
Event: 4.109 Thread 0x000001e7a4dd0e60 Uncommon trap: trap_request=0xffffff45 fr.pc=0x000001e795c71094 relative=0x0000000000000114
Event: 4.109 Thread 0x000001e7a4dd0e60 Uncommon trap: reason=unstable_if action=reinterpret pc=0x000001e795c71094 method=org.lombokweb.asm.ByteVector.putByteArray([BII)Lorg/lombokweb/asm/ByteVector; @ 20 c2
Event: 4.109 Thread 0x000001e7a4dd0e60 DEOPT PACKING pc=0x000001e795c71094 sp=0x000000d69b4f2580
Event: 4.109 Thread 0x000001e7a4dd0e60 DEOPT UNPACKING pc=0x000001e7956366a3 sp=0x000000d69b4f2550 mode 2
Event: 4.109 Thread 0x000001e7a4dd0e60 Uncommon trap: trap_request=0xffffff45 fr.pc=0x000001e795c70a54 relative=0x0000000000000334
Event: 4.109 Thread 0x000001e7a4dd0e60 Uncommon trap: reason=unstable_if action=reinterpret pc=0x000001e795c70a54 method=org.lombokweb.asm.Label.resolve([BLorg/lombokweb/asm/ByteVector;I)Z @ 81 c2
Event: 4.109 Thread 0x000001e7a4dd0e60 DEOPT PACKING pc=0x000001e795c70a54 sp=0x000000d69b4f2600
Event: 4.109 Thread 0x000001e7a4dd0e60 DEOPT UNPACKING pc=0x000001e7956366a3 sp=0x000000d69b4f2508 mode 2

Classes loaded (20 events):
Event: 3.703 Loading class java/util/zip/GZIPInputStream
Event: 3.703 Loading class java/util/zip/GZIPInputStream done
Event: 3.706 Loading class java/net/SocketTimeoutException
Event: 3.707 Loading class java/io/InterruptedIOException
Event: 3.707 Loading class java/io/InterruptedIOException done
Event: 3.707 Loading class java/net/SocketTimeoutException done
Event: 3.707 Loading class java/net/SocketException
Event: 3.707 Loading class java/net/SocketException done
Event: 3.707 Loading class java/net/UnknownHostException
Event: 3.708 Loading class java/net/UnknownHostException done
Event: 3.708 Loading class java/net/ProtocolException
Event: 3.708 Loading class java/net/ProtocolException done
Event: 3.730 Loading class java/lang/ThreadLocal$SuppliedThreadLocal
Event: 3.731 Loading class java/lang/ThreadLocal$SuppliedThreadLocal done
Event: 3.742 Loading class java/io/FileWriter
Event: 3.742 Loading class java/io/FileWriter done
Event: 3.839 Loading class java/lang/NegativeArraySizeException
Event: 3.839 Loading class java/lang/NegativeArraySizeException done
Event: 3.843 Loading class java/lang/invoke/MethodHandle$1
Event: 3.843 Loading class java/lang/invoke/MethodHandle$1 done

Classes unloaded (7 events):
Event: 3.013 Thread 0x000001e79f2316c0 Unloading class 0x000000010021e400 'java/lang/invoke/LambdaForm$MH+0x000000010021e400'
Event: 3.013 Thread 0x000001e79f2316c0 Unloading class 0x000000010021e000 'java/lang/invoke/LambdaForm$MH+0x000000010021e000'
Event: 3.013 Thread 0x000001e79f2316c0 Unloading class 0x000000010021dc00 'java/lang/invoke/LambdaForm$MH+0x000000010021dc00'
Event: 3.013 Thread 0x000001e79f2316c0 Unloading class 0x000000010021d800 'java/lang/invoke/LambdaForm$MH+0x000000010021d800'
Event: 3.013 Thread 0x000001e79f2316c0 Unloading class 0x000000010021d400 'java/lang/invoke/LambdaForm$BMH+0x000000010021d400'
Event: 3.013 Thread 0x000001e79f2316c0 Unloading class 0x000000010021d000 'java/lang/invoke/LambdaForm$DMH+0x000000010021d000'
Event: 3.013 Thread 0x000001e79f2316c0 Unloading class 0x0000000100218400 'java/lang/invoke/LambdaForm$DMH+0x0000000100218400'

Classes redefined (0 events):
No events

Internal exceptions (20 events):
Event: 2.832 Thread 0x000001e7a4dd0e60 Exception <a 'java/io/FileNotFoundException'{0x00000000ec3800e8}> (0x00000000ec3800e8) 
thrown [s\src\hotspot\share\prims\jni.cpp, line 516]
Event: 2.886 Thread 0x000001e7a4dd0e60 Exception <a 'java/lang/NoSuchMethodError'{0x00000000ead94690}: 'java.lang.Object java.lang.invoke.DirectMethodHandle$Holder.newInvokeSpecial(java.lang.Object, java.lang.Object, java.lang.Object, java.lang.Object, java.lang.Object)'> (0x00000000ead94690) 
thrown [s\src\hotspot\share\interpreter\linkResolver.cpp, line 759]
Event: 2.933 Thread 0x000001e7a4dd0e60 Exception <a 'java/lang/NoSuchMethodError'{0x00000000eaf0f498}: 'java.lang.Object java.lang.invoke.DirectMethodHandle$Holder.invokeStaticInit(java.lang.Object, int)'> (0x00000000eaf0f498) 
thrown [s\src\hotspot\share\interpreter\linkResolver.cpp, line 759]
Event: 3.041 Thread 0x000001e7a4dd0e60 Exception <a 'java/lang/NoSuchMethodError'{0x00000000eabf36b8}: 'java.lang.Object java.lang.invoke.DirectMethodHandle$Holder.invokeStaticInit(java.lang.Object, int, int, int, int)'> (0x00000000eabf36b8) 
thrown [s\src\hotspot\share\interpreter\linkResolver.cpp, line 759]
Event: 3.372 Thread 0x000001e7a4dd0e60 Exception <a 'java/lang/NoSuchMethodError'{0x00000000ead4df98}: 'java.lang.Object java.lang.invoke.DirectMethodHandle$Holder.invokeStaticInit(java.lang.Object, java.lang.Object, int, int, int, int)'> (0x00000000ead4df98) 
thrown [s\src\hotspot\share\interpreter\linkResolver.cpp, line 759]
Event: 3.492 Thread 0x000001e7a4dd0e60 Exception <a 'java/lang/NoSuchMethodError'{0x00000000eb0404b0}: 'java.lang.Object java.lang.invoke.DirectMethodHandle$Holder.invokeSpecial(java.lang.Object, java.lang.Object, java.lang.Object, long, java.lang.Object)'> (0x00000000eb0404b0) 
thrown [s\src\hotspot\share\interpreter\linkResolver.cpp, line 759]
Event: 3.494 Thread 0x000001e7a4dd0e60 Exception <a 'java/lang/NoSuchMethodError'{0x00000000eb048668}: 'java.lang.Object java.lang.invoke.DirectMethodHandle$Holder.newInvokeSpecial(java.lang.Object, java.lang.Object, java.lang.Object, long)'> (0x00000000eb048668) 
thrown [s\src\hotspot\share\interpreter\linkResolver.cpp, line 759]
Event: 3.495 Thread 0x000001e7a4dd0e60 Exception <a 'java/lang/NoSuchMethodError'{0x00000000eb04cc08}: 'java.lang.Object java.lang.invoke.DirectMethodHandle$Holder.invokeSpecial(java.lang.Object, java.lang.Object, java.lang.Object, java.lang.Object, long)'> (0x00000000eb04cc08) 
thrown [s\src\hotspot\share\interpreter\linkResolver.cpp, line 759]
Event: 3.495 Thread 0x000001e7a4dd0e60 Exception <a 'java/lang/NoSuchMethodError'{0x00000000eb050a80}: 'java.lang.Object java.lang.invoke.Invokers$Holder.linkToTargetMethod(java.lang.Object, java.lang.Object, long, java.lang.Object)'> (0x00000000eb050a80) 
thrown [s\src\hotspot\share\interpreter\linkResolver.cpp, line 759]
Event: 3.539 Thread 0x000001e7a4dd0e60 Exception <a 'java/lang/NoSuchMethodError'{0x00000000eb0a4918}: 'int java.lang.invoke.DirectMethodHandle$Holder.invokeStaticInit(java.lang.Object, java.lang.Object, java.lang.Object)'> (0x00000000eb0a4918) 
thrown [s\src\hotspot\share\interpreter\linkResolver.cpp, line 759]
Event: 3.582 Thread 0x000001e7a4dd0e60 Exception <a 'java/lang/IncompatibleClassChangeError'{0x00000000eb2dfed0}: Found class java.lang.Object, but interface was expected> (0x00000000eb2dfed0) 
thrown [s\src\hotspot\share\interpreter\linkResolver.cpp, line 826]
Event: 3.586 Thread 0x000001e7a4dd0e60 Exception <a 'java/lang/NoSuchMethodError'{0x00000000eb2f2b20}: 'java.lang.Object java.lang.invoke.DirectMethodHandle$Holder.invokeSpecial(java.lang.Object, java.lang.Object, java.lang.Object, int, java.lang.Object, java.lang.Object)'> (0x00000000eb2f2b20) 
thrown [s\src\hotspot\share\interpreter\linkResolver.cpp, line 759]
Event: 3.587 Thread 0x000001e7a4dd0e60 Exception <a 'java/lang/NoSuchMethodError'{0x00000000eb2fb4f0}: 'java.lang.Object java.lang.invoke.DirectMethodHandle$Holder.newInvokeSpecial(java.lang.Object, java.lang.Object, java.lang.Object, int, java.lang.Object)'> (0x00000000eb2fb4f0) 
thrown [s\src\hotspot\share\interpreter\linkResolver.cpp, line 759]
Event: 3.588 Thread 0x000001e7a4dd0e60 Exception <a 'java/lang/NoSuchMethodError'{0x00000000eb2ff948}: 'java.lang.Object java.lang.invoke.DirectMethodHandle$Holder.invokeSpecial(java.lang.Object, java.lang.Object, java.lang.Object, java.lang.Object, int, java.lang.Object)'> (0x00000000eb2ff948) 
thrown [s\src\hotspot\share\interpreter\linkResolver.cpp, line 759]
Event: 3.592 Thread 0x000001e7a52bd8e0 Exception <a 'java/lang/NoSuchMethodError'{0x00000000eb0cdbf0}: 'java.lang.Object java.lang.invoke.DirectMethodHandle$Holder.invokeSpecial(java.lang.Object, java.lang.Object, int, java.lang.Object, java.lang.Object)'> (0x00000000eb0cdbf0) 
thrown [s\src\hotspot\share\interpreter\linkResolver.cpp, line 759]
Event: 3.596 Thread 0x000001e7a52bd8e0 Exception <a 'java/lang/NoSuchMethodError'{0x00000000eb0d52c0}: 'java.lang.Object java.lang.invoke.DirectMethodHandle$Holder.newInvokeSpecial(java.lang.Object, java.lang.Object, int, java.lang.Object)'> (0x00000000eb0d52c0) 
thrown [s\src\hotspot\share\interpreter\linkResolver.cpp, line 759]
Event: 3.596 Thread 0x000001e7a52bd8e0 Exception <a 'java/lang/NoSuchMethodError'{0x00000000eb0d8dd0}: 'java.lang.Object java.lang.invoke.DirectMethodHandle$Holder.invokeSpecial(java.lang.Object, java.lang.Object, java.lang.Object, int, java.lang.Object)'> (0x00000000eb0d8dd0) 
thrown [s\src\hotspot\share\interpreter\linkResolver.cpp, line 759]
Event: 3.639 Thread 0x000001e7a4dd0e60 Exception <a 'java/lang/NoSuchMethodError'{0x00000000eb629df8}: 'double java.lang.invoke.DirectMethodHandle$Holder.invokeStatic(java.lang.Object, java.lang.Object)'> (0x00000000eb629df8) 
thrown [s\src\hotspot\share\interpreter\linkResolver.cpp, line 759]
Event: 3.639 Thread 0x000001e7a4dd0e60 Exception <a 'java/lang/NoSuchMethodError'{0x00000000eb62d710}: 'double java.lang.invoke.DirectMethodHandle$Holder.invokeStaticInit(java.lang.Object, java.lang.Object)'> (0x00000000eb62d710) 
thrown [s\src\hotspot\share\interpreter\linkResolver.cpp, line 759]
Event: 4.109 Thread 0x000001e7a4dd0e60 Implicit null exception at 0x000001e795c70fc8 to 0x000001e795c71078

VM Operations (20 events):
Event: 1.964 Executing VM operation: ParallelGCFailedAllocation
Event: 1.969 Executing VM operation: ParallelGCFailedAllocation done
Event: 2.497 Executing VM operation: HandshakeAllThreads
Event: 2.497 Executing VM operation: HandshakeAllThreads done
Event: 2.730 Executing VM operation: HandshakeAllThreads
Event: 2.730 Executing VM operation: HandshakeAllThreads done
Event: 2.841 Executing VM operation: ParallelGCFailedAllocation
Event: 2.847 Executing VM operation: ParallelGCFailedAllocation done
Event: 3.005 Executing VM operation: CollectForMetadataAllocation
Event: 3.029 Executing VM operation: CollectForMetadataAllocation done
Event: 3.053 Executing VM operation: HandshakeAllThreads
Event: 3.053 Executing VM operation: HandshakeAllThreads done
Event: 3.389 Executing VM operation: HandshakeAllThreads
Event: 3.389 Executing VM operation: HandshakeAllThreads done
Event: 3.549 Executing VM operation: HandshakeAllThreads
Event: 3.549 Executing VM operation: HandshakeAllThreads done
Event: 3.564 Executing VM operation: HandshakeAllThreads
Event: 3.564 Executing VM operation: HandshakeAllThreads done
Event: 3.819 Executing VM operation: ParallelGCFailedAllocation
Event: 3.821 Executing VM operation: ParallelGCFailedAllocation done

Memory protections (0 events):
No events

Nmethod flushes (0 events):
No events

Events (20 events):
Event: 0.096 Thread 0x000001e78b40bed0 Thread added: 0x000001e79f279b00
Event: 0.096 Thread 0x000001e78b40bed0 Thread added: 0x000001e79f27a4c0
Event: 0.096 Thread 0x000001e78b40bed0 Thread added: 0x000001e79f27b260
Event: 0.108 Thread 0x000001e78b40bed0 Thread added: 0x000001e7a4470f60
Event: 0.113 Thread 0x000001e78b40bed0 Thread added: 0x000001e7a4471c20
Event: 0.186 Thread 0x000001e78b40bed0 Thread added: 0x000001e7a4583c70
Event: 0.480 Thread 0x000001e78b40bed0 Thread added: 0x000001e7a473ba20
Event: 0.577 Thread 0x000001e7a4470f60 Thread added: 0x000001e7a473f6a0
Event: 1.388 Thread 0x000001e78b40bed0 Thread added: 0x000001e7a5187350
Event: 1.690 Thread 0x000001e7a473f6a0 Thread exited: 0x000001e7a473f6a0
Event: 1.766 Thread 0x000001e7a4470f60 Thread added: 0x000001e7a473f6a0
Event: 1.795 Thread 0x000001e78b40bed0 Thread added: 0x000001e7a5213700
Event: 1.804 Thread 0x000001e78b40bed0 Thread added: 0x000001e7a4dd0e60
Event: 1.851 Thread 0x000001e7a4dd0e60 Thread added: 0x000001e7a4fae280
Event: 2.039 Thread 0x000001e7a4dd0e60 Thread added: 0x000001e7a51b37b0
Event: 2.580 Thread 0x000001e7a4dd0e60 Thread added: 0x000001e7a52bcec0
Event: 2.622 Thread 0x000001e7a473f6a0 Thread exited: 0x000001e7a473f6a0
Event: 3.413 Thread 0x000001e7a4dd0e60 Thread added: 0x000001e7a52bc4a0
Event: 3.499 Thread 0x000001e7a4dd0e60 Thread added: 0x000001e7a52bd8e0
Event: 3.597 Thread 0x000001e7a52bd8e0 Thread added: 0x000001e7a52bc9b0


Dynamic libraries:
0x00007ff71cd70000 - 0x00007ff71cd7e000 	c:\Users\Grafin\.vscode\extensions\redhat.java-1.38.0-win32-x64\jre\17.0.13-win32-x86_64\bin\java.exe
0x00007ff9bf1d0000 - 0x00007ff9bf3c8000 	C:\WINDOWS\SYSTEM32\ntdll.dll
0x00007ff9bdf60000 - 0x00007ff9be01f000 	C:\WINDOWS\System32\KERNEL32.DLL
0x00007ff9bcf30000 - 0x00007ff9bd202000 	C:\WINDOWS\System32\KERNELBASE.dll
0x00007ff9bcd60000 - 0x00007ff9bce60000 	C:\WINDOWS\System32\ucrtbase.dll
0x00007ff9b8390000 - 0x00007ff9b83a7000 	c:\Users\Grafin\.vscode\extensions\redhat.java-1.38.0-win32-x64\jre\17.0.13-win32-x86_64\bin\jli.dll
0x00007ff9beac0000 - 0x00007ff9bec61000 	C:\WINDOWS\System32\USER32.dll
0x00007ff9bcf00000 - 0x00007ff9bcf22000 	C:\WINDOWS\System32\win32u.dll
0x00007ff9bdb40000 - 0x00007ff9bdb6b000 	C:\WINDOWS\System32\GDI32.dll
0x00007ff9bca10000 - 0x00007ff9bcb1f000 	C:\WINDOWS\System32\gdi32full.dll
0x00007ff9bce60000 - 0x00007ff9bcefd000 	C:\WINDOWS\System32\msvcp_win.dll
0x00007ff9adbb0000 - 0x00007ff9adbce000 	c:\Users\Grafin\.vscode\extensions\redhat.java-1.38.0-win32-x64\jre\17.0.13-win32-x86_64\bin\VCRUNTIME140.dll
0x00007ff9a68d0000 - 0x00007ff9a6b6a000 	C:\WINDOWS\WinSxS\amd64_microsoft.windows.common-controls_6595b64144ccf1df_6.0.19041.1110_none_60b5254171f9507e\COMCTL32.dll
0x00007ff9bed20000 - 0x00007ff9bedbe000 	C:\WINDOWS\System32\msvcrt.dll
0x00007ff9bdf20000 - 0x00007ff9bdf52000 	C:\WINDOWS\System32\IMM32.DLL
0x00007ff9b8350000 - 0x00007ff9b835c000 	c:\Users\Grafin\.vscode\extensions\redhat.java-1.38.0-win32-x64\jre\17.0.13-win32-x86_64\bin\vcruntime140_1.dll
0x00007ff9978e0000 - 0x00007ff99796d000 	c:\Users\Grafin\.vscode\extensions\redhat.java-1.38.0-win32-x64\jre\17.0.13-win32-x86_64\bin\msvcp140.dll
0x00007ff93b540000 - 0x00007ff93c1ab000 	c:\Users\Grafin\.vscode\extensions\redhat.java-1.38.0-win32-x64\jre\17.0.13-win32-x86_64\bin\server\jvm.dll
0x00007ff9bd330000 - 0x00007ff9bd3de000 	C:\WINDOWS\System32\ADVAPI32.dll
0x00007ff9be6e0000 - 0x00007ff9be77c000 	C:\WINDOWS\System32\sechost.dll
0x00007ff9be930000 - 0x00007ff9bea55000 	C:\WINDOWS\System32\RPCRT4.dll
0x00007ff9bedc0000 - 0x00007ff9bee2b000 	C:\WINDOWS\System32\WS2_32.dll
0x00007ff9bc730000 - 0x00007ff9bc77b000 	C:\WINDOWS\SYSTEM32\POWRPROF.dll
0x00007ff9aa6a0000 - 0x00007ff9aa6c7000 	C:\WINDOWS\SYSTEM32\WINMM.dll
0x00007ff9aa400000 - 0x00007ff9aa40a000 	C:\WINDOWS\SYSTEM32\VERSION.dll
0x00007ff9bc710000 - 0x00007ff9bc722000 	C:\WINDOWS\SYSTEM32\UMPDC.dll
0x00007ff9ba760000 - 0x00007ff9ba772000 	C:\WINDOWS\SYSTEM32\kernel.appcore.dll
0x00007ff9b7e70000 - 0x00007ff9b7e7a000 	c:\Users\Grafin\.vscode\extensions\redhat.java-1.38.0-win32-x64\jre\17.0.13-win32-x86_64\bin\jimage.dll
0x00007ff9aa420000 - 0x00007ff9aa604000 	C:\WINDOWS\SYSTEM32\DBGHELP.DLL
0x00007ff9aa3c0000 - 0x00007ff9aa3f5000 	C:\WINDOWS\SYSTEM32\dbgcore.DLL
0x00007ff9bc8c0000 - 0x00007ff9bc942000 	C:\WINDOWS\System32\bcryptPrimitives.dll
0x00007ff9b3490000 - 0x00007ff9b349e000 	c:\Users\Grafin\.vscode\extensions\redhat.java-1.38.0-win32-x64\jre\17.0.13-win32-x86_64\bin\instrument.dll
0x00007ff9adb80000 - 0x00007ff9adba5000 	c:\Users\Grafin\.vscode\extensions\redhat.java-1.38.0-win32-x64\jre\17.0.13-win32-x86_64\bin\java.dll
0x00007ff9adb60000 - 0x00007ff9adb78000 	c:\Users\Grafin\.vscode\extensions\redhat.java-1.38.0-win32-x64\jre\17.0.13-win32-x86_64\bin\zip.dll
0x00007ff9bd3f0000 - 0x00007ff9bdb34000 	C:\WINDOWS\System32\SHELL32.dll
0x00007ff9ba960000 - 0x00007ff9bb0f2000 	C:\WINDOWS\SYSTEM32\windows.storage.dll
0x00007ff9bee30000 - 0x00007ff9bf185000 	C:\WINDOWS\System32\combase.dll
0x00007ff9bc160000 - 0x00007ff9bc190000 	C:\WINDOWS\SYSTEM32\Wldp.dll
0x00007ff9be630000 - 0x00007ff9be6dd000 	C:\WINDOWS\System32\SHCORE.dll
0x00007ff9bdec0000 - 0x00007ff9bdf15000 	C:\WINDOWS\System32\shlwapi.dll
0x00007ff9bc800000 - 0x00007ff9bc81f000 	C:\WINDOWS\SYSTEM32\profapi.dll
0x00007ff9ad8d0000 - 0x00007ff9ad8e9000 	C:\Users\Grafin\.vscode\extensions\redhat.java-1.38.0-win32-x64\jre\17.0.13-win32-x86_64\bin\net.dll
0x00007ff9b53b0000 - 0x00007ff9b54bc000 	C:\WINDOWS\SYSTEM32\WINHTTP.dll
0x00007ff9bbf40000 - 0x00007ff9bbfaa000 	C:\WINDOWS\system32\mswsock.dll
0x00007ff9ad010000 - 0x00007ff9ad026000 	C:\Users\Grafin\.vscode\extensions\redhat.java-1.38.0-win32-x64\jre\17.0.13-win32-x86_64\bin\nio.dll
0x00007ff9b1cc0000 - 0x00007ff9b1cd0000 	c:\Users\Grafin\.vscode\extensions\redhat.java-1.38.0-win32-x64\jre\17.0.13-win32-x86_64\bin\verify.dll
0x00007ff9a2af0000 - 0x00007ff9a2b35000 	C:\Users\Grafin\AppData\Roaming\Code\User\globalStorage\redhat.java\1.38.0\config_ss_win\org.eclipse.equinox.launcher\org.eclipse.equinox.launcher.win32.win32.x86_64_1.2.1100.v20240722-2106\eclipse_11904.dll
0x00007ff9be080000 - 0x00007ff9be1aa000 	C:\WINDOWS\System32\ole32.dll
0x00007ff9bc1a0000 - 0x00007ff9bc1b8000 	C:\WINDOWS\SYSTEM32\CRYPTSP.dll
0x00007ff9bb880000 - 0x00007ff9bb8b4000 	C:\WINDOWS\system32\rsaenh.dll
0x00007ff9bcb20000 - 0x00007ff9bcb47000 	C:\WINDOWS\System32\bcrypt.dll
0x00007ff9bc7c0000 - 0x00007ff9bc7ee000 	C:\WINDOWS\SYSTEM32\USERENV.dll
0x00007ff9bc0d0000 - 0x00007ff9bc0dc000 	C:\WINDOWS\SYSTEM32\CRYPTBASE.dll
0x00007ff9bbc50000 - 0x00007ff9bbc8b000 	C:\WINDOWS\SYSTEM32\IPHLPAPI.DLL
0x00007ff9bd3e0000 - 0x00007ff9bd3e8000 	C:\WINDOWS\System32\NSI.dll
0x00007ff9b6eb0000 - 0x00007ff9b6ec7000 	C:\WINDOWS\SYSTEM32\dhcpcsvc6.DLL
0x00007ff9b6e90000 - 0x00007ff9b6ead000 	C:\WINDOWS\SYSTEM32\dhcpcsvc.DLL
0x00007ff9bbc90000 - 0x00007ff9bbd5a000 	C:\WINDOWS\SYSTEM32\DNSAPI.dll
0x00007ff9986b0000 - 0x00007ff9986f9000 	C:\Users\Grafin\AppData\Local\Temp\jna-2140942229\jna7065386997323584590.dll
0x00007ff9bde90000 - 0x00007ff9bde98000 	C:\WINDOWS\System32\PSAPI.DLL

dbghelp: loaded successfully - version: 4.0.5 - missing functions: none
symbol engine: initialized successfully - sym options: 0x614 - pdb path: .;c:\Users\Grafin\.vscode\extensions\redhat.java-1.38.0-win32-x64\jre\17.0.13-win32-x86_64\bin;C:\WINDOWS\SYSTEM32;C:\WINDOWS\WinSxS\amd64_microsoft.windows.common-controls_6595b64144ccf1df_6.0.19041.1110_none_60b5254171f9507e;c:\Users\Grafin\.vscode\extensions\redhat.java-1.38.0-win32-x64\jre\17.0.13-win32-x86_64\bin\server;C:\Users\Grafin\AppData\Roaming\Code\User\globalStorage\redhat.java\1.38.0\config_ss_win\org.eclipse.equinox.launcher\org.eclipse.equinox.launcher.win32.win32.x86_64_1.2.1100.v20240722-2106;C:\Users\Grafin\AppData\Local\Temp\jna-2140942229

VM Arguments:
jvm_args: --add-modules=ALL-SYSTEM --add-opens=java.base/java.util=ALL-UNNAMED --add-opens=java.base/java.lang=ALL-UNNAMED --add-opens=java.base/sun.nio.fs=ALL-UNNAMED -Declipse.application=org.eclipse.jdt.ls.core.id1 -Dosgi.bundles.defaultStartLevel=4 -Declipse.product=org.eclipse.jdt.ls.core.product -Djava.import.generatesMetadataFilesAtProjectRoot=false -DDetectVMInstallationsJob.disabled=true -Dfile.encoding=utf8 -XX:+UseParallelGC -XX:GCTimeRatio=4 -XX:AdaptiveSizePolicyWeight=90 -Dsun.zip.disableMemoryMapping=true -Xmx1G -Xms100m -Xlog:disable -javaagent:c:\Users\Grafin\.vscode\extensions\redhat.java-1.38.0-win32-x64\lombok\lombok-1.18.34.jar 
java_command: c:\Users\Grafin\.vscode\extensions\redhat.java-1.38.0-win32-x64\server\plugins\org.eclipse.equinox.launcher_1.6.900.v20240613-2009.jar -configuration c:\Users\Grafin\AppData\Roaming\Code\User\globalStorage\redhat.java\1.38.0\config_ss_win -data c:\Users\Grafin\AppData\Roaming\Code\User\workspaceStorage\d75267737fc2299de4f02e53e9170fb4\redhat.java\ss_ws --pipe=\\.\pipe\lsp-dde5164e1af7f43398f775dfa945ccbb-sock
java_class_path (initial): c:\Users\Grafin\.vscode\extensions\redhat.java-1.38.0-win32-x64\server\plugins\org.eclipse.equinox.launcher_1.6.900.v20240613-2009.jar
Launcher Type: SUN_STANDARD

[Global flags]
    uintx AdaptiveSizePolicyWeight                 = 90                                        {product} {command line}
     intx CICompilerCount                          = 3                                         {product} {ergonomic}
    uintx GCTimeRatio                              = 4                                         {product} {command line}
   size_t InitialHeapSize                          = 104857600                                 {product} {command line}
   size_t MaxHeapSize                              = 1073741824                                {product} {command line}
   size_t MaxNewSize                               = 357564416                                 {product} {ergonomic}
   size_t MinHeapDeltaBytes                        = 524288                                    {product} {ergonomic}
   size_t MinHeapSize                              = 104857600                                 {product} {command line}
   size_t NewSize                                  = 34603008                                  {product} {ergonomic}
    uintx NonNMethodCodeHeapSize                   = 5832780                                {pd product} {ergonomic}
    uintx NonProfiledCodeHeapSize                  = 122912730                              {pd product} {ergonomic}
   size_t OldSize                                  = 70254592                                  {product} {ergonomic}
    uintx ProfiledCodeHeapSize                     = 122912730                              {pd product} {ergonomic}
    uintx ReservedCodeCacheSize                    = 251658240                              {pd product} {ergonomic}
     bool SegmentedCodeCache                       = true                                      {product} {ergonomic}
   size_t SoftMaxHeapSize                          = 1073741824                             {manageable} {ergonomic}
     bool UseCompressedClassPointers               = true                           {product lp64_product} {ergonomic}
     bool UseCompressedOops                        = true                           {product lp64_product} {ergonomic}
     bool UseLargePagesIndividualAllocation        = false                                  {pd product} {ergonomic}
     bool UseParallelGC                            = true                                      {product} {command line}

Logging:
Log output configuration:
 #0: stdout all=off uptime,level,tags
 #1: stderr all=off uptime,level,tags

Environment Variables:
JAVA_HOME=C:\Program Files\Java\jdk-17
PATH=C:\Program Files\Common Files\Oracle\Java\javapath;C:\WINDOWS\system32;C:\WINDOWS;C:\WINDOWS\System32\Wbem;C:\WINDOWS\System32\WindowsPowerShell\v1.0\;C:\WINDOWS\System32\OpenSSH\;C:\Program Files\dotnet\;C:\Program Files\MySQL\MySQL Server 8.0\bin;C:\Program Files\MySQL\MySQL Shell 8.0\bin;C:\Program Files (x86)\Git\cmd;C:\ProgramData\ComposerSetup\bin;C:\xampp\php;C:\php-8.2.21-Win32-vs16-x64;C:\Program Files\flutter_windows_3.22.3-stable\flutter\bin;C:\Program Files\flutter_windows_3.22.3-stable\flutter\bin\cache\dart-sdk;C:\Program Files\mysql-9.0.1-winx64\bin;C:\Users\Grafin\AppData\Roaming\nvm;C:\Program Files\nodejs;C:\Program Files\Java\jdk-17;C:\ProgramData\chocolatey\bin;C:\Program Files\nodejs;C:\Users\Grafin\AppData\Local\Android\Sdk;C:\Users\Grafin\AppData\Local\Android\Sdk\cmdline-tools\latest\bin;C:\Users\Grafin\AppData\Local\Android\Sdk\platform-tools;C:\Users\Grafin\AppData\Local\Android\Sdk\platform-tools;C:\Users\Grafin\AppData\Local\Android\Sdk\tools;C:\Users\Grafin\AppData\Local\Android\Sdkbuild-tools\34.0.0;C:\php;C:\Program Files\Microsoft SQL Server\150\Tools\Binn\;C:\Program Files\Microsoft SQL Server\Client SDK\ODBC\170\Tools\Binn\;C:\Program Files\MySQL\MySQL Shell 8.0\bin\;C:\Users\Grafin\.dotnet\tools;C:\xampp\php;C:\Users\Grafin\AppData\Local\ComposerSetup\bin;C:\Users\Grafin\AppData\Roaming\Composer\vendor\bin;C:\Users\Grafin\AppData\Roaming\npm;C:\Users\Grafin\AppData\Roaming\nvm;C:\Program Files\nodejs;C:\Program Files\Java\jdk-20\bin;C:\Users\Grafin\AppData\Local\Android\Sdk;C:\Users\Grafin\AppData\Local\Programs\Microsoft VS Code\bin;
USERNAME=Grafin
OS=Windows_NT
PROCESSOR_IDENTIFIER=Intel64 Family 6 Model 58 Stepping 9, GenuineIntel
TMP=C:\Users\Grafin\AppData\Local\Temp
TEMP=C:\Users\Grafin\AppData\Local\Temp



Periodic native trim disabled


---------------  S Y S T E M  ---------------

OS:
 Windows 10 , 64 bit Build 19041 (10.0.19041.2364)
OS uptime: 0 days 18:59 hours
Hyper-V role detected

CPU: total 4 (initial active 4) (4 cores per cpu, 1 threads per core) family 6 model 58 stepping 9 microcode 0x21, cx8, cmov, fxsr, mmx, sse, sse2, sse3, ssse3, sse4.1, sse4.2, popcnt, tsc, tscinvbit, avx, aes, erms, clmul, vzeroupper, clflush, hv
Processor Information for all 4 processors :
  Max Mhz: 3301, Current Mhz: 3301, Mhz Limit: 3301

Memory: 4k page, system-wide physical 12181M (532M free)
TotalPageFile size 14181M (AvailPageFile size 0M)
current process WorkingSet (physical memory assigned to process): 122M, peak: 122M
current process commit charge ("private bytes"): 216M, peak: 216M

vm_info: OpenJDK 64-Bit Server VM (17.0.13+11) for windows-amd64 JRE (17.0.13+11), built on Oct 16 2024 00:10:08 by "admin" with MS VC++ 17.7 (VS2022)

END.
