#
# There is insufficient memory for the Java Runtime Environment to continue.
# Native memory allocation (malloc) failed to allocate 32744 bytes. Error detail: ChunkPool::allocate
# Possible reasons:
#   The system is out of physical RAM or swap space
#   This process is running with CompressedOops enabled, and the Java Heap may be blocking the growth of the native heap
# Possible solutions:
#   Reduce memory load on the system
#   Increase physical memory or swap space
#   Check if swap backing store is full
#   Decrease Java heap size (-Xmx/-Xms)
#   Decrease number of Java threads
#   Decrease Java thread stack sizes (-Xss)
#   Set larger code cache with -XX:ReservedCodeCacheSize=
#   JVM is running with Unscaled Compressed Oops mode in which the Java heap is
#     placed in the first 4GB address space. The Java Heap base address is the
#     maximum limit for the native heap growth. Please use -XX:HeapBaseMinAddress
#     to set the Java Heap base and to place the Java Heap above 4GB virtual address.
# This output file may be truncated or incomplete.
#
#  Out of Memory Error (arena.cpp:79), pid=14852, tid=13704
#
# JRE version: OpenJDK Runtime Environment Temurin-17.0.13+11 (17.0.13+11) (build 17.0.13+11)
# Java VM: OpenJDK 64-Bit Server VM Temurin-17.0.13+11 (17.0.13+11, mixed mode, tiered, compressed oops, compressed class ptrs, parallel gc, windows-amd64)
# No core dump will be written. Minidumps are not enabled by default on client versions of Windows
#

---------------  S U M M A R Y ------------

Command Line: --add-modules=ALL-SYSTEM --add-opens=java.base/java.util=ALL-UNNAMED --add-opens=java.base/java.lang=ALL-UNNAMED --add-opens=java.base/sun.nio.fs=ALL-UNNAMED -Declipse.application=org.eclipse.jdt.ls.core.id1 -Dosgi.bundles.defaultStartLevel=4 -Declipse.product=org.eclipse.jdt.ls.core.product -Djava.import.generatesMetadataFilesAtProjectRoot=false -DDetectVMInstallationsJob.disabled=true -Dfile.encoding=utf8 -XX:+UseParallelGC -XX:GCTimeRatio=4 -XX:AdaptiveSizePolicyWeight=90 -Dsun.zip.disableMemoryMapping=true -Xmx1G -Xms100m -Xlog:disable -javaagent:c:\Users\Grafin\.vscode\extensions\redhat.java-1.38.0-win32-x64\lombok\lombok-1.18.34.jar -XX:+HeapDumpOnOutOfMemoryError -XX:HeapDumpPath=c:\Users\Grafin\AppData\Roaming\Code\User\workspaceStorage\d75267737fc2299de4f02e53e9170fb4\redhat.java -Daether.dependencyCollector.impl=bf c:\Users\Grafin\.vscode\extensions\redhat.java-1.38.0-win32-x64\server\plugins\org.eclipse.equinox.launcher_1.6.900.v20240613-2009.jar -configuration c:\Users\Grafin\AppData\Roaming\Code\User\globalStorage\redhat.java\1.38.0\config_win -data c:\Users\Grafin\AppData\Roaming\Code\User\workspaceStorage\d75267737fc2299de4f02e53e9170fb4\redhat.java\jdt_ws --pipe=\\.\pipe\lsp-8779eb77ffd1a169e8ba3f5efed1c93b-sock

Host: Intel(R) Core(TM) i5-3550 CPU @ 3.30GHz, 4 cores, 11G,  Windows 10 , 64 bit Build 19041 (10.0.19041.2364)
Time: Fri Jan 17 16:46:13 2025 Sri Lanka Standard Time elapsed time: 8.553265 seconds (0d 0h 0m 8s)

---------------  T H R E A D  ---------------

Current thread (0x0000027a13139560):  JavaThread "C1 CompilerThread0" daemon [_thread_in_native, id=13704, stack(0x000000d499800000,0x000000d499900000)]


Current CompileTask:
C1:   8553 3967       3       java.net.URLStreamHandler::parseURL (1201 bytes)

Stack: [0x000000d499800000,0x000000d499900000]
Native frames: (J=compiled Java code, j=interpreted, Vv=VM code, C=native code)
V  [jvm.dll+0x682a19]
V  [jvm.dll+0x839538]
V  [jvm.dll+0x83afe3]
V  [jvm.dll+0x83b653]
V  [jvm.dll+0x24704f]
V  [jvm.dll+0xad03c]
V  [jvm.dll+0xad4cc]
V  [jvm.dll+0x11c7d5]
V  [jvm.dll+0x645b28]
V  [jvm.dll+0x1cd62f]
V  [jvm.dll+0x14cf4e]
V  [jvm.dll+0x141005]
V  [jvm.dll+0x13f185]
V  [jvm.dll+0x14772a]
V  [jvm.dll+0x146c45]
V  [jvm.dll+0x13e8f1]
V  [jvm.dll+0x140b8a]
V  [jvm.dll+0x13f185]
V  [jvm.dll+0x139293]
V  [jvm.dll+0x1488b6]
V  [jvm.dll+0x1349e0]
V  [jvm.dll+0x134d40]
V  [jvm.dll+0x135018]
V  [jvm.dll+0x1344a1]
V  [jvm.dll+0x13618d]
V  [jvm.dll+0x22788c]
V  [jvm.dll+0x2259eb]
V  [jvm.dll+0x7eec98]
V  [jvm.dll+0x7e8ffc]
V  [jvm.dll+0x6818f7]
C  [ucrtbase.dll+0x21bb2]
C  [KERNEL32.DLL+0x17614]
C  [ntdll.dll+0x526a1]


---------------  P R O C E S S  ---------------

Threads class SMR info:
_java_thread_list=0x0000027a15aad400, length=24, elements={
0x0000027a781ebfb0, 0x0000027a7ef89740, 0x0000027a7ef8afa0, 0x0000027a7efce0b0,
0x0000027a7efcec70, 0x0000027a7efcf830, 0x0000027a7efb1f70, 0x0000027a7efb2b70,
0x0000027a13139560, 0x0000027a1313c230, 0x0000027a782a7d00, 0x0000027a133e5220,
0x0000027a13b55770, 0x0000027a13ac8390, 0x0000027a13c3dda0, 0x0000027a13c1fef0,
0x0000027a142a9170, 0x0000027a146d92b0, 0x0000027a146d7960, 0x0000027a146d6f40,
0x0000027a146d97c0, 0x0000027a146d7e70, 0x0000027a146d9cd0, 0x0000027a140e4390
}

Java Threads: ( => current thread )
  0x0000027a781ebfb0 JavaThread "main" [_thread_blocked, id=9748, stack(0x000000d498e00000,0x000000d498f00000)]
  0x0000027a7ef89740 JavaThread "Reference Handler" daemon [_thread_blocked, id=15148, stack(0x000000d499100000,0x000000d499200000)]
  0x0000027a7ef8afa0 JavaThread "Finalizer" daemon [_thread_blocked, id=13768, stack(0x000000d499200000,0x000000d499300000)]
  0x0000027a7efce0b0 JavaThread "Signal Dispatcher" daemon [_thread_blocked, id=13772, stack(0x000000d499300000,0x000000d499400000)]
  0x0000027a7efcec70 JavaThread "Attach Listener" daemon [_thread_blocked, id=13976, stack(0x000000d499400000,0x000000d499500000)]
  0x0000027a7efcf830 JavaThread "Service Thread" daemon [_thread_blocked, id=14180, stack(0x000000d499500000,0x000000d499600000)]
  0x0000027a7efb1f70 JavaThread "Monitor Deflation Thread" daemon [_thread_blocked, id=13984, stack(0x000000d499600000,0x000000d499700000)]
  0x0000027a7efb2b70 JavaThread "C2 CompilerThread0" daemon [_thread_in_native, id=13980, stack(0x000000d499700000,0x000000d499800000)]
=>0x0000027a13139560 JavaThread "C1 CompilerThread0" daemon [_thread_in_native, id=13704, stack(0x000000d499800000,0x000000d499900000)]
  0x0000027a1313c230 JavaThread "Sweeper thread" daemon [_thread_blocked, id=14168, stack(0x000000d499900000,0x000000d499a00000)]
  0x0000027a782a7d00 JavaThread "Common-Cleaner" daemon [_thread_blocked, id=15252, stack(0x000000d499a00000,0x000000d499b00000)]
  0x0000027a133e5220 JavaThread "Notification Thread" daemon [_thread_blocked, id=9076, stack(0x000000d499b00000,0x000000d499c00000)]
  0x0000027a13b55770 JavaThread "Active Thread: Equinox Container: 6e120a0d-e24b-4fc7-8ec1-4c6788951712" [_thread_blocked, id=8872, stack(0x000000d49a000000,0x000000d49a100000)]
  0x0000027a13ac8390 JavaThread "Refresh Thread: Equinox Container: 6e120a0d-e24b-4fc7-8ec1-4c6788951712" daemon [_thread_blocked, id=1900, stack(0x000000d49a200000,0x000000d49a300000)]
  0x0000027a13c3dda0 JavaThread "Framework Event Dispatcher: Equinox Container: 6e120a0d-e24b-4fc7-8ec1-4c6788951712" daemon [_thread_blocked, id=4800, stack(0x000000d49a300000,0x000000d49a400000)]
  0x0000027a13c1fef0 JavaThread "Start Level: Equinox Container: 6e120a0d-e24b-4fc7-8ec1-4c6788951712" daemon [_thread_in_native, id=4916, stack(0x000000d49a400000,0x000000d49a500000)]
  0x0000027a142a9170 JavaThread "Bundle File Closer" daemon [_thread_blocked, id=11240, stack(0x000000d49a500000,0x000000d49a600000)]
  0x0000027a146d92b0 JavaThread "SCR Component Actor" daemon [_thread_blocked, id=2352, stack(0x000000d49a100000,0x000000d49a200000)]
  0x0000027a146d7960 JavaThread "SCR Component Registry" daemon [_thread_blocked, id=14304, stack(0x000000d49a600000,0x000000d49a700000)]
  0x0000027a146d6f40 JavaThread "Worker-JM" [_thread_blocked, id=1920, stack(0x000000d49a800000,0x000000d49a900000)]
  0x0000027a146d97c0 JavaThread "JNA Cleaner" daemon [_thread_blocked, id=1224, stack(0x000000d49a900000,0x000000d49aa00000)]
  0x0000027a146d7e70 JavaThread "Worker-0" [_thread_blocked, id=2188, stack(0x000000d49aa00000,0x000000d49ab00000)]
  0x0000027a146d9cd0 JavaThread "Worker-1" [_thread_blocked, id=4404, stack(0x000000d49ab00000,0x000000d49ac00000)]
  0x0000027a140e4390 JavaThread "C2 CompilerThread1" daemon [_thread_in_native, id=5732, stack(0x000000d49a700000,0x000000d49a800000)]

Other Threads:
  0x0000027a7ef72940 VMThread "VM Thread" [stack: 0x000000d499000000,0x000000d499100000] [id=13776]
  0x0000027a134da400 WatcherThread [stack: 0x000000d499c00000,0x000000d499d00000] [id=14532]
  0x0000027a78201f40 GCTaskThread "GC Thread#0" [stack: 0x000000d498f00000,0x000000d499000000] [id=13956]
  0x0000027a13910a10 GCTaskThread "GC Thread#1" [stack: 0x000000d499d00000,0x000000d499e00000] [id=7600]
  0x0000027a1399a420 GCTaskThread "GC Thread#2" [stack: 0x000000d499e00000,0x000000d499f00000] [id=7508]
  0x0000027a139a1ae0 GCTaskThread "GC Thread#3" [stack: 0x000000d499f00000,0x000000d49a000000] [id=7512]

Threads with active compile tasks:
C2 CompilerThread0     8570 3886       4       org.lombokweb.asm.ClassReader::readMethod (1066 bytes)
C1 CompilerThread0     8570 3967       3       java.net.URLStreamHandler::parseURL (1201 bytes)
C2 CompilerThread1     8570 3959       4       org.lombokweb.asm.ClassWriter::visitMethod (57 bytes)

VM state: not at safepoint (normal execution)

VM Mutex/Monitor currently owned by a thread: None

Heap address: 0x00000000c0000000, size: 1024 MB, Compressed Oops mode: 32-bit

CDS archive(s) not mapped
Compressed class space mapped at: 0x0000000100000000-0x0000000140000000, reserved size: 1073741824
Narrow klass base: 0x0000000000000000, Narrow klass shift: 3, Narrow klass range: 0x140000000

GC Precious Log:
 CPUs: 4 total, 4 available
 Memory: 12181M
 Large Page Support: Disabled
 NUMA Support: Disabled
 Compressed Oops: Enabled (32-bit)
 Alignments: Space 512K, Generation 512K, Heap 2M
 Heap Min Capacity: 100M
 Heap Initial Capacity: 100M
 Heap Max Capacity: 1G
 Pre-touch: Disabled
 Parallel Workers: 4

Heap:
 PSYoungGen      total 26624K, used 26189K [0x00000000eab00000, 0x00000000ecb80000, 0x0000000100000000)
  eden space 22016K, 100% used [0x00000000eab00000,0x00000000ec080000,0x00000000ec080000)
  from space 4608K, 90% used [0x00000000ec100000,0x00000000ec5136a0,0x00000000ec580000)
  to   space 5632K, 0% used [0x00000000ec600000,0x00000000ec600000,0x00000000ecb80000)
 ParOldGen       total 68608K, used 15806K [0x00000000c0000000, 0x00000000c4300000, 0x00000000eab00000)
  object space 68608K, 23% used [0x00000000c0000000,0x00000000c0f6f878,0x00000000c4300000)
 Metaspace       used 33483K, committed 34176K, reserved 1114112K
  class space    used 3251K, committed 3520K, reserved 1048576K

Card table byte_map: [0x0000027a7c880000,0x0000027a7ca90000] _byte_map_base: 0x0000027a7c280000

Marking Bits: (ParMarkBitMap*) 0x00007ffb7c3b6940
 Begin Bits: [0x0000027a7cbf0000, 0x0000027a7dbf0000)
 End Bits:   [0x0000027a7dbf0000, 0x0000027a7ebf0000)

Polling page: 0x0000027a77fb0000

Metaspace:

Usage:
  Non-class:     29.52 MB used.
      Class:      3.18 MB used.
       Both:     32.70 MB used.

Virtual space:
  Non-class space:       64.00 MB reserved,      29.94 MB ( 47%) committed,  1 nodes.
      Class space:        1.00 GB reserved,       3.44 MB ( <1%) committed,  1 nodes.
             Both:        1.06 GB reserved,      33.38 MB (  3%) committed. 

Chunk freelists:
   Non-Class:  2.11 MB
       Class:  12.53 MB
        Both:  14.64 MB

MaxMetaspaceSize: unlimited
CompressedClassSpaceSize: 1.00 GB
Initial GC threshold: 21.00 MB
Current GC threshold: 35.00 MB
CDS: off
MetaspaceReclaimPolicy: balanced
 - commit_granule_bytes: 65536.
 - commit_granule_words: 8192.
 - virtual_space_node_default_size: 8388608.
 - enlarge_chunks_in_place: 1.
 - new_chunks_are_fully_committed: 0.
 - uncommit_free_chunks: 1.
 - use_allocation_guard: 0.
 - handle_deallocations: 1.


Internal statistics:

num_allocs_failed_limit: 3.
num_arena_births: 356.
num_arena_deaths: 0.
num_vsnodes_births: 2.
num_vsnodes_deaths: 0.
num_space_committed: 534.
num_space_uncommitted: 0.
num_chunks_returned_to_freelist: 3.
num_chunks_taken_from_freelist: 1337.
num_chunk_merges: 3.
num_chunk_splits: 900.
num_chunks_enlarged: 642.
num_inconsistent_stats: 0.

CodeHeap 'non-profiled nmethods': size=120000Kb used=1712Kb max_used=1712Kb free=118287Kb
 bounds [0x0000027a07ad0000, 0x0000027a07d40000, 0x0000027a0f000000]
CodeHeap 'profiled nmethods': size=120000Kb used=8394Kb max_used=8394Kb free=111605Kb
 bounds [0x0000027a00000000, 0x0000027a00840000, 0x0000027a07530000]
CodeHeap 'non-nmethods': size=5760Kb used=1254Kb max_used=1269Kb free=4505Kb
 bounds [0x0000027a07530000, 0x0000027a077a0000, 0x0000027a07ad0000]
 total_blobs=4536 nmethods=3961 adapters=488
 compilation: enabled
              stopped_count=0, restarted_count=0
 full_count=0

Compilation events (20 events):
Event: 8.535 Thread 0x0000027a13139560 nmethod 3956 0x0000027a0082fc90 code [0x0000027a0082fe80, 0x0000027a008302e8]
Event: 8.536 Thread 0x0000027a140e4390 nmethod 3954 0x0000027a07c7ae90 code [0x0000027a07c7b080, 0x0000027a07c7b7a0]
Event: 8.536 Thread 0x0000027a140e4390 3952       4       org.lombokweb.asm.ClassReader::readShort (27 bytes)
Event: 8.537 Thread 0x0000027a140e4390 nmethod 3952 0x0000027a07c7bd90 code [0x0000027a07c7bf00, 0x0000027a07c7bff8]
Event: 8.537 Thread 0x0000027a13139560 3957       3       org.lombokweb.asm.MethodWriter::endCurrentBasicBlockWithNoSuccessor (98 bytes)
Event: 8.538 Thread 0x0000027a13139560 nmethod 3957 0x0000027a00830510 code [0x0000027a008306e0, 0x0000027a00830b98]
Event: 8.538 Thread 0x0000027a13139560 3958       3       org.lombokweb.asm.MethodVisitor::visitLocalVariable (24 bytes)
Event: 8.538 Thread 0x0000027a13139560 nmethod 3958 0x0000027a00830d90 code [0x0000027a00830f40, 0x0000027a00831148]
Event: 8.538 Thread 0x0000027a140e4390 3959       4       org.lombokweb.asm.ClassWriter::visitMethod (57 bytes)
Event: 8.539 Thread 0x0000027a13139560 3961       3       org.lombokweb.asm.MethodVisitor::visitTypeInsn (17 bytes)
Event: 8.540 Thread 0x0000027a13139560 nmethod 3961 0x0000027a00831210 code [0x0000027a008313c0, 0x0000027a008315c8]
Event: 8.543 Thread 0x0000027a13139560 3963   !   3       org.eclipse.osgi.internal.loader.BundleLoader::findImportedSource (29 bytes)
Event: 8.543 Thread 0x0000027a13139560 nmethod 3963 0x0000027a00831690 code [0x0000027a00831860, 0x0000027a00831c18]
Event: 8.544 Thread 0x0000027a13139560 3964       3       java.net.URL::toString (5 bytes)
Event: 8.545 Thread 0x0000027a13139560 nmethod 3964 0x0000027a00831d90 code [0x0000027a00831f40, 0x0000027a00832168]
Event: 8.548 Thread 0x0000027a13139560 3965       3       org.eclipse.osgi.internal.hookregistry.ClassLoaderHook::preFindLocalResource (1 bytes)
Event: 8.548 Thread 0x0000027a13139560 nmethod 3965 0x0000027a00832290 code [0x0000027a00832420, 0x0000027a00832538]
Event: 8.548 Thread 0x0000027a13139560 3966       3       org.eclipse.osgi.internal.hookregistry.ClassLoaderHook::postFindLocalResource (1 bytes)
Event: 8.549 Thread 0x0000027a13139560 nmethod 3966 0x0000027a00832610 code [0x0000027a008327a0, 0x0000027a008328b8]
Event: 8.549 Thread 0x0000027a13139560 3967       3       java.net.URLStreamHandler::parseURL (1201 bytes)

GC Heap History (20 events):
Event: 2.169 GC heap before
{Heap before GC invocations=1 (full 0):
 PSYoungGen      total 29696K, used 25600K [0x00000000eab00000, 0x00000000ecc00000, 0x0000000100000000)
  eden space 25600K, 100% used [0x00000000eab00000,0x00000000ec400000,0x00000000ec400000)
  from space 4096K, 0% used [0x00000000ec800000,0x00000000ec800000,0x00000000ecc00000)
  to   space 4096K, 0% used [0x00000000ec400000,0x00000000ec400000,0x00000000ec800000)
 ParOldGen       total 68608K, used 0K [0x00000000c0000000, 0x00000000c4300000, 0x00000000eab00000)
  object space 68608K, 0% used [0x00000000c0000000,0x00000000c0000000,0x00000000c4300000)
 Metaspace       used 10968K, committed 11136K, reserved 1114112K
  class space    used 1090K, committed 1152K, reserved 1048576K
}
Event: 2.180 GC heap after
{Heap after GC invocations=1 (full 0):
 PSYoungGen      total 29696K, used 3182K [0x00000000eab00000, 0x00000000ecc00000, 0x0000000100000000)
  eden space 25600K, 0% used [0x00000000eab00000,0x00000000eab00000,0x00000000ec400000)
  from space 4096K, 77% used [0x00000000ec400000,0x00000000ec71b980,0x00000000ec800000)
  to   space 4096K, 0% used [0x00000000ec800000,0x00000000ec800000,0x00000000ecc00000)
 ParOldGen       total 68608K, used 0K [0x00000000c0000000, 0x00000000c4300000, 0x00000000eab00000)
  object space 68608K, 0% used [0x00000000c0000000,0x00000000c0000000,0x00000000c4300000)
 Metaspace       used 10968K, committed 11136K, reserved 1114112K
  class space    used 1090K, committed 1152K, reserved 1048576K
}
Event: 3.512 GC heap before
{Heap before GC invocations=2 (full 0):
 PSYoungGen      total 29696K, used 28782K [0x00000000eab00000, 0x00000000ecc00000, 0x0000000100000000)
  eden space 25600K, 100% used [0x00000000eab00000,0x00000000ec400000,0x00000000ec400000)
  from space 4096K, 77% used [0x00000000ec400000,0x00000000ec71b980,0x00000000ec800000)
  to   space 4096K, 0% used [0x00000000ec800000,0x00000000ec800000,0x00000000ecc00000)
 ParOldGen       total 68608K, used 0K [0x00000000c0000000, 0x00000000c4300000, 0x00000000eab00000)
  object space 68608K, 0% used [0x00000000c0000000,0x00000000c0000000,0x00000000c4300000)
 Metaspace       used 14514K, committed 14784K, reserved 1114112K
  class space    used 1457K, committed 1600K, reserved 1048576K
}
Event: 3.517 GC heap after
{Heap after GC invocations=2 (full 0):
 PSYoungGen      total 29696K, used 4078K [0x00000000eab00000, 0x00000000ecc00000, 0x0000000100000000)
  eden space 25600K, 0% used [0x00000000eab00000,0x00000000eab00000,0x00000000ec400000)
  from space 4096K, 99% used [0x00000000ec800000,0x00000000ecbfb980,0x00000000ecc00000)
  to   space 4096K, 0% used [0x00000000ec400000,0x00000000ec400000,0x00000000ec800000)
 ParOldGen       total 68608K, used 1516K [0x00000000c0000000, 0x00000000c4300000, 0x00000000eab00000)
  object space 68608K, 2% used [0x00000000c0000000,0x00000000c017b2a0,0x00000000c4300000)
 Metaspace       used 14514K, committed 14784K, reserved 1114112K
  class space    used 1457K, committed 1600K, reserved 1048576K
}
Event: 4.423 GC heap before
{Heap before GC invocations=3 (full 0):
 PSYoungGen      total 29696K, used 29678K [0x00000000eab00000, 0x00000000ecc00000, 0x0000000100000000)
  eden space 25600K, 100% used [0x00000000eab00000,0x00000000ec400000,0x00000000ec400000)
  from space 4096K, 99% used [0x00000000ec800000,0x00000000ecbfb980,0x00000000ecc00000)
  to   space 4096K, 0% used [0x00000000ec400000,0x00000000ec400000,0x00000000ec800000)
 ParOldGen       total 68608K, used 1516K [0x00000000c0000000, 0x00000000c4300000, 0x00000000eab00000)
  object space 68608K, 2% used [0x00000000c0000000,0x00000000c017b2a0,0x00000000c4300000)
 Metaspace       used 16161K, committed 16384K, reserved 1114112K
  class space    used 1631K, committed 1728K, reserved 1048576K
}
Event: 4.429 GC heap after
{Heap after GC invocations=3 (full 0):
 PSYoungGen      total 29696K, used 4088K [0x00000000eab00000, 0x00000000ecc00000, 0x0000000100000000)
  eden space 25600K, 0% used [0x00000000eab00000,0x00000000eab00000,0x00000000ec400000)
  from space 4096K, 99% used [0x00000000ec400000,0x00000000ec7fe038,0x00000000ec800000)
  to   space 4096K, 0% used [0x00000000ec800000,0x00000000ec800000,0x00000000ecc00000)
 ParOldGen       total 68608K, used 5268K [0x00000000c0000000, 0x00000000c4300000, 0x00000000eab00000)
  object space 68608K, 7% used [0x00000000c0000000,0x00000000c0525160,0x00000000c4300000)
 Metaspace       used 16161K, committed 16384K, reserved 1114112K
  class space    used 1631K, committed 1728K, reserved 1048576K
}
Event: 5.477 GC heap before
{Heap before GC invocations=4 (full 0):
 PSYoungGen      total 29696K, used 29688K [0x00000000eab00000, 0x00000000ecc00000, 0x0000000100000000)
  eden space 25600K, 100% used [0x00000000eab00000,0x00000000ec400000,0x00000000ec400000)
  from space 4096K, 99% used [0x00000000ec400000,0x00000000ec7fe038,0x00000000ec800000)
  to   space 4096K, 0% used [0x00000000ec800000,0x00000000ec800000,0x00000000ecc00000)
 ParOldGen       total 68608K, used 5268K [0x00000000c0000000, 0x00000000c4300000, 0x00000000eab00000)
  object space 68608K, 7% used [0x00000000c0000000,0x00000000c0525160,0x00000000c4300000)
 Metaspace       used 19617K, committed 19968K, reserved 1114112K
  class space    used 1991K, committed 2112K, reserved 1048576K
}
Event: 5.482 GC heap after
{Heap after GC invocations=4 (full 0):
 PSYoungGen      total 29696K, used 4084K [0x00000000eab00000, 0x00000000ecc00000, 0x0000000100000000)
  eden space 25600K, 0% used [0x00000000eab00000,0x00000000eab00000,0x00000000ec400000)
  from space 4096K, 99% used [0x00000000ec800000,0x00000000ecbfd248,0x00000000ecc00000)
  to   space 4096K, 0% used [0x00000000ec400000,0x00000000ec400000,0x00000000ec800000)
 ParOldGen       total 68608K, used 6463K [0x00000000c0000000, 0x00000000c4300000, 0x00000000eab00000)
  object space 68608K, 9% used [0x00000000c0000000,0x00000000c064fec8,0x00000000c4300000)
 Metaspace       used 19617K, committed 19968K, reserved 1114112K
  class space    used 1991K, committed 2112K, reserved 1048576K
}
Event: 5.737 GC heap before
{Heap before GC invocations=5 (full 0):
 PSYoungGen      total 29696K, used 12752K [0x00000000eab00000, 0x00000000ecc00000, 0x0000000100000000)
  eden space 25600K, 33% used [0x00000000eab00000,0x00000000eb376f18,0x00000000ec400000)
  from space 4096K, 99% used [0x00000000ec800000,0x00000000ecbfd248,0x00000000ecc00000)
  to   space 4096K, 0% used [0x00000000ec400000,0x00000000ec400000,0x00000000ec800000)
 ParOldGen       total 68608K, used 6463K [0x00000000c0000000, 0x00000000c4300000, 0x00000000eab00000)
  object space 68608K, 9% used [0x00000000c0000000,0x00000000c064fec8,0x00000000c4300000)
 Metaspace       used 21092K, committed 21504K, reserved 1114112K
  class space    used 2121K, committed 2304K, reserved 1048576K
}
Event: 5.741 GC heap after
{Heap after GC invocations=5 (full 0):
 PSYoungGen      total 29696K, used 4093K [0x00000000eab00000, 0x00000000ece00000, 0x0000000100000000)
  eden space 25600K, 0% used [0x00000000eab00000,0x00000000eab00000,0x00000000ec400000)
  from space 4096K, 99% used [0x00000000ec400000,0x00000000ec7ff718,0x00000000ec800000)
  to   space 5120K, 0% used [0x00000000ec900000,0x00000000ec900000,0x00000000ece00000)
 ParOldGen       total 68608K, used 6842K [0x00000000c0000000, 0x00000000c4300000, 0x00000000eab00000)
  object space 68608K, 9% used [0x00000000c0000000,0x00000000c06aeaf0,0x00000000c4300000)
 Metaspace       used 21092K, committed 21504K, reserved 1114112K
  class space    used 2121K, committed 2304K, reserved 1048576K
}
Event: 5.741 GC heap before
{Heap before GC invocations=6 (full 1):
 PSYoungGen      total 29696K, used 4093K [0x00000000eab00000, 0x00000000ece00000, 0x0000000100000000)
  eden space 25600K, 0% used [0x00000000eab00000,0x00000000eab00000,0x00000000ec400000)
  from space 4096K, 99% used [0x00000000ec400000,0x00000000ec7ff718,0x00000000ec800000)
  to   space 5120K, 0% used [0x00000000ec900000,0x00000000ec900000,0x00000000ece00000)
 ParOldGen       total 68608K, used 6842K [0x00000000c0000000, 0x00000000c4300000, 0x00000000eab00000)
  object space 68608K, 9% used [0x00000000c0000000,0x00000000c06aeaf0,0x00000000c4300000)
 Metaspace       used 21092K, committed 21504K, reserved 1114112K
  class space    used 2121K, committed 2304K, reserved 1048576K
}
Event: 5.764 GC heap after
{Heap after GC invocations=6 (full 1):
 PSYoungGen      total 29696K, used 0K [0x00000000eab00000, 0x00000000ece00000, 0x0000000100000000)
  eden space 25600K, 0% used [0x00000000eab00000,0x00000000eab00000,0x00000000ec400000)
  from space 4096K, 0% used [0x00000000ec400000,0x00000000ec400000,0x00000000ec800000)
  to   space 5120K, 0% used [0x00000000ec900000,0x00000000ec900000,0x00000000ece00000)
 ParOldGen       total 68608K, used 10668K [0x00000000c0000000, 0x00000000c4300000, 0x00000000eab00000)
  object space 68608K, 15% used [0x00000000c0000000,0x00000000c0a6b1c0,0x00000000c4300000)
 Metaspace       used 21092K, committed 21504K, reserved 1114112K
  class space    used 2121K, committed 2304K, reserved 1048576K
}
Event: 6.895 GC heap before
{Heap before GC invocations=7 (full 1):
 PSYoungGen      total 29696K, used 25600K [0x00000000eab00000, 0x00000000ece00000, 0x0000000100000000)
  eden space 25600K, 100% used [0x00000000eab00000,0x00000000ec400000,0x00000000ec400000)
  from space 4096K, 0% used [0x00000000ec400000,0x00000000ec400000,0x00000000ec800000)
  to   space 5120K, 0% used [0x00000000ec900000,0x00000000ec900000,0x00000000ece00000)
 ParOldGen       total 68608K, used 10668K [0x00000000c0000000, 0x00000000c4300000, 0x00000000eab00000)
  object space 68608K, 15% used [0x00000000c0000000,0x00000000c0a6b1c0,0x00000000c4300000)
 Metaspace       used 24061K, committed 24640K, reserved 1114112K
  class space    used 2435K, committed 2688K, reserved 1048576K
}
Event: 6.900 GC heap after
{Heap after GC invocations=7 (full 1):
 PSYoungGen      total 29696K, used 4547K [0x00000000eab00000, 0x00000000ecd80000, 0x0000000100000000)
  eden space 25088K, 0% used [0x00000000eab00000,0x00000000eab00000,0x00000000ec380000)
  from space 4608K, 98% used [0x00000000ec900000,0x00000000ecd70e70,0x00000000ecd80000)
  to   space 4608K, 0% used [0x00000000ec480000,0x00000000ec480000,0x00000000ec900000)
 ParOldGen       total 68608K, used 10676K [0x00000000c0000000, 0x00000000c4300000, 0x00000000eab00000)
  object space 68608K, 15% used [0x00000000c0000000,0x00000000c0a6d1c0,0x00000000c4300000)
 Metaspace       used 24061K, committed 24640K, reserved 1114112K
  class space    used 2435K, committed 2688K, reserved 1048576K
}
Event: 7.555 GC heap before
{Heap before GC invocations=8 (full 1):
 PSYoungGen      total 29696K, used 29635K [0x00000000eab00000, 0x00000000ecd80000, 0x0000000100000000)
  eden space 25088K, 100% used [0x00000000eab00000,0x00000000ec380000,0x00000000ec380000)
  from space 4608K, 98% used [0x00000000ec900000,0x00000000ecd70e70,0x00000000ecd80000)
  to   space 4608K, 0% used [0x00000000ec480000,0x00000000ec480000,0x00000000ec900000)
 ParOldGen       total 68608K, used 10676K [0x00000000c0000000, 0x00000000c4300000, 0x00000000eab00000)
  object space 68608K, 15% used [0x00000000c0000000,0x00000000c0a6d1c0,0x00000000c4300000)
 Metaspace       used 26498K, committed 27200K, reserved 1114112K
  class space    used 2692K, committed 3008K, reserved 1048576K
}
Event: 7.558 GC heap after
{Heap after GC invocations=8 (full 1):
 PSYoungGen      total 29184K, used 4587K [0x00000000eab00000, 0x00000000ecf00000, 0x0000000100000000)
  eden space 24576K, 0% used [0x00000000eab00000,0x00000000eab00000,0x00000000ec300000)
  from space 4608K, 99% used [0x00000000ec480000,0x00000000ec8fad28,0x00000000ec900000)
  to   space 6144K, 0% used [0x00000000ec900000,0x00000000ec900000,0x00000000ecf00000)
 ParOldGen       total 68608K, used 11844K [0x00000000c0000000, 0x00000000c4300000, 0x00000000eab00000)
  object space 68608K, 17% used [0x00000000c0000000,0x00000000c0b911c0,0x00000000c4300000)
 Metaspace       used 26498K, committed 27200K, reserved 1114112K
  class space    used 2692K, committed 3008K, reserved 1048576K
}
Event: 8.004 GC heap before
{Heap before GC invocations=9 (full 1):
 PSYoungGen      total 29184K, used 29163K [0x00000000eab00000, 0x00000000ecf00000, 0x0000000100000000)
  eden space 24576K, 100% used [0x00000000eab00000,0x00000000ec300000,0x00000000ec300000)
  from space 4608K, 99% used [0x00000000ec480000,0x00000000ec8fad28,0x00000000ec900000)
  to   space 6144K, 0% used [0x00000000ec900000,0x00000000ec900000,0x00000000ecf00000)
 ParOldGen       total 68608K, used 11844K [0x00000000c0000000, 0x00000000c4300000, 0x00000000eab00000)
  object space 68608K, 17% used [0x00000000c0000000,0x00000000c0b911c0,0x00000000c4300000)
 Metaspace       used 28937K, committed 29568K, reserved 1114112K
  class space    used 2930K, committed 3200K, reserved 1048576K
}
Event: 8.008 GC heap after
{Heap after GC invocations=9 (full 1):
 PSYoungGen      total 28672K, used 6132K [0x00000000eab00000, 0x00000000ed280000, 0x0000000100000000)
  eden space 22528K, 0% used [0x00000000eab00000,0x00000000eab00000,0x00000000ec100000)
  from space 6144K, 99% used [0x00000000ec900000,0x00000000ecefd0a8,0x00000000ecf00000)
  to   space 8192K, 0% used [0x00000000ec100000,0x00000000ec100000,0x00000000ec900000)
 ParOldGen       total 68608K, used 13303K [0x00000000c0000000, 0x00000000c4300000, 0x00000000eab00000)
  object space 68608K, 19% used [0x00000000c0000000,0x00000000c0cfdf50,0x00000000c4300000)
 Metaspace       used 28937K, committed 29568K, reserved 1114112K
  class space    used 2930K, committed 3200K, reserved 1048576K
}
Event: 8.404 GC heap before
{Heap before GC invocations=10 (full 1):
 PSYoungGen      total 28672K, used 28660K [0x00000000eab00000, 0x00000000ed280000, 0x0000000100000000)
  eden space 22528K, 100% used [0x00000000eab00000,0x00000000ec100000,0x00000000ec100000)
  from space 6144K, 99% used [0x00000000ec900000,0x00000000ecefd0a8,0x00000000ecf00000)
  to   space 8192K, 0% used [0x00000000ec100000,0x00000000ec100000,0x00000000ec900000)
 ParOldGen       total 68608K, used 13303K [0x00000000c0000000, 0x00000000c4300000, 0x00000000eab00000)
  object space 68608K, 19% used [0x00000000c0000000,0x00000000c0cfdf50,0x00000000c4300000)
 Metaspace       used 32266K, committed 32960K, reserved 1114112K
  class space    used 3186K, committed 3456K, reserved 1048576K
}
Event: 8.408 GC heap after
{Heap after GC invocations=10 (full 1):
 PSYoungGen      total 26624K, used 4173K [0x00000000eab00000, 0x00000000ecb80000, 0x0000000100000000)
  eden space 22016K, 0% used [0x00000000eab00000,0x00000000eab00000,0x00000000ec080000)
  from space 4608K, 90% used [0x00000000ec100000,0x00000000ec5136a0,0x00000000ec580000)
  to   space 5632K, 0% used [0x00000000ec600000,0x00000000ec600000,0x00000000ecb80000)
 ParOldGen       total 68608K, used 15806K [0x00000000c0000000, 0x00000000c4300000, 0x00000000eab00000)
  object space 68608K, 23% used [0x00000000c0000000,0x00000000c0f6f878,0x00000000c4300000)
 Metaspace       used 32266K, committed 32960K, reserved 1114112K
  class space    used 3186K, committed 3456K, reserved 1048576K
}

Dll operation events (10 events):
Event: 0.010 Loaded shared library c:\Users\Grafin\.vscode\extensions\redhat.java-1.38.0-win32-x64\jre\17.0.13-win32-x86_64\bin\java.dll
Event: 0.456 Loaded shared library c:\Users\Grafin\.vscode\extensions\redhat.java-1.38.0-win32-x64\jre\17.0.13-win32-x86_64\bin\zip.dll
Event: 0.458 Loaded shared library C:\Users\Grafin\.vscode\extensions\redhat.java-1.38.0-win32-x64\jre\17.0.13-win32-x86_64\bin\instrument.dll
Event: 0.538 Loaded shared library C:\Users\Grafin\.vscode\extensions\redhat.java-1.38.0-win32-x64\jre\17.0.13-win32-x86_64\bin\net.dll
Event: 0.539 Loaded shared library C:\Users\Grafin\.vscode\extensions\redhat.java-1.38.0-win32-x64\jre\17.0.13-win32-x86_64\bin\nio.dll
Event: 0.547 Loaded shared library C:\Users\Grafin\.vscode\extensions\redhat.java-1.38.0-win32-x64\jre\17.0.13-win32-x86_64\bin\zip.dll
Event: 0.567 Loaded shared library C:\Users\Grafin\.vscode\extensions\redhat.java-1.38.0-win32-x64\jre\17.0.13-win32-x86_64\bin\jimage.dll
Event: 0.712 Loaded shared library c:\Users\Grafin\.vscode\extensions\redhat.java-1.38.0-win32-x64\jre\17.0.13-win32-x86_64\bin\verify.dll
Event: 3.366 Loaded shared library C:\Users\Grafin\AppData\Roaming\Code\User\globalStorage\redhat.java\1.38.0\config_win\org.eclipse.equinox.launcher\org.eclipse.equinox.launcher.win32.win32.x86_64_1.2.1100.v20240722-2106\eclipse_11904.dll
Event: 6.733 Loaded shared library C:\Users\Grafin\AppData\Local\Temp\jna-2140942229\jna4560970781258139509.dll

Deoptimization events (20 events):
Event: 7.568 Thread 0x0000027a13c1fef0 Uncommon trap: trap_request=0xffffff45 fr.pc=0x0000027a07aece40 relative=0x0000000000000320
Event: 7.568 Thread 0x0000027a13c1fef0 Uncommon trap: reason=unstable_if action=reinterpret pc=0x0000027a07aece40 method=java.lang.AbstractStringBuilder.isLatin1()Z @ 10 c2
Event: 7.568 Thread 0x0000027a13c1fef0 DEOPT PACKING pc=0x0000027a07aece40 sp=0x000000d49a4ee0b0
Event: 7.568 Thread 0x0000027a13c1fef0 DEOPT UNPACKING pc=0x0000027a075866a3 sp=0x000000d49a4ee030 mode 2
Event: 7.568 Thread 0x0000027a13c1fef0 Uncommon trap: trap_request=0xffffff45 fr.pc=0x0000027a07b055dc relative=0x000000000000005c
Event: 7.568 Thread 0x0000027a13c1fef0 Uncommon trap: reason=unstable_if action=reinterpret pc=0x0000027a07b055dc method=java.lang.AbstractStringBuilder.isLatin1()Z @ 10 c2
Event: 7.568 Thread 0x0000027a13c1fef0 DEOPT PACKING pc=0x0000027a07b055dc sp=0x000000d49a4ee090
Event: 7.568 Thread 0x0000027a13c1fef0 DEOPT UNPACKING pc=0x0000027a075866a3 sp=0x000000d49a4ee020 mode 2
Event: 7.571 Thread 0x0000027a13c1fef0 Uncommon trap: trap_request=0xffffff45 fr.pc=0x0000027a07af56b8 relative=0x0000000000000038
Event: 7.571 Thread 0x0000027a13c1fef0 Uncommon trap: reason=unstable_if action=reinterpret pc=0x0000027a07af56b8 method=java.lang.StringLatin1.canEncode(I)Z @ 4 c2
Event: 7.571 Thread 0x0000027a13c1fef0 DEOPT PACKING pc=0x0000027a07af56b8 sp=0x000000d49a4ee040
Event: 7.571 Thread 0x0000027a13c1fef0 DEOPT UNPACKING pc=0x0000027a075866a3 sp=0x000000d49a4edfd0 mode 2
Event: 8.340 Thread 0x0000027a13c1fef0 Uncommon trap: trap_request=0xffffff45 fr.pc=0x0000027a07c77614 relative=0x0000000000000114
Event: 8.340 Thread 0x0000027a13c1fef0 Uncommon trap: reason=unstable_if action=reinterpret pc=0x0000027a07c77614 method=org.lombokweb.asm.ByteVector.putByteArray([BII)Lorg/lombokweb/asm/ByteVector; @ 20 c2
Event: 8.340 Thread 0x0000027a13c1fef0 DEOPT PACKING pc=0x0000027a07c77614 sp=0x000000d49a4f2a20
Event: 8.340 Thread 0x0000027a13c1fef0 DEOPT UNPACKING pc=0x0000027a075866a3 sp=0x000000d49a4f29f0 mode 2
Event: 8.340 Thread 0x0000027a13c1fef0 Uncommon trap: trap_request=0xffffff45 fr.pc=0x0000027a07c76fd4 relative=0x0000000000000334
Event: 8.340 Thread 0x0000027a13c1fef0 Uncommon trap: reason=unstable_if action=reinterpret pc=0x0000027a07c76fd4 method=org.lombokweb.asm.Label.resolve([BLorg/lombokweb/asm/ByteVector;I)Z @ 81 c2
Event: 8.341 Thread 0x0000027a13c1fef0 DEOPT PACKING pc=0x0000027a07c76fd4 sp=0x000000d49a4f2aa0
Event: 8.341 Thread 0x0000027a13c1fef0 DEOPT UNPACKING pc=0x0000027a075866a3 sp=0x000000d49a4f29a8 mode 2

Classes loaded (20 events):
Event: 7.846 Loading class java/util/zip/GZIPInputStream
Event: 7.846 Loading class java/util/zip/GZIPInputStream done
Event: 7.874 Loading class java/io/StringReader
Event: 7.874 Loading class java/io/StringReader done
Event: 7.878 Loading class java/net/SocketTimeoutException
Event: 7.878 Loading class java/io/InterruptedIOException
Event: 7.878 Loading class java/io/InterruptedIOException done
Event: 7.878 Loading class java/net/SocketTimeoutException done
Event: 7.878 Loading class java/net/SocketException
Event: 7.878 Loading class java/net/SocketException done
Event: 7.878 Loading class java/net/UnknownHostException
Event: 7.878 Loading class java/net/UnknownHostException done
Event: 7.878 Loading class java/net/ProtocolException
Event: 7.878 Loading class java/net/ProtocolException done
Event: 7.910 Loading class java/lang/ThreadLocal$SuppliedThreadLocal
Event: 7.910 Loading class java/lang/ThreadLocal$SuppliedThreadLocal done
Event: 7.919 Loading class java/io/FileWriter
Event: 7.919 Loading class java/io/FileWriter done
Event: 8.023 Loading class java/lang/NegativeArraySizeException
Event: 8.023 Loading class java/lang/NegativeArraySizeException done

Classes unloaded (0 events):
No events

Classes redefined (0 events):
No events

Internal exceptions (20 events):
Event: 6.886 Thread 0x0000027a13c1fef0 Exception <a 'java/lang/NoSuchMethodError'{0x00000000ec39a238}: 'java.lang.Object java.lang.invoke.DirectMethodHandle$Holder.newInvokeSpecial(java.lang.Object, java.lang.Object, java.lang.Object, long)'> (0x00000000ec39a238) 
thrown [s\src\hotspot\share\interpreter\linkResolver.cpp, line 759]
Event: 6.886 Thread 0x0000027a13c1fef0 Exception <a 'java/lang/NoSuchMethodError'{0x00000000ec39e7d8}: 'java.lang.Object java.lang.invoke.DirectMethodHandle$Holder.invokeSpecial(java.lang.Object, java.lang.Object, java.lang.Object, java.lang.Object, long)'> (0x00000000ec39e7d8) 
thrown [s\src\hotspot\share\interpreter\linkResolver.cpp, line 759]
Event: 6.886 Thread 0x0000027a13c1fef0 Exception <a 'java/lang/NoSuchMethodError'{0x00000000ec3a2650}: 'java.lang.Object java.lang.invoke.Invokers$Holder.linkToTargetMethod(java.lang.Object, java.lang.Object, long, java.lang.Object)'> (0x00000000ec3a2650) 
thrown [s\src\hotspot\share\interpreter\linkResolver.cpp, line 759]
Event: 6.903 Thread 0x0000027a13c1fef0 Exception <a 'java/lang/NoSuchMethodError'{0x00000000eab1cc48}: 'int java.lang.invoke.DirectMethodHandle$Holder.invokeStaticInit(java.lang.Object, java.lang.Object, java.lang.Object)'> (0x00000000eab1cc48) 
thrown [s\src\hotspot\share\interpreter\linkResolver.cpp, line 759]
Event: 6.925 Thread 0x0000027a13c1fef0 Exception <a 'java/lang/IncompatibleClassChangeError'{0x00000000eac116c8}: Found class java.lang.Object, but interface was expected> (0x00000000eac116c8) 
thrown [s\src\hotspot\share\interpreter\linkResolver.cpp, line 826]
Event: 6.999 Thread 0x0000027a13c1fef0 Exception <a 'java/lang/NoSuchMethodError'{0x00000000ead2f0e0}: 'java.lang.Object java.lang.invoke.DirectMethodHandle$Holder.invokeSpecial(java.lang.Object, java.lang.Object, java.lang.Object, int, java.lang.Object, java.lang.Object)'> (0x00000000ead2f0e0) 
thrown [s\src\hotspot\share\interpreter\linkResolver.cpp, line 759]
Event: 7.000 Thread 0x0000027a13c1fef0 Exception <a 'java/lang/NoSuchMethodError'{0x00000000ead377d8}: 'java.lang.Object java.lang.invoke.DirectMethodHandle$Holder.newInvokeSpecial(java.lang.Object, java.lang.Object, java.lang.Object, int, java.lang.Object)'> (0x00000000ead377d8) 
thrown [s\src\hotspot\share\interpreter\linkResolver.cpp, line 759]
Event: 7.001 Thread 0x0000027a13c1fef0 Exception <a 'java/lang/NoSuchMethodError'{0x00000000ead3bc30}: 'java.lang.Object java.lang.invoke.DirectMethodHandle$Holder.invokeSpecial(java.lang.Object, java.lang.Object, java.lang.Object, java.lang.Object, int, java.lang.Object)'> (0x00000000ead3bc30) 
thrown [s\src\hotspot\share\interpreter\linkResolver.cpp, line 759]
Event: 7.002 Thread 0x0000027a146d7e70 Exception <a 'java/lang/NoSuchMethodError'{0x00000000eab630e0}: 'java.lang.Object java.lang.invoke.DirectMethodHandle$Holder.invokeSpecial(java.lang.Object, java.lang.Object, int, java.lang.Object, java.lang.Object)'> (0x00000000eab630e0) 
thrown [s\src\hotspot\share\interpreter\linkResolver.cpp, line 759]
Event: 7.308 Thread 0x0000027a13c1fef0 Exception <a 'java/lang/NoSuchMethodError'{0x00000000eb95cbd8}: 'java.lang.Object java.lang.invoke.Invokers$Holder.linkToTargetMethod(java.lang.Object, long, java.lang.Object, java.lang.Object)'> (0x00000000eb95cbd8) 
thrown [s\src\hotspot\share\interpreter\linkResolver.cpp, line 759]
Event: 7.434 Thread 0x0000027a13c1fef0 Exception <a 'java/io/FileNotFoundException'{0x00000000ec10fd38}> (0x00000000ec10fd38) 
thrown [s\src\hotspot\share\prims\jni.cpp, line 516]
Event: 7.435 Thread 0x0000027a13c1fef0 Exception <a 'java/lang/NoSuchMethodError'{0x00000000ec119058}: 'java.lang.Object java.lang.invoke.DirectMethodHandle$Holder.newInvokeSpecial(java.lang.Object, int, java.lang.Object, java.lang.Object)'> (0x00000000ec119058) 
thrown [s\src\hotspot\share\interpreter\linkResolver.cpp, line 759]
Event: 7.719 Thread 0x0000027a13c1fef0 Exception <a 'java/lang/NoSuchMethodError'{0x00000000eb091bb8}: 'void java.lang.invoke.DirectMethodHandle$Holder.invokeSpecial(java.lang.Object, java.lang.Object, java.lang.Object, int)'> (0x00000000eb091bb8) 
thrown [s\src\hotspot\share\interpreter\linkResolver.cpp, line 759]
Event: 7.809 Thread 0x0000027a13c1fef0 Exception <a 'java/lang/NoSuchMethodError'{0x00000000eb557dc0}: 'double java.lang.invoke.DirectMethodHandle$Holder.invokeStatic(java.lang.Object, java.lang.Object)'> (0x00000000eb557dc0) 
thrown [s\src\hotspot\share\interpreter\linkResolver.cpp, line 759]
Event: 7.809 Thread 0x0000027a13c1fef0 Exception <a 'java/lang/NoSuchMethodError'{0x00000000eb55b6d8}: 'double java.lang.invoke.DirectMethodHandle$Holder.invokeStaticInit(java.lang.Object, java.lang.Object)'> (0x00000000eb55b6d8) 
thrown [s\src\hotspot\share\interpreter\linkResolver.cpp, line 759]
Event: 8.026 Thread 0x0000027a13c1fef0 Exception <a 'java/io/FileNotFoundException'{0x00000000eae52bb8}> (0x00000000eae52bb8) 
thrown [s\src\hotspot\share\prims\jni.cpp, line 516]
Event: 8.026 Thread 0x0000027a13c1fef0 Exception <a 'java/io/FileNotFoundException'{0x00000000eae539e0}> (0x00000000eae539e0) 
thrown [s\src\hotspot\share\prims\jni.cpp, line 516]
Event: 8.026 Thread 0x0000027a13c1fef0 Exception <a 'java/io/FileNotFoundException'{0x00000000eae54950}> (0x00000000eae54950) 
thrown [s\src\hotspot\share\prims\jni.cpp, line 516]
Event: 8.340 Thread 0x0000027a13c1fef0 Implicit null exception at 0x0000027a07c77548 to 0x0000027a07c775f8
Event: 8.480 Thread 0x0000027a13c1fef0 Exception <a 'java/io/FileNotFoundException'{0x00000000ebc20770}> (0x00000000ebc20770) 
thrown [s\src\hotspot\share\prims\jni.cpp, line 516]

VM Operations (20 events):
Event: 6.740 Executing VM operation: HandshakeAllThreads
Event: 6.740 Executing VM operation: HandshakeAllThreads done
Event: 6.895 Executing VM operation: ParallelGCFailedAllocation
Event: 6.900 Executing VM operation: ParallelGCFailedAllocation done
Event: 7.001 Executing VM operation: HandshakeAllThreads
Event: 7.001 Executing VM operation: HandshakeAllThreads done
Event: 7.101 Executing VM operation: HandshakeAllThreads
Event: 7.101 Executing VM operation: HandshakeAllThreads done
Event: 7.152 Executing VM operation: HandshakeAllThreads
Event: 7.152 Executing VM operation: HandshakeAllThreads done
Event: 7.156 Executing VM operation: HandshakeAllThreads
Event: 7.156 Executing VM operation: HandshakeAllThreads done
Event: 7.422 Executing VM operation: ICBufferFull
Event: 7.423 Executing VM operation: ICBufferFull done
Event: 7.555 Executing VM operation: ParallelGCFailedAllocation
Event: 7.558 Executing VM operation: ParallelGCFailedAllocation done
Event: 8.004 Executing VM operation: ParallelGCFailedAllocation
Event: 8.008 Executing VM operation: ParallelGCFailedAllocation done
Event: 8.403 Executing VM operation: ParallelGCFailedAllocation
Event: 8.408 Executing VM operation: ParallelGCFailedAllocation done

Memory protections (0 events):
No events

Nmethod flushes (0 events):
No events

Events (20 events):
Event: 3.360 Thread 0x0000027a781ebfb0 Thread added: 0x0000027a13ac8390
Event: 3.431 Thread 0x0000027a13ac8390 Thread added: 0x0000027a13c3dda0
Event: 3.460 Thread 0x0000027a781ebfb0 Thread added: 0x0000027a13c1fef0
Event: 3.652 Thread 0x0000027a13af5ec0 Thread exited: 0x0000027a13af5ec0
Event: 3.806 Thread 0x0000027a13139560 Thread added: 0x0000027a13bc6da0
Event: 4.148 Thread 0x0000027a13c1fef0 Thread added: 0x0000027a142a9170
Event: 4.537 Thread 0x0000027a13bc6da0 Thread exited: 0x0000027a13bc6da0
Event: 4.550 Thread 0x0000027a13c1fef0 Thread added: 0x0000027a146d92b0
Event: 4.861 Thread 0x0000027a13c1fef0 Thread added: 0x0000027a146d7960
Event: 5.505 Thread 0x0000027a13139560 Thread added: 0x0000027a14273780
Event: 5.688 Thread 0x0000027a13c1fef0 Thread added: 0x0000027a146d6f40
Event: 5.817 Thread 0x0000027a14273780 Thread exited: 0x0000027a14273780
Event: 6.373 Thread 0x0000027a13139560 Thread added: 0x0000027a145789a0
Event: 6.752 Thread 0x0000027a13c1fef0 Thread added: 0x0000027a146d97c0
Event: 6.893 Thread 0x0000027a13c1fef0 Thread added: 0x0000027a146d7e70
Event: 7.003 Thread 0x0000027a13c1fef0 Thread added: 0x0000027a146d9cd0
Event: 7.097 Thread 0x0000027a145789a0 Thread exited: 0x0000027a145789a0
Event: 7.870 Thread 0x0000027a13139560 Thread added: 0x0000027a140e4390
Event: 8.227 Thread 0x0000027a140e4390 Thread exited: 0x0000027a140e4390
Event: 8.509 Thread 0x0000027a13139560 Thread added: 0x0000027a140e4390


Dynamic libraries:
0x00007ff6efde0000 - 0x00007ff6efdee000 	c:\Users\Grafin\.vscode\extensions\redhat.java-1.38.0-win32-x64\jre\17.0.13-win32-x86_64\bin\java.exe
0x00007ffbdd3d0000 - 0x00007ffbdd5c8000 	C:\WINDOWS\SYSTEM32\ntdll.dll
0x00007ffbdb4b0000 - 0x00007ffbdb56f000 	C:\WINDOWS\System32\KERNEL32.DLL
0x00007ffbdab10000 - 0x00007ffbdade2000 	C:\WINDOWS\System32\KERNELBASE.dll
0x00007ffbdb310000 - 0x00007ffbdb410000 	C:\WINDOWS\System32\ucrtbase.dll
0x00007ffbd6580000 - 0x00007ffbd6597000 	c:\Users\Grafin\.vscode\extensions\redhat.java-1.38.0-win32-x64\jre\17.0.13-win32-x86_64\bin\jli.dll
0x00007ffbdbf70000 - 0x00007ffbdc111000 	C:\WINDOWS\System32\USER32.dll
0x00007ffbdb0e0000 - 0x00007ffbdb102000 	C:\WINDOWS\System32\win32u.dll
0x00007ffbdd280000 - 0x00007ffbdd2ab000 	C:\WINDOWS\System32\GDI32.dll
0x00007ffbdadf0000 - 0x00007ffbdaeff000 	C:\WINDOWS\System32\gdi32full.dll
0x00007ffbdb270000 - 0x00007ffbdb30d000 	C:\WINDOWS\System32\msvcp_win.dll
0x00007ffbd6550000 - 0x00007ffbd656e000 	c:\Users\Grafin\.vscode\extensions\redhat.java-1.38.0-win32-x64\jre\17.0.13-win32-x86_64\bin\VCRUNTIME140.dll
0x00007ffbc6080000 - 0x00007ffbc631a000 	C:\WINDOWS\WinSxS\amd64_microsoft.windows.common-controls_6595b64144ccf1df_6.0.19041.1110_none_60b5254171f9507e\COMCTL32.dll
0x00007ffbdccc0000 - 0x00007ffbdcd5e000 	C:\WINDOWS\System32\msvcrt.dll
0x00007ffbdb9d0000 - 0x00007ffbdba02000 	C:\WINDOWS\System32\IMM32.DLL
0x00007ffbd6540000 - 0x00007ffbd654c000 	c:\Users\Grafin\.vscode\extensions\redhat.java-1.38.0-win32-x64\jre\17.0.13-win32-x86_64\bin\vcruntime140_1.dll
0x00007ffbb2d80000 - 0x00007ffbb2e0d000 	c:\Users\Grafin\.vscode\extensions\redhat.java-1.38.0-win32-x64\jre\17.0.13-win32-x86_64\bin\msvcp140.dll
0x00007ffb7b810000 - 0x00007ffb7c47b000 	c:\Users\Grafin\.vscode\extensions\redhat.java-1.38.0-win32-x64\jre\17.0.13-win32-x86_64\bin\server\jvm.dll
0x00007ffbdb570000 - 0x00007ffbdb61e000 	C:\WINDOWS\System32\ADVAPI32.dll
0x00007ffbdb410000 - 0x00007ffbdb4ac000 	C:\WINDOWS\System32\sechost.dll
0x00007ffbdc2a0000 - 0x00007ffbdc3c5000 	C:\WINDOWS\System32\RPCRT4.dll
0x00007ffbdc500000 - 0x00007ffbdc56b000 	C:\WINDOWS\System32\WS2_32.dll
0x00007ffbda880000 - 0x00007ffbda8cb000 	C:\WINDOWS\SYSTEM32\POWRPROF.dll
0x00007ffbc7d30000 - 0x00007ffbc7d57000 	C:\WINDOWS\SYSTEM32\WINMM.dll
0x00007ffbc98e0000 - 0x00007ffbc98ea000 	C:\WINDOWS\SYSTEM32\VERSION.dll
0x00007ffbda860000 - 0x00007ffbda872000 	C:\WINDOWS\SYSTEM32\UMPDC.dll
0x00007ffbd8880000 - 0x00007ffbd8892000 	C:\WINDOWS\SYSTEM32\kernel.appcore.dll
0x00007ffbd1d80000 - 0x00007ffbd1d8a000 	c:\Users\Grafin\.vscode\extensions\redhat.java-1.38.0-win32-x64\jre\17.0.13-win32-x86_64\bin\jimage.dll
0x00007ffbc8ab0000 - 0x00007ffbc8c94000 	C:\WINDOWS\SYSTEM32\DBGHELP.DLL
0x00007ffbc7cc0000 - 0x00007ffbc7cf5000 	C:\WINDOWS\SYSTEM32\dbgcore.DLL
0x00007ffbdafe0000 - 0x00007ffbdb062000 	C:\WINDOWS\System32\bcryptPrimitives.dll
0x00007ffbd1d70000 - 0x00007ffbd1d7e000 	c:\Users\Grafin\.vscode\extensions\redhat.java-1.38.0-win32-x64\jre\17.0.13-win32-x86_64\bin\instrument.dll
0x00007ffbce3b0000 - 0x00007ffbce3d5000 	c:\Users\Grafin\.vscode\extensions\redhat.java-1.38.0-win32-x64\jre\17.0.13-win32-x86_64\bin\java.dll
0x00007ffbce390000 - 0x00007ffbce3a8000 	c:\Users\Grafin\.vscode\extensions\redhat.java-1.38.0-win32-x64\jre\17.0.13-win32-x86_64\bin\zip.dll
0x00007ffbdc570000 - 0x00007ffbdccb4000 	C:\WINDOWS\System32\SHELL32.dll
0x00007ffbd8b60000 - 0x00007ffbd92f2000 	C:\WINDOWS\SYSTEM32\windows.storage.dll
0x00007ffbdbc10000 - 0x00007ffbdbf65000 	C:\WINDOWS\System32\combase.dll
0x00007ffbda360000 - 0x00007ffbda390000 	C:\WINDOWS\SYSTEM32\Wldp.dll
0x00007ffbdc1d0000 - 0x00007ffbdc27d000 	C:\WINDOWS\System32\SHCORE.dll
0x00007ffbdb830000 - 0x00007ffbdb885000 	C:\WINDOWS\System32\shlwapi.dll
0x00007ffbdaa00000 - 0x00007ffbdaa1f000 	C:\WINDOWS\SYSTEM32\profapi.dll
0x00007ffbcba60000 - 0x00007ffbcba79000 	C:\Users\Grafin\.vscode\extensions\redhat.java-1.38.0-win32-x64\jre\17.0.13-win32-x86_64\bin\net.dll
0x00007ffbd3600000 - 0x00007ffbd370c000 	C:\WINDOWS\SYSTEM32\WINHTTP.dll
0x00007ffbda140000 - 0x00007ffbda1aa000 	C:\WINDOWS\system32\mswsock.dll
0x00007ffbcafc0000 - 0x00007ffbcafd6000 	C:\Users\Grafin\.vscode\extensions\redhat.java-1.38.0-win32-x64\jre\17.0.13-win32-x86_64\bin\nio.dll
0x00007ffbd1d60000 - 0x00007ffbd1d70000 	c:\Users\Grafin\.vscode\extensions\redhat.java-1.38.0-win32-x64\jre\17.0.13-win32-x86_64\bin\verify.dll
0x00007ffbb4e30000 - 0x00007ffbb4e75000 	C:\Users\Grafin\AppData\Roaming\Code\User\globalStorage\redhat.java\1.38.0\config_win\org.eclipse.equinox.launcher\org.eclipse.equinox.launcher.win32.win32.x86_64_1.2.1100.v20240722-2106\eclipse_11904.dll
0x00007ffbdb890000 - 0x00007ffbdb9ba000 	C:\WINDOWS\System32\ole32.dll
0x00007ffbda3a0000 - 0x00007ffbda3b8000 	C:\WINDOWS\SYSTEM32\CRYPTSP.dll
0x00007ffbd9a80000 - 0x00007ffbd9ab4000 	C:\WINDOWS\system32\rsaenh.dll
0x00007ffbdaf00000 - 0x00007ffbdaf27000 	C:\WINDOWS\System32\bcrypt.dll
0x00007ffbda9c0000 - 0x00007ffbda9ee000 	C:\WINDOWS\SYSTEM32\USERENV.dll
0x00007ffbda2d0000 - 0x00007ffbda2dc000 	C:\WINDOWS\SYSTEM32\CRYPTBASE.dll
0x00007ffbd9e50000 - 0x00007ffbd9e8b000 	C:\WINDOWS\SYSTEM32\IPHLPAPI.DLL
0x00007ffbdb9c0000 - 0x00007ffbdb9c8000 	C:\WINDOWS\System32\NSI.dll
0x00007ffbd4e70000 - 0x00007ffbd4e87000 	C:\WINDOWS\SYSTEM32\dhcpcsvc6.DLL
0x00007ffbd4e30000 - 0x00007ffbd4e4d000 	C:\WINDOWS\SYSTEM32\dhcpcsvc.DLL
0x00007ffbd9e90000 - 0x00007ffbd9f5a000 	C:\WINDOWS\SYSTEM32\DNSAPI.dll
0x00007ffbb3000000 - 0x00007ffbb3049000 	C:\Users\Grafin\AppData\Local\Temp\jna-2140942229\jna4560970781258139509.dll
0x00007ffbdc290000 - 0x00007ffbdc298000 	C:\WINDOWS\System32\PSAPI.DLL

dbghelp: loaded successfully - version: 4.0.5 - missing functions: none
symbol engine: initialized successfully - sym options: 0x614 - pdb path: .;c:\Users\Grafin\.vscode\extensions\redhat.java-1.38.0-win32-x64\jre\17.0.13-win32-x86_64\bin;C:\WINDOWS\SYSTEM32;C:\WINDOWS\WinSxS\amd64_microsoft.windows.common-controls_6595b64144ccf1df_6.0.19041.1110_none_60b5254171f9507e;c:\Users\Grafin\.vscode\extensions\redhat.java-1.38.0-win32-x64\jre\17.0.13-win32-x86_64\bin\server;C:\Users\Grafin\AppData\Roaming\Code\User\globalStorage\redhat.java\1.38.0\config_win\org.eclipse.equinox.launcher\org.eclipse.equinox.launcher.win32.win32.x86_64_1.2.1100.v20240722-2106;C:\Users\Grafin\AppData\Local\Temp\jna-2140942229

VM Arguments:
jvm_args: --add-modules=ALL-SYSTEM --add-opens=java.base/java.util=ALL-UNNAMED --add-opens=java.base/java.lang=ALL-UNNAMED --add-opens=java.base/sun.nio.fs=ALL-UNNAMED -Declipse.application=org.eclipse.jdt.ls.core.id1 -Dosgi.bundles.defaultStartLevel=4 -Declipse.product=org.eclipse.jdt.ls.core.product -Djava.import.generatesMetadataFilesAtProjectRoot=false -DDetectVMInstallationsJob.disabled=true -Dfile.encoding=utf8 -XX:+UseParallelGC -XX:GCTimeRatio=4 -XX:AdaptiveSizePolicyWeight=90 -Dsun.zip.disableMemoryMapping=true -Xmx1G -Xms100m -Xlog:disable -javaagent:c:\Users\Grafin\.vscode\extensions\redhat.java-1.38.0-win32-x64\lombok\lombok-1.18.34.jar -XX:+HeapDumpOnOutOfMemoryError -XX:HeapDumpPath=c:\Users\Grafin\AppData\Roaming\Code\User\workspaceStorage\d75267737fc2299de4f02e53e9170fb4\redhat.java -Daether.dependencyCollector.impl=bf 
java_command: c:\Users\Grafin\.vscode\extensions\redhat.java-1.38.0-win32-x64\server\plugins\org.eclipse.equinox.launcher_1.6.900.v20240613-2009.jar -configuration c:\Users\Grafin\AppData\Roaming\Code\User\globalStorage\redhat.java\1.38.0\config_win -data c:\Users\Grafin\AppData\Roaming\Code\User\workspaceStorage\d75267737fc2299de4f02e53e9170fb4\redhat.java\jdt_ws --pipe=\\.\pipe\lsp-8779eb77ffd1a169e8ba3f5efed1c93b-sock
java_class_path (initial): c:\Users\Grafin\.vscode\extensions\redhat.java-1.38.0-win32-x64\server\plugins\org.eclipse.equinox.launcher_1.6.900.v20240613-2009.jar
Launcher Type: SUN_STANDARD

[Global flags]
    uintx AdaptiveSizePolicyWeight                 = 90                                        {product} {command line}
     intx CICompilerCount                          = 3                                         {product} {ergonomic}
    uintx GCTimeRatio                              = 4                                         {product} {command line}
     bool HeapDumpOnOutOfMemoryError               = true                                   {manageable} {command line}
    ccstr HeapDumpPath                             = c:\Users\Grafin\AppData\Roaming\Code\User\workspaceStorage\d75267737fc2299de4f02e53e9170fb4\redhat.java         {manageable} {command line}
   size_t InitialHeapSize                          = 104857600                                 {product} {command line}
   size_t MaxHeapSize                              = 1073741824                                {product} {command line}
   size_t MaxNewSize                               = 357564416                                 {product} {ergonomic}
   size_t MinHeapDeltaBytes                        = 524288                                    {product} {ergonomic}
   size_t MinHeapSize                              = 104857600                                 {product} {command line}
   size_t NewSize                                  = 34603008                                  {product} {ergonomic}
    uintx NonNMethodCodeHeapSize                   = 5832780                                {pd product} {ergonomic}
    uintx NonProfiledCodeHeapSize                  = 122912730                              {pd product} {ergonomic}
   size_t OldSize                                  = 70254592                                  {product} {ergonomic}
    uintx ProfiledCodeHeapSize                     = 122912730                              {pd product} {ergonomic}
    uintx ReservedCodeCacheSize                    = 251658240                              {pd product} {ergonomic}
     bool SegmentedCodeCache                       = true                                      {product} {ergonomic}
   size_t SoftMaxHeapSize                          = 1073741824                             {manageable} {ergonomic}
     bool UseCompressedClassPointers               = true                           {product lp64_product} {ergonomic}
     bool UseCompressedOops                        = true                           {product lp64_product} {ergonomic}
     bool UseLargePagesIndividualAllocation        = false                                  {pd product} {ergonomic}
     bool UseParallelGC                            = true                                      {product} {command line}

Logging:
Log output configuration:
 #0: stdout all=off uptime,level,tags
 #1: stderr all=off uptime,level,tags

Environment Variables:
JAVA_HOME=C:\Program Files\Java\jdk-17
PATH=C:\Program Files\Common Files\Oracle\Java\javapath;C:\WINDOWS\system32;C:\WINDOWS;C:\WINDOWS\System32\Wbem;C:\WINDOWS\System32\WindowsPowerShell\v1.0\;C:\WINDOWS\System32\OpenSSH\;C:\Program Files\dotnet\;C:\Program Files\MySQL\MySQL Server 8.0\bin;C:\Program Files\MySQL\MySQL Shell 8.0\bin;C:\Program Files (x86)\Git\cmd;C:\ProgramData\ComposerSetup\bin;C:\xampp\php;C:\php-8.2.21-Win32-vs16-x64;C:\Program Files\flutter_windows_3.22.3-stable\flutter\bin;C:\Program Files\flutter_windows_3.22.3-stable\flutter\bin\cache\dart-sdk;C:\Program Files\mysql-9.0.1-winx64\bin;C:\Users\Grafin\AppData\Roaming\nvm;C:\Program Files\nodejs;C:\Program Files\Java\jdk-17;C:\ProgramData\chocolatey\bin;C:\Program Files\nodejs;C:\Users\Grafin\AppData\Local\Android\Sdk;C:\Users\Grafin\AppData\Local\Android\Sdk\cmdline-tools\latest\bin;C:\Users\Grafin\AppData\Local\Android\Sdk\platform-tools;C:\Users\Grafin\AppData\Local\Android\Sdk\platform-tools;C:\Users\Grafin\AppData\Local\Android\Sdk\tools;C:\Users\Grafin\AppData\Local\Android\Sdkbuild-tools\34.0.0;C:\php;C:\Program Files\Microsoft SQL Server\150\Tools\Binn\;C:\Program Files\Microsoft SQL Server\Client SDK\ODBC\170\Tools\Binn\;C:\Program Files\MySQL\MySQL Shell 8.0\bin\;C:\Users\Grafin\.dotnet\tools;C:\xampp\php;C:\Users\Grafin\AppData\Local\ComposerSetup\bin;C:\Users\Grafin\AppData\Roaming\Composer\vendor\bin;C:\Users\Grafin\AppData\Roaming\npm;C:\Users\Grafin\AppData\Roaming\nvm;C:\Program Files\nodejs;C:\Program Files\Java\jdk-20\bin;C:\Users\Grafin\AppData\Local\Android\Sdk;C:\Users\Grafin\AppData\Local\Programs\Microsoft VS Code\bin;
USERNAME=Grafin
OS=Windows_NT
PROCESSOR_IDENTIFIER=Intel64 Family 6 Model 58 Stepping 9, GenuineIntel
TMP=C:\Users\Grafin\AppData\Local\Temp
TEMP=C:\Users\Grafin\AppData\Local\Temp



Periodic native trim disabled


---------------  S Y S T E M  ---------------

OS:
 Windows 10 , 64 bit Build 19041 (10.0.19041.2364)
OS uptime: 0 days 0:49 hours
Hyper-V role detected

CPU: total 4 (initial active 4) (4 cores per cpu, 1 threads per core) family 6 model 58 stepping 9 microcode 0x21, cx8, cmov, fxsr, mmx, sse, sse2, sse3, ssse3, sse4.1, sse4.2, popcnt, tsc, tscinvbit, avx, aes, erms, clmul, vzeroupper, clflush, hv
Processor Information for all 4 processors :
  Max Mhz: 3301, Current Mhz: 3301, Mhz Limit: 3301

Memory: 4k page, system-wide physical 12181M (1863M free)
TotalPageFile size 14181M (AvailPageFile size 0M)
current process WorkingSet (physical memory assigned to process): 168M, peak: 168M
current process commit charge ("private bytes"): 254M, peak: 254M

vm_info: OpenJDK 64-Bit Server VM (17.0.13+11) for windows-amd64 JRE (17.0.13+11), built on Oct 16 2024 00:10:08 by "admin" with MS VC++ 17.7 (VS2022)

END.
